<?xml version="1.0" encoding="UTF-8"?>
<!-- Generated by org.testng.reporters.JUnitXMLReporter -->
<testsuite ignored="0" hostname="Jays-Mac-mini-3.local" failures="0" tests="4" name="Test Class2" time="269.358" errors="0" timestamp="2024-05-10T10:50:50 IST">
  <testcase classname="testPackage.FieldAssetsTest" name="createField" time="0.0">
    <skipped/>
  </testcase> <!-- createField -->
  <testcase classname="testPackage.FieldAssetsTest" name="searchFleld" time="0.0">
    <skipped/>
  </testcase> <!-- searchFleld -->
  <testcase classname="testPackage.FieldAssetsTest" name="editField" time="0.0">
    <skipped/>
  </testcase> <!-- editField -->
  <testcase classname="testPackage.FieldAssetsTest" name="deleteField" time="0.0">
    <skipped/>
  </testcase> <!-- deleteField -->
</testsuite> <!-- Test Class2 -->
