<?xml version="1.0" encoding="UTF-8"?>
<!-- Generated by org.testng.reporters.JUnitXMLReporter -->
<testsuite ignored="2" hostname="Jays-Mac-mini-3.local" failures="0" tests="0" time="0.919" errors="0" timestamp="2024-03-18T17:49:26 IST">
  <testcase classname="testPackage.SubLeaseAssetsTest" name="createLease" time="0.0">
    <ignored/>
  </testcase> <!-- createLease -->
  <testcase classname="testPackage.SubLeaseAssetsTest" name="searchSublease" time="0.0">
    <ignored/>
  </testcase> <!-- searchSublease -->
</testsuite>
