<?xml version="1.0" encoding="UTF-8"?>
<!-- Generated by org.testng.reporters.JUnitXMLReporter -->
<testsuite ignored="0" hostname="Jays-Mac-mini-3.local" failures="4" tests="16" name="LoginTest" time="4.072" errors="0" timestamp="2024-05-01T11:34:05 IST">
  <testcase classname="testPackage.LoginTest" name="loginWithUnformattedEmail" time="0.029">
    <skipped/>
  </testcase> <!-- loginWithUnformattedEmail -->
  <testcase classname="testPackage.LoginTest" name="loginWithUnformattedEmail" time="0.007">
    <skipped/>
  </testcase> <!-- loginWithUnformattedEmail -->
  <testcase classname="testPackage.LoginTest" name="loginWithUnformattedEmail" time="0.007">
    <skipped/>
  </testcase> <!-- loginWithUnformattedEmail -->
  <testcase classname="testPackage.LoginTest" name="loginWithUnformattedEmail" time="0.024">
    <failure type="java.lang.NullPointerException" message="Cannot invoke &amp;quot;org.openqa.selenium.SearchContext.findElement(org.openqa.selenium.By)&amp;quot; because &amp;quot;this.searchContext&amp;quot; is null">
      <![CDATA[java.lang.NullPointerException: Cannot invoke "org.openqa.selenium.SearchContext.findElement(org.openqa.selenium.By)" because "this.searchContext" is null
at org.openqa.selenium.support.pagefactory.DefaultElementLocator.findElement(DefaultElementLocator.java:68)
at org.openqa.selenium.support.pagefactory.internal.LocatingElementHandler.invoke(LocatingElementHandler.java:38)
at jdk.proxy2/jdk.proxy2.$Proxy21.isDisplayed(Unknown Source)
at pageClass.LoginPage.enterEmail(LoginPage.java:55)
at testPackage.LoginTest.loginWithUnformattedEmail(LoginTest.java:49)
at java.base/java.util.concurrent.ThreadPoolExecutor.runWorker(ThreadPoolExecutor.java:1136)
at java.base/java.util.concurrent.ThreadPoolExecutor$Worker.run(ThreadPoolExecutor.java:635)
at java.base/java.lang.Thread.run(Thread.java:833)
... Removed 12 stack frames]]>
    </failure>
  </testcase> <!-- loginWithUnformattedEmail -->
  <testcase classname="testPackage.LoginTest" name="loginWithLessThenFiveCharPassword" time="0.004">
    <skipped/>
  </testcase> <!-- loginWithLessThenFiveCharPassword -->
  <testcase classname="testPackage.LoginTest" name="loginWithLessThenFiveCharPassword" time="0.002">
    <skipped/>
  </testcase> <!-- loginWithLessThenFiveCharPassword -->
  <testcase classname="testPackage.LoginTest" name="loginWithLessThenFiveCharPassword" time="0.016">
    <skipped/>
  </testcase> <!-- loginWithLessThenFiveCharPassword -->
  <testcase classname="testPackage.LoginTest" name="loginWithLessThenFiveCharPassword" time="0.009">
    <failure type="java.lang.NullPointerException" message="Cannot invoke &amp;quot;org.openqa.selenium.SearchContext.findElement(org.openqa.selenium.By)&amp;quot; because &amp;quot;this.searchContext&amp;quot; is null">
      <![CDATA[java.lang.NullPointerException: Cannot invoke "org.openqa.selenium.SearchContext.findElement(org.openqa.selenium.By)" because "this.searchContext" is null
at org.openqa.selenium.support.pagefactory.DefaultElementLocator.findElement(DefaultElementLocator.java:68)
at org.openqa.selenium.support.pagefactory.internal.LocatingElementHandler.invoke(LocatingElementHandler.java:38)
at jdk.proxy2/jdk.proxy2.$Proxy21.isDisplayed(Unknown Source)
at pageClass.LoginPage.enterEmail(LoginPage.java:55)
at testPackage.LoginTest.loginWithLessThenFiveCharPassword(LoginTest.java:65)
at java.base/java.util.concurrent.ThreadPoolExecutor.runWorker(ThreadPoolExecutor.java:1136)
at java.base/java.util.concurrent.ThreadPoolExecutor$Worker.run(ThreadPoolExecutor.java:635)
at java.base/java.lang.Thread.run(Thread.java:833)
... Removed 12 stack frames]]>
    </failure>
  </testcase> <!-- loginWithLessThenFiveCharPassword -->
  <testcase classname="testPackage.LoginTest" name="loginWithUnRegisteredUser" time="0.002">
    <skipped/>
  </testcase> <!-- loginWithUnRegisteredUser -->
  <testcase classname="testPackage.LoginTest" name="loginWithUnRegisteredUser" time="0.002">
    <skipped/>
  </testcase> <!-- loginWithUnRegisteredUser -->
  <testcase classname="testPackage.LoginTest" name="loginWithUnRegisteredUser" time="0.007">
    <skipped/>
  </testcase> <!-- loginWithUnRegisteredUser -->
  <testcase classname="testPackage.LoginTest" name="loginWithUnRegisteredUser" time="0.004">
    <failure type="java.lang.NullPointerException" message="Cannot invoke &amp;quot;org.openqa.selenium.SearchContext.findElement(org.openqa.selenium.By)&amp;quot; because &amp;quot;this.searchContext&amp;quot; is null">
      <![CDATA[java.lang.NullPointerException: Cannot invoke "org.openqa.selenium.SearchContext.findElement(org.openqa.selenium.By)" because "this.searchContext" is null
at org.openqa.selenium.support.pagefactory.DefaultElementLocator.findElement(DefaultElementLocator.java:68)
at org.openqa.selenium.support.pagefactory.internal.LocatingElementHandler.invoke(LocatingElementHandler.java:38)
at jdk.proxy2/jdk.proxy2.$Proxy21.isDisplayed(Unknown Source)
at pageClass.LoginPage.enterEmail(LoginPage.java:55)
at testPackage.LoginTest.loginWithUnRegisteredUser(LoginTest.java:81)
at java.base/java.util.concurrent.ThreadPoolExecutor.runWorker(ThreadPoolExecutor.java:1136)
at java.base/java.util.concurrent.ThreadPoolExecutor$Worker.run(ThreadPoolExecutor.java:635)
at java.base/java.lang.Thread.run(Thread.java:833)
... Removed 12 stack frames]]>
    </failure>
  </testcase> <!-- loginWithUnRegisteredUser -->
  <testcase classname="testPackage.LoginTest" name="validLoginTest" time="0.003">
    <skipped/>
  </testcase> <!-- validLoginTest -->
  <testcase classname="testPackage.LoginTest" name="validLoginTest" time="0.002">
    <skipped/>
  </testcase> <!-- validLoginTest -->
  <testcase classname="testPackage.LoginTest" name="validLoginTest" time="0.001">
    <skipped/>
  </testcase> <!-- validLoginTest -->
  <testcase classname="testPackage.LoginTest" name="validLoginTest" time="0.003">
    <failure type="java.lang.NullPointerException" message="Cannot invoke &amp;quot;org.openqa.selenium.SearchContext.findElement(org.openqa.selenium.By)&amp;quot; because &amp;quot;this.searchContext&amp;quot; is null">
      <![CDATA[java.lang.NullPointerException: Cannot invoke "org.openqa.selenium.SearchContext.findElement(org.openqa.selenium.By)" because "this.searchContext" is null
at org.openqa.selenium.support.pagefactory.DefaultElementLocator.findElement(DefaultElementLocator.java:68)
at org.openqa.selenium.support.pagefactory.internal.LocatingElementHandler.invoke(LocatingElementHandler.java:38)
at jdk.proxy2/jdk.proxy2.$Proxy21.isDisplayed(Unknown Source)
at pageClass.LoginPage.enterEmail(LoginPage.java:55)
at testPackage.LoginTest.validLoginTest(LoginTest.java:97)
at java.base/java.util.concurrent.ThreadPoolExecutor.runWorker(ThreadPoolExecutor.java:1136)
at java.base/java.util.concurrent.ThreadPoolExecutor$Worker.run(ThreadPoolExecutor.java:635)
at java.base/java.lang.Thread.run(Thread.java:833)
... Removed 12 stack frames]]>
    </failure>
  </testcase> <!-- validLoginTest -->
</testsuite> <!-- LoginTest -->
