<?xml version="1.0" encoding="UTF-8"?>
<!-- Generated by org.testng.reporters.JUnitXMLReporter -->
<testsuite ignored="3" hostname="Jays-Mac-mini-3.local" failures="0" tests="5" name="Oilman" time="43.909" errors="0" timestamp="2024-01-31T14:24:43 IST">
  <testcase classname="testPackage.LoginTest" name="validLoginTest" time="20.25"/>
  <testcase classname="testPackage.CompanyAssetsTest" name="createCompany" time="6.378"/>
  <testcase classname="testPackage.CompanyAssetsTest" name="searchCompany" time="2.616"/>
  <testcase classname="testPackage.CompanyAssetsTest" name="editCompany" time="6.64"/>
  <testcase classname="testPackage.CompanyAssetsTest" name="deleteCompany" time="6.888"/>
  <testcase classname="testBase.TestBase" name="@BeforeTest initializeExtentReport" time="0.0">
    <ignored/>
  </testcase> <!-- @BeforeTest initializeExtentReport -->
  <testcase classname="testBase.TestBase" name="@BeforeSuite prerequisite" time="0.0">
    <ignored/>
  </testcase> <!-- @BeforeSuite prerequisite -->
  <testcase classname="testBase.TestBase" name="@AfterTest flush" time="0.0">
    <ignored/>
  </testcase> <!-- @AfterTest flush -->
</testsuite> <!-- Oilman -->
