<?xml version="1.0" encoding="UTF-8"?>
<!-- Generated by org.testng.reporters.JUnitXMLReporter -->
<testsuite ignored="3" hostname="Jays-Mac-mini-3.local" failures="0" tests="5" name="Oilman" time="111.477" errors="0" timestamp="2024-03-14T14:22:32 IST">
  <testcase classname="testPackage.LoginTest" name="validLoginTest" time="16.548"/>
  <testcase classname="testPackage.LeaseAssetsTest" name="createLease" time="36.783"/>
  <testcase classname="testPackage.LeaseAssetsTest" name="searchLease" time="10.011"/>
  <testcase classname="testPackage.LeaseAssetsTest" name="editField" time="15.569"/>
  <testcase classname="testPackage.LeaseAssetsTest" name="deleteLease" time="31.061"/>
  <testcase classname="testBase.TestBase" name="@BeforeTest initializeExtentReport" time="0.0">
    <ignored/>
  </testcase> <!-- @BeforeTest initializeExtentReport -->
  <testcase classname="testBase.TestBase" name="@BeforeSuite prerequisite" time="0.0">
    <ignored/>
  </testcase> <!-- @BeforeSuite prerequisite -->
  <testcase classname="testBase.TestBase" name="@AfterTest flush" time="0.0">
    <ignored/>
  </testcase> <!-- @AfterTest flush -->
</testsuite> <!-- Oilman -->
