<?xml version="1.0" encoding="UTF-8"?>
<!-- Generated by org.testng.reporters.JUnitXMLReporter -->
<testsuite ignored="3" hostname="Jays-Mac-mini-3.local" failures="0" tests="4" name="OilPilot" time="82.377" errors="0" timestamp="2024-04-09T18:34:44 IST">
  <testcase classname="testPackage.LoginTest" name="validLoginTest" time="17.605"/>
  <testcase classname="testPackage.TankAssetsTest" name="createTank" time="35.045"/>
  <testcase classname="testPackage.TankAssetsTest" name="editTank" time="13.568"/>
  <testcase classname="testPackage.TankAssetsTest" name="deleteTank" time="14.685"/>
  <testcase classname="testBase.TestBase" name="@BeforeTest initializeExtentReport" time="0.0">
    <ignored/>
  </testcase> <!-- @BeforeTest initializeExtentReport -->
  <testcase classname="testBase.TestBase" name="@BeforeSuite prerequisite" time="0.0">
    <ignored/>
  </testcase> <!-- @BeforeSuite prerequisite -->
  <testcase classname="testBase.TestBase" name="@AfterTest flush" time="0.0">
    <ignored/>
  </testcase> <!-- @AfterTest flush -->
</testsuite> <!-- OilPilot -->
