<?xml version="1.0" encoding="UTF-8"?>
<!-- Generated by org.testng.reporters.JUnitXMLReporter -->
<testsuite ignored="0" hostname="Jays-Mac-mini-3.local" failures="0" tests="4" name="Test Class1" time="102.568" errors="0" timestamp="2024-05-10T12:57:36 IST">
  <testcase classname="testPackage.CompanyAssetsTest" name="@BeforeClass validLoginTest" time="0.775">
    <failure type="com.commonUtil.ApplicationException" message="Login submit button is disable.">
      <![CDATA[com.commonUtil.ApplicationException: Login submit button is disable.
at pageClass.LoginPage.clickSubmitButton(LoginPage.java:79)
at testPackage.CompanyAssetsTest.validLoginTest(CompanyAssetsTest.java:29)
at java.base/jdk.internal.reflect.NativeMethodAccessorImpl.invoke0(Native Method)
at java.base/jdk.internal.reflect.NativeMethodAccessorImpl.invoke(NativeMethodAccessorImpl.java:77)
at java.base/jdk.internal.reflect.DelegatingMethodAccessorImpl.invoke(DelegatingMethodAccessorImpl.java:43)
at java.base/java.lang.reflect.Method.invoke(Method.java:568)
at org.testng.internal.invokers.MethodInvocationHelper.invokeMethod(MethodInvocationHelper.java:139)
at org.testng.internal.invokers.MethodInvocationHelper.invokeMethodConsideringTimeout(MethodInvocationHelper.java:69)
at org.testng.internal.invokers.ConfigInvoker.invokeConfigurationMethod(ConfigInvoker.java:361)
at org.testng.internal.invokers.ConfigInvoker.invokeConfigurations(ConfigInvoker.java:296)
at org.testng.internal.invokers.TestMethodWorker.invokeBeforeClassMethods(TestMethodWorker.java:180)
at org.testng.internal.invokers.TestMethodWorker.run(TestMethodWorker.java:122)
at java.base/java.util.ArrayList.forEach(ArrayList.java:1511)
at org.testng.TestRunner.privateRun(TestRunner.java:829)
at org.testng.TestRunner.run(TestRunner.java:602)
at org.testng.SuiteRunner.runTest(SuiteRunner.java:437)
at org.testng.SuiteRunner$SuiteWorker.run(SuiteRunner.java:475)
at org.testng.internal.thread.ThreadUtil.lambda$execute$0(ThreadUtil.java:58)
at java.base/java.util.concurrent.FutureTask.run(FutureTask.java:264)
at java.base/java.util.concurrent.ThreadPoolExecutor.runWorker(ThreadPoolExecutor.java:1136)
at java.base/java.util.concurrent.ThreadPoolExecutor$Worker.run(ThreadPoolExecutor.java:635)
at java.base/java.lang.Thread.run(Thread.java:833)
]]>
    </failure>
  </testcase> <!-- @BeforeClass validLoginTest -->
  <testcase classname="testBase.TestBase" name="@BeforeMethod seperateCase" time="0.0">
    <skipped/>
  </testcase> <!-- @BeforeMethod seperateCase -->
  <testcase classname="testBase.TestBase" name="@BeforeMethod seperateCase" time="0.0">
    <skipped/>
  </testcase> <!-- @BeforeMethod seperateCase -->
  <testcase classname="testBase.TestBase" name="@BeforeMethod seperateCase" time="0.0">
    <skipped/>
  </testcase> <!-- @BeforeMethod seperateCase -->
  <testcase classname="testBase.TestBase" name="@BeforeMethod seperateCase" time="0.0">
    <skipped/>
  </testcase> <!-- @BeforeMethod seperateCase -->
  <testcase classname="testBase.TestBase" name="@AfterClass closeBrowser" time="0.0">
    <skipped/>
  </testcase> <!-- @AfterClass closeBrowser -->
  <testcase classname="testBase.TestBase" name="@AfterTest flush" time="0.0">
    <skipped/>
  </testcase> <!-- @AfterTest flush -->
  <testcase classname="testPackage.CompanyAssetsTest" name="createCompany" time="0.0">
    <skipped/>
  </testcase> <!-- createCompany -->
  <testcase classname="testPackage.CompanyAssetsTest" name="searchCompany" time="0.0">
    <skipped/>
  </testcase> <!-- searchCompany -->
  <testcase classname="testPackage.CompanyAssetsTest" name="editCompany" time="0.0">
    <skipped/>
  </testcase> <!-- editCompany -->
  <testcase classname="testPackage.CompanyAssetsTest" name="deleteCompany" time="0.0">
    <skipped/>
  </testcase> <!-- deleteCompany -->
</testsuite> <!-- Test Class1 -->
