<?xml version="1.0" encoding="UTF-8"?>
<!-- Generated by org.testng.reporters.JUnitXMLReporter -->
<testsuite ignored="0" hostname="Jays-Mac-mini-3.local" failures="0" tests="4" name="Test Class2" time="194.132" errors="0" timestamp="2024-05-10T12:59:08 IST">
  <testcase classname="testPackage.FieldAssetsTest" name="createField" time="16.582"/>
  <testcase classname="testPackage.FieldAssetsTest" name="searchFleld" time="12.131"/>
  <testcase classname="testPackage.FieldAssetsTest" name="editField" time="17.731"/>
  <testcase classname="testPackage.FieldAssetsTest" name="deleteField" time="21.791"/>
</testsuite> <!-- Test Class2 -->
