<?xml version="1.0" encoding="UTF-8"?>
<!-- Generated by org.testng.reporters.JUnitXMLReporter -->
<testsuite ignored="6" hostname="Jays-Mac-mini-3.local" failures="0" tests="12" name="Test" time="174.073" errors="0" timestamp="2024-05-06T16:49:43 IST">
  <testcase classname="testPackage.LoginTest" name="loginWithUnformattedEmail" time="2.941"/>
  <testcase classname="testPackage.LoginTest" name="loginWithLessThenFiveCharPassword" time="2.772"/>
  <testcase classname="testPackage.LoginTest" name="loginWithUnRegisteredUser" time="3.784"/>
  <testcase classname="testPackage.LoginTest" name="validLoginTest" time="22.893"/>
  <testcase classname="testPackage.CompanyAssetsTest" name="createCompany" time="16.645"/>
  <testcase classname="testPackage.CompanyAssetsTest" name="searchCompany" time="13.343"/>
  <testcase classname="testPackage.CompanyAssetsTest" name="editCompany" time="18.883"/>
  <testcase classname="testPackage.CompanyAssetsTest" name="deleteCompany" time="23.797"/>
  <testcase classname="testPackage.FieldAssetsTest" name="createField" time="21.389"/>
  <testcase classname="testPackage.FieldAssetsTest" name="searchFleld" time="10.267"/>
  <testcase classname="testPackage.FieldAssetsTest" name="editField" time="15.4"/>
  <testcase classname="testPackage.FieldAssetsTest" name="deleteField" time="20.447"/>
  <testcase classname="testBase.TestBase" name="@BeforeTest initializeExtentReport" time="0.0">
    <ignored/>
  </testcase> <!-- @BeforeTest initializeExtentReport -->
  <testcase classname="testBase.TestBase" name="@BeforeTest initializeExtentReport" time="0.0">
    <ignored/>
  </testcase> <!-- @BeforeTest initializeExtentReport -->
  <testcase classname="testBase.TestBase" name="@BeforeSuite prerequisite" time="0.0">
    <ignored/>
  </testcase> <!-- @BeforeSuite prerequisite -->
  <testcase classname="testBase.TestBase" name="@BeforeSuite prerequisite" time="0.0">
    <ignored/>
  </testcase> <!-- @BeforeSuite prerequisite -->
  <testcase classname="testBase.TestBase" name="@AfterTest flush" time="0.0">
    <ignored/>
  </testcase> <!-- @AfterTest flush -->
  <testcase classname="testBase.TestBase" name="@AfterTest flush" time="0.0">
    <ignored/>
  </testcase> <!-- @AfterTest flush -->
</testsuite> <!-- Test -->
