<?xml version="1.0" encoding="UTF-8"?>
<!-- Generated by org.testng.reporters.JUnitXMLReporter -->
<testsuite ignored="0" hostname="Jays-Mac-mini-3.local" failures="0" tests="4" name="Test Class3" time="79.211" errors="0" timestamp="2024-05-10T13:36:58 IST">
  <testcase classname="testPackage.LoginTest" name="loginWithUnformattedEmail" time="3.95"/>
  <testcase classname="testPackage.LoginTest" name="loginWithLessThenFiveCharPassword" time="4.363"/>
  <testcase classname="testPackage.LoginTest" name="loginWithUnRegisteredUser" time="6.479"/>
  <testcase classname="testPackage.LoginTest" name="validLoginTest" time="40.443"/>
</testsuite> <!-- Test Class3 -->
