<?xml version="1.0" encoding="UTF-8"?>
<testng-results ignored="3" total="8" passed="5" failed="0" skipped="0">
  <reporter-output>
  </reporter-output>
  <suite started-at="2024-03-14T14:20:41 IST" name="Suite" finished-at="2024-03-14T14:22:32 IST" duration-ms="111477">
    <groups>
    </groups>
    <test started-at="2024-03-14T14:20:41 IST" name="Oilman" finished-at="2024-03-14T14:22:32 IST" duration-ms="111477">
      <class name="testPackage.LeaseAssetsTest">
        <test-method is-config="true" signature="assignObjectForClass()[pri:0, instance:testPackage.LeaseAssetsTest@63376bed]" started-at="2024-03-14T14:20:58 IST" name="assignObjectForClass" finished-at="2024-03-14T14:20:58 IST" duration-ms="29" status="PASS">
          <reporter-output>
          </reporter-output>
        </test-method> <!-- assignObjectForClass -->
        <test-method is-config="true" signature="seperateCase()[pri:0, instance:testPackage.LeaseAssetsTest@63376bed]" started-at="2024-03-14T14:20:58 IST" name="seperateCase" finished-at="2024-03-14T14:20:58 IST" duration-ms="1" status="PASS">
          <reporter-output>
          </reporter-output>
        </test-method> <!-- seperateCase -->
        <test-method signature="createLease()[pri:0, instance:testPackage.LeaseAssetsTest@63376bed]" started-at="2024-03-14T14:20:58 IST" name="createLease" description="Test create Lease assets." finished-at="2024-03-14T14:21:35 IST" duration-ms="36783" status="PASS">
          <reporter-output>
          </reporter-output>
        </test-method> <!-- createLease -->
        <test-method is-config="true" signature="seperateCase()[pri:0, instance:testPackage.LeaseAssetsTest@63376bed]" started-at="2024-03-14T14:21:35 IST" name="seperateCase" finished-at="2024-03-14T14:21:35 IST" duration-ms="1" status="PASS">
          <reporter-output>
          </reporter-output>
        </test-method> <!-- seperateCase -->
        <test-method signature="searchLease()[pri:1, instance:testPackage.LeaseAssetsTest@63376bed]" started-at="2024-03-14T14:21:35 IST" name="searchLease" description="Test Search Lease." finished-at="2024-03-14T14:21:45 IST" duration-ms="10011" status="PASS">
          <reporter-output>
          </reporter-output>
        </test-method> <!-- searchLease -->
        <test-method is-config="true" signature="seperateCase()[pri:0, instance:testPackage.LeaseAssetsTest@63376bed]" started-at="2024-03-14T14:21:45 IST" name="seperateCase" finished-at="2024-03-14T14:21:45 IST" duration-ms="1" status="PASS">
          <reporter-output>
          </reporter-output>
        </test-method> <!-- seperateCase -->
        <test-method signature="editField()[pri:2, instance:testPackage.LeaseAssetsTest@63376bed]" started-at="2024-03-14T14:21:45 IST" name="editField" description="Test edit Lease assets." finished-at="2024-03-14T14:22:01 IST" duration-ms="15569" status="PASS">
          <reporter-output>
          </reporter-output>
        </test-method> <!-- editField -->
        <test-method is-config="true" signature="seperateCase()[pri:0, instance:testPackage.LeaseAssetsTest@63376bed]" started-at="2024-03-14T14:22:01 IST" name="seperateCase" finished-at="2024-03-14T14:22:01 IST" duration-ms="1" status="PASS">
          <reporter-output>
          </reporter-output>
        </test-method> <!-- seperateCase -->
        <test-method signature="deleteLease()[pri:3, instance:testPackage.LeaseAssetsTest@63376bed]" started-at="2024-03-14T14:22:01 IST" name="deleteLease" description="Test Delete Lease assets." finished-at="2024-03-14T14:22:32 IST" duration-ms="31061" status="PASS">
          <reporter-output>
          </reporter-output>
        </test-method> <!-- deleteLease -->
      </class> <!-- testPackage.LeaseAssetsTest -->
      <class name="testPackage.LoginTest">
        <test-method is-config="true" signature="prerequisite()[pri:0, instance:testPackage.LoginTest@60099951]" started-at="2024-03-14T14:20:27 IST" name="prerequisite" finished-at="2024-03-14T14:20:41 IST" duration-ms="14275" status="PASS">
          <reporter-output>
          </reporter-output>
        </test-method> <!-- prerequisite -->
        <test-method is-config="true" signature="initializeExtentReport()[pri:0, instance:testPackage.LoginTest@60099951]" started-at="2024-03-14T14:20:41 IST" name="initializeExtentReport" finished-at="2024-03-14T14:20:41 IST" duration-ms="408" status="PASS">
          <reporter-output>
          </reporter-output>
        </test-method> <!-- initializeExtentReport -->
        <test-method is-config="true" signature="assignObjectForClass()[pri:0, instance:testPackage.LoginTest@60099951]" started-at="2024-03-14T14:20:41 IST" name="assignObjectForClass" finished-at="2024-03-14T14:20:41 IST" duration-ms="73" status="PASS">
          <reporter-output>
          </reporter-output>
        </test-method> <!-- assignObjectForClass -->
        <test-method is-config="true" signature="seperateCase()[pri:0, instance:testPackage.LoginTest@60099951]" started-at="2024-03-14T14:20:42 IST" name="seperateCase" finished-at="2024-03-14T14:20:42 IST" duration-ms="1" status="PASS">
          <reporter-output>
          </reporter-output>
        </test-method> <!-- seperateCase -->
        <test-method signature="validLoginTest(java.util.Map)[pri:0, instance:testPackage.LoginTest@60099951]" started-at="2024-03-14T14:20:42 IST" name="validLoginTest" description="Test Valid Login" data-provider="LoginTestData" finished-at="2024-03-14T14:20:58 IST" duration-ms="16548" status="PASS">
          <params>
            <param index="0">
              <value>
                <![CDATA[{username=jay.soni+manager@openxcell.com, password=QA@12345}]]>
              </value>
            </param>
          </params>
          <reporter-output>
          </reporter-output>
        </test-method> <!-- validLoginTest -->
        <test-method is-config="true" signature="flush()[pri:0, instance:testPackage.LoginTest@60099951]" started-at="2024-03-14T14:22:32 IST" name="flush" finished-at="2024-03-14T14:22:32 IST" duration-ms="508" status="PASS">
          <reporter-output>
          </reporter-output>
        </test-method> <!-- flush -->
      </class> <!-- testPackage.LoginTest -->
    </test> <!-- Oilman -->
  </suite> <!-- Suite -->
</testng-results>
