<?xml version="1.0" encoding="UTF-8"?>
<testng-results ignored="3" total="5" passed="2" failed="0" skipped="0">
  <reporter-output>
  </reporter-output>
  <suite started-at="2024-02-22T17:11:05 IST" name="Suite" finished-at="2024-02-22T17:12:03 IST" duration-ms="58318">
    <groups>
    </groups>
    <test started-at="2024-02-22T17:11:05 IST" name="Oilman" finished-at="2024-02-22T17:12:03 IST" duration-ms="58318">
      <class name="testPackage.LeaseAssetsTest">
        <test-method is-config="true" signature="assignObjectForClass()[pri:0, instance:testPackage.LeaseAssetsTest@750e2b97]" started-at="2024-02-22T17:11:30 IST" name="assignObjectForClass" finished-at="2024-02-22T17:11:30 IST" duration-ms="27" status="PASS">
          <reporter-output>
          </reporter-output>
        </test-method> <!-- assignObjectForClass -->
        <test-method is-config="true" signature="seperateCase()[pri:0, instance:testPackage.LeaseAssetsTest@750e2b97]" started-at="2024-02-22T17:11:30 IST" name="seperateCase" finished-at="2024-02-22T17:11:30 IST" duration-ms="2" status="PASS">
          <reporter-output>
          </reporter-output>
        </test-method> <!-- seperateCase -->
        <test-method signature="createCompany()[pri:0, instance:testPackage.LeaseAssetsTest@750e2b97]" started-at="2024-02-22T17:11:30 IST" name="createCompany" description="Test create Company assets." finished-at="2024-02-22T17:12:02 IST" duration-ms="32382" status="PASS">
          <reporter-output>
          </reporter-output>
        </test-method> <!-- createCompany -->
      </class> <!-- testPackage.LeaseAssetsTest -->
      <class name="testPackage.LoginTest">
        <test-method is-config="true" signature="prerequisite()[pri:0, instance:testPackage.LoginTest@71ba6d4e]" started-at="2024-02-22T17:10:55 IST" name="prerequisite" finished-at="2024-02-22T17:11:05 IST" duration-ms="9651" status="PASS">
          <reporter-output>
          </reporter-output>
        </test-method> <!-- prerequisite -->
        <test-method is-config="true" signature="initializeExtentReport()[pri:0, instance:testPackage.LoginTest@71ba6d4e]" started-at="2024-02-22T17:11:05 IST" name="initializeExtentReport" finished-at="2024-02-22T17:11:05 IST" duration-ms="399" status="PASS">
          <reporter-output>
          </reporter-output>
        </test-method> <!-- initializeExtentReport -->
        <test-method is-config="true" signature="assignObjectForClass()[pri:0, instance:testPackage.LoginTest@71ba6d4e]" started-at="2024-02-22T17:11:05 IST" name="assignObjectForClass" finished-at="2024-02-22T17:11:05 IST" duration-ms="92" status="PASS">
          <reporter-output>
          </reporter-output>
        </test-method> <!-- assignObjectForClass -->
        <test-method is-config="true" signature="seperateCase()[pri:0, instance:testPackage.LoginTest@71ba6d4e]" started-at="2024-02-22T17:11:05 IST" name="seperateCase" finished-at="2024-02-22T17:11:05 IST" duration-ms="1" status="PASS">
          <reporter-output>
          </reporter-output>
        </test-method> <!-- seperateCase -->
        <test-method signature="validLoginTest(java.util.Map)[pri:0, instance:testPackage.LoginTest@71ba6d4e]" started-at="2024-02-22T17:11:05 IST" name="validLoginTest" description="Test Valid Login" data-provider="LoginTestData" finished-at="2024-02-22T17:11:30 IST" duration-ms="24411" status="PASS">
          <params>
            <param index="0">
              <value>
                <![CDATA[{username=jay.soni+manager@openxcell.com, password=QA@12345}]]>
              </value>
            </param>
          </params>
          <reporter-output>
          </reporter-output>
        </test-method> <!-- validLoginTest -->
        <test-method is-config="true" signature="flush()[pri:0, instance:testPackage.LoginTest@71ba6d4e]" started-at="2024-02-22T17:12:02 IST" name="flush" finished-at="2024-02-22T17:12:03 IST" duration-ms="605" status="PASS">
          <reporter-output>
          </reporter-output>
        </test-method> <!-- flush -->
      </class> <!-- testPackage.LoginTest -->
    </test> <!-- Oilman -->
  </suite> <!-- Suite -->
</testng-results>
