<?xml version="1.0" encoding="UTF-8"?>
<testng-results ignored="0" total="1" passed="1" failed="0" skipped="0">
  <reporter-output>
  </reporter-output>
  <suite started-at="2024-04-12T12:32:48 IST" name="Suite" finished-at="2024-04-12T12:33:07 IST" duration-ms="18648">
    <groups>
    </groups>
    <test started-at="2024-04-12T12:32:48 IST" name="OilPilot" finished-at="2024-04-12T12:33:07 IST" duration-ms="18648">
      <class name="testPackage.LoginTest">
        <test-method is-config="true" signature="prerequisite()[pri:0, instance:testPackage.LoginTest@71ba6d4e]" started-at="2024-04-12T12:32:37 IST" name="prerequisite" finished-at="2024-04-12T12:32:48 IST" duration-ms="11326" status="PASS">
          <reporter-output>
          </reporter-output>
        </test-method> <!-- prerequisite -->
        <test-method is-config="true" signature="initializeExtentReport()[pri:0, instance:testPackage.LoginTest@71ba6d4e]" started-at="2024-04-12T12:32:49 IST" name="initializeExtentReport" finished-at="2024-04-12T12:32:49 IST" duration-ms="665" status="PASS">
          <reporter-output>
          </reporter-output>
        </test-method> <!-- initializeExtentReport -->
        <test-method is-config="true" signature="assignObjectForClass()[pri:0, instance:testPackage.LoginTest@71ba6d4e]" started-at="2024-04-12T12:32:49 IST" name="assignObjectForClass" finished-at="2024-04-12T12:32:49 IST" duration-ms="126" status="PASS">
          <reporter-output>
          </reporter-output>
        </test-method> <!-- assignObjectForClass -->
        <test-method is-config="true" signature="seperateCase()[pri:0, instance:testPackage.LoginTest@71ba6d4e]" started-at="2024-04-12T12:32:50 IST" name="seperateCase" finished-at="2024-04-12T12:32:50 IST" duration-ms="1" status="PASS">
          <reporter-output>
          </reporter-output>
        </test-method> <!-- seperateCase -->
        <test-method signature="validLoginTest(java.util.Map)[pri:0, instance:testPackage.LoginTest@71ba6d4e]" started-at="2024-04-12T12:32:50 IST" name="validLoginTest" description="Test Valid Login" data-provider="LoginTestData" finished-at="2024-04-12T12:33:06 IST" duration-ms="15828" status="PASS">
          <params>
            <param index="0">
              <value>
                <![CDATA[{username=jay.soni+manager@openxcell.com, password=QA@12345}]]>
              </value>
            </param>
          </params>
          <reporter-output>
          </reporter-output>
        </test-method> <!-- validLoginTest -->
        <test-method is-config="true" signature="flush()[pri:0, instance:testPackage.LoginTest@71ba6d4e]" started-at="2024-04-12T12:33:06 IST" name="flush" finished-at="2024-04-12T12:33:07 IST" duration-ms="1132" status="PASS">
          <reporter-output>
          </reporter-output>
        </test-method> <!-- flush -->
        <test-method is-config="true" signature="closeBrowser()[pri:0, instance:testPackage.LoginTest@71ba6d4e]" started-at="2024-04-12T12:33:07 IST" name="closeBrowser" finished-at="2024-04-12T12:33:08 IST" duration-ms="510" status="PASS">
          <reporter-output>
          </reporter-output>
        </test-method> <!-- closeBrowser -->
      </class> <!-- testPackage.LoginTest -->
    </test> <!-- OilPilot -->
  </suite> <!-- Suite -->
</testng-results>
