<?xml version="1.0" encoding="UTF-8"?>
<testng-results ignored="0" total="4" passed="4" failed="0" skipped="0">
  <reporter-output>
  </reporter-output>
  <suite started-at="2024-04-18T14:32:06 IST" name="Suite" finished-at="2024-04-18T14:32:41 IST" duration-ms="35018">
    <groups>
    </groups>
    <test started-at="2024-04-18T14:32:06 IST" name="OilPilot" finished-at="2024-04-18T14:32:41 IST" duration-ms="35018">
      <class name="testPackage.LoginTest">
        <test-method is-config="true" signature="prerequisite()[pri:0, instance:testPackage.LoginTest@368247b9]" started-at="2024-04-18T14:31:16 IST" name="prerequisite" finished-at="2024-04-18T14:32:06 IST" duration-ms="50538" status="PASS">
          <reporter-output>
          </reporter-output>
        </test-method> <!-- prerequisite -->
        <test-method is-config="true" signature="initializeExtentReport()[pri:0, instance:testPackage.LoginTest@368247b9]" started-at="2024-04-18T14:32:06 IST" name="initializeExtentReport" finished-at="2024-04-18T14:32:07 IST" duration-ms="497" status="PASS">
          <reporter-output>
          </reporter-output>
        </test-method> <!-- initializeExtentReport -->
        <test-method is-config="true" signature="assignObjectForClass()[pri:0, instance:testPackage.LoginTest@368247b9]" started-at="2024-04-18T14:32:07 IST" name="assignObjectForClass" finished-at="2024-04-18T14:32:07 IST" duration-ms="173" status="PASS">
          <reporter-output>
          </reporter-output>
        </test-method> <!-- assignObjectForClass -->
        <test-method is-config="true" signature="seperateCase()[pri:0, instance:testPackage.LoginTest@368247b9]" started-at="2024-04-18T14:32:07 IST" name="seperateCase" finished-at="2024-04-18T14:32:07 IST" duration-ms="2" status="PASS">
          <reporter-output>
          </reporter-output>
        </test-method> <!-- seperateCase -->
        <test-method signature="loginWithUnformattedEmail(java.util.Map)[pri:1, instance:testPackage.LoginTest@368247b9]" started-at="2024-04-18T14:32:07 IST" name="loginWithUnformattedEmail" description="Test login with unformatted email." data-provider="LoginTestData" finished-at="2024-04-18T14:32:10 IST" duration-ms="3276" status="PASS">
          <params>
            <param index="0">
              <value>
                <![CDATA[{username=doe @ab, password=pwd421, flag=loginWithUnformattedEmail}]]>
              </value>
            </param>
          </params>
          <reporter-output>
          </reporter-output>
        </test-method> <!-- loginWithUnformattedEmail -->
        <test-method is-config="true" signature="seperateCase()[pri:0, instance:testPackage.LoginTest@368247b9]" started-at="2024-04-18T14:32:10 IST" name="seperateCase" finished-at="2024-04-18T14:32:10 IST" duration-ms="1" status="PASS">
          <reporter-output>
          </reporter-output>
        </test-method> <!-- seperateCase -->
        <test-method signature="loginWithLessThenFiveCharPassword(java.util.Map)[pri:2, instance:testPackage.LoginTest@368247b9]" started-at="2024-04-18T14:32:10 IST" name="loginWithLessThenFiveCharPassword" description="Test login with less then 5 character password" data-provider="LoginTestData" finished-at="2024-04-18T14:32:13 IST" duration-ms="2847" status="PASS">
          <params>
            <param index="0">
              <value>
                <![CDATA[{username=doe@abc.com, password=pwd4, flag=loginWithLessThenFiveCharPassword}]]>
              </value>
            </param>
          </params>
          <reporter-output>
          </reporter-output>
        </test-method> <!-- loginWithLessThenFiveCharPassword -->
        <test-method is-config="true" signature="seperateCase()[pri:0, instance:testPackage.LoginTest@368247b9]" started-at="2024-04-18T14:32:13 IST" name="seperateCase" finished-at="2024-04-18T14:32:13 IST" duration-ms="3" status="PASS">
          <reporter-output>
          </reporter-output>
        </test-method> <!-- seperateCase -->
        <test-method signature="loginWithUnRegisteredUser(java.util.Map)[pri:3, instance:testPackage.LoginTest@368247b9]" started-at="2024-04-18T14:32:13 IST" name="loginWithUnRegisteredUser" description="Test login with unregistered user." data-provider="LoginTestData" finished-at="2024-04-18T14:32:17 IST" duration-ms="4078" status="PASS">
          <params>
            <param index="0">
              <value>
                <![CDATA[{username=doe@abc.com, password=pwd421, flag=loginWithInvalidCredentials}]]>
              </value>
            </param>
          </params>
          <reporter-output>
          </reporter-output>
        </test-method> <!-- loginWithUnRegisteredUser -->
        <test-method is-config="true" signature="seperateCase()[pri:0, instance:testPackage.LoginTest@368247b9]" started-at="2024-04-18T14:32:17 IST" name="seperateCase" finished-at="2024-04-18T14:32:17 IST" duration-ms="1" status="PASS">
          <reporter-output>
          </reporter-output>
        </test-method> <!-- seperateCase -->
        <test-method signature="validLoginTest(java.util.Map)[pri:4, instance:testPackage.LoginTest@368247b9]" started-at="2024-04-18T14:32:17 IST" name="validLoginTest" description="Test valid login" data-provider="LoginTestData" finished-at="2024-04-18T14:32:40 IST" duration-ms="22965" status="PASS">
          <params>
            <param index="0">
              <value>
                <![CDATA[{username=jay.soni+manager@openxcell.com, password=QA@12345, flag=validLoginTest}]]>
              </value>
            </param>
          </params>
          <reporter-output>
          </reporter-output>
        </test-method> <!-- validLoginTest -->
        <test-method is-config="true" signature="flush()[pri:0, instance:testPackage.LoginTest@368247b9]" started-at="2024-04-18T14:32:40 IST" name="flush" finished-at="2024-04-18T14:32:41 IST" duration-ms="725" status="PASS">
          <reporter-output>
          </reporter-output>
        </test-method> <!-- flush -->
      </class> <!-- testPackage.LoginTest -->
    </test> <!-- OilPilot -->
  </suite> <!-- Suite -->
</testng-results>
