<?xml version="1.0" encoding="UTF-8"?>
<testng-results ignored="4" total="6" passed="2" failed="0" skipped="0">
  <reporter-output>
  </reporter-output>
  <suite started-at="2024-02-13T18:34:18 IST" name="Suite" finished-at="2024-02-13T18:34:55 IST" duration-ms="37218">
    <groups>
    </groups>
    <test started-at="2024-02-13T18:34:18 IST" name="Oilman" finished-at="2024-02-13T18:34:55 IST" duration-ms="37218">
      <class name="testPackage.CompanyAssetsTest">
        <test-method is-config="true" signature="assignObjectForClass()[pri:0, instance:testPackage.CompanyAssetsTest@60bd273d]" started-at="2024-02-13T18:34:37 IST" name="assignObjectForClass" finished-at="2024-02-13T18:34:37 IST" duration-ms="4" status="PASS">
          <reporter-output>
          </reporter-output>
        </test-method> <!-- assignObjectForClass -->
        <test-method is-config="true" signature="seperateCase()[pri:0, instance:testPackage.CompanyAssetsTest@60bd273d]" started-at="2024-02-13T18:34:37 IST" name="seperateCase" finished-at="2024-02-13T18:34:37 IST" duration-ms="1" status="PASS">
          <reporter-output>
          </reporter-output>
        </test-method> <!-- seperateCase -->
        <test-method signature="createCompany()[pri:0, instance:testPackage.CompanyAssetsTest@60bd273d]" started-at="2024-02-13T18:34:37 IST" name="createCompany" description="Test create Company assets." finished-at="2024-02-13T18:34:55 IST" duration-ms="17253" status="PASS">
          <reporter-output>
          </reporter-output>
        </test-method> <!-- createCompany -->
      </class> <!-- testPackage.CompanyAssetsTest -->
      <class name="testPackage.LoginTest">
        <test-method is-config="true" signature="prerequisite()[pri:0, instance:testPackage.LoginTest@771a660]" started-at="2024-02-13T18:34:09 IST" name="prerequisite" finished-at="2024-02-13T18:34:18 IST" duration-ms="8764" status="PASS">
          <reporter-output>
          </reporter-output>
        </test-method> <!-- prerequisite -->
        <test-method is-config="true" signature="initializeExtentReport()[pri:0, instance:testPackage.LoginTest@771a660]" started-at="2024-02-13T18:34:18 IST" name="initializeExtentReport" finished-at="2024-02-13T18:34:18 IST" duration-ms="310" status="PASS">
          <reporter-output>
          </reporter-output>
        </test-method> <!-- initializeExtentReport -->
        <test-method is-config="true" signature="assignObjectForClass()[pri:0, instance:testPackage.LoginTest@771a660]" started-at="2024-02-13T18:34:18 IST" name="assignObjectForClass" finished-at="2024-02-13T18:34:18 IST" duration-ms="64" status="PASS">
          <reporter-output>
          </reporter-output>
        </test-method> <!-- assignObjectForClass -->
        <test-method is-config="true" signature="seperateCase()[pri:0, instance:testPackage.LoginTest@771a660]" started-at="2024-02-13T18:34:18 IST" name="seperateCase" finished-at="2024-02-13T18:34:18 IST" duration-ms="1" status="PASS">
          <reporter-output>
          </reporter-output>
        </test-method> <!-- seperateCase -->
        <test-method signature="validLoginTest(java.lang.String,java.lang.String)[pri:0, instance:testPackage.LoginTest@771a660]" started-at="2024-02-13T18:34:18 IST" name="validLoginTest" description="Test Valid Login" data-provider="LoginTestData" finished-at="2024-02-13T18:34:37 IST" duration-ms="19099" status="PASS">
          <params>
            <param index="0">
              <value>
                <![CDATA[jay.soni+manager@openxcell.com]]>
              </value>
            </param>
            <param index="1">
              <value>
                <![CDATA[QA@12345]]>
              </value>
            </param>
          </params>
          <reporter-output>
          </reporter-output>
        </test-method> <!-- validLoginTest -->
        <test-method is-config="true" signature="flush()[pri:0, instance:testPackage.LoginTest@771a660]" started-at="2024-02-13T18:34:55 IST" name="flush" finished-at="2024-02-13T18:34:55 IST" duration-ms="411" status="PASS">
          <reporter-output>
          </reporter-output>
        </test-method> <!-- flush -->
        <test-method is-config="true" signature="closeBrowser()[pri:0, instance:testPackage.LoginTest@771a660]" started-at="2024-02-13T18:34:55 IST" name="closeBrowser" finished-at="2024-02-13T18:34:55 IST" duration-ms="149" status="PASS">
          <reporter-output>
          </reporter-output>
        </test-method> <!-- closeBrowser -->
      </class> <!-- testPackage.LoginTest -->
    </test> <!-- Oilman -->
  </suite> <!-- Suite -->
</testng-results>
