<?xml version="1.0" encoding="UTF-8"?>
<testng-results ignored="6" total="15" passed="8" failed="1" skipped="0">
  <reporter-output>
  </reporter-output>
  <suite started-at="2024-02-19T17:47:23 IST" name="Suite" finished-at="2024-02-19T17:49:43 IST" duration-ms="139980">
    <groups>
    </groups>
    <test started-at="2024-02-19T17:47:23 IST" name="Oilman" finished-at="2024-02-19T17:49:43 IST" duration-ms="139980">
      <class name="testPackage.FieldAssetsTest">
        <test-method is-config="true" signature="assignObjectForClass()[pri:0, instance:testPackage.FieldAssetsTest@368247b9]" started-at="2024-02-19T17:48:43 IST" name="assignObjectForClass" finished-at="2024-02-19T17:48:43 IST" duration-ms="12" status="PASS">
          <reporter-output>
          </reporter-output>
        </test-method> <!-- assignObjectForClass -->
        <test-method is-config="true" signature="seperateCase()[pri:0, instance:testPackage.FieldAssetsTest@368247b9]" started-at="2024-02-19T17:48:43 IST" name="seperateCase" finished-at="2024-02-19T17:48:43 IST" duration-ms="2" status="PASS">
          <reporter-output>
          </reporter-output>
        </test-method> <!-- seperateCase -->
        <test-method signature="createField()[pri:0, instance:testPackage.FieldAssetsTest@368247b9]" started-at="2024-02-19T17:48:43 IST" name="createField" description="Test create Field assets." finished-at="2024-02-19T17:49:04 IST" duration-ms="20981" status="PASS">
          <reporter-output>
          </reporter-output>
        </test-method> <!-- createField -->
        <test-method is-config="true" signature="seperateCase()[pri:0, instance:testPackage.FieldAssetsTest@368247b9]" started-at="2024-02-19T17:49:04 IST" name="seperateCase" finished-at="2024-02-19T17:49:04 IST" duration-ms="1" status="PASS">
          <reporter-output>
          </reporter-output>
        </test-method> <!-- seperateCase -->
        <test-method signature="searchFleld()[pri:1, instance:testPackage.FieldAssetsTest@368247b9]" started-at="2024-02-19T17:49:04 IST" name="searchFleld" description="Test Search Field." finished-at="2024-02-19T17:49:10 IST" duration-ms="5383" status="PASS">
          <reporter-output>
          </reporter-output>
        </test-method> <!-- searchFleld -->
        <test-method is-config="true" signature="seperateCase()[pri:0, instance:testPackage.FieldAssetsTest@368247b9]" started-at="2024-02-19T17:49:10 IST" name="seperateCase" finished-at="2024-02-19T17:49:10 IST" duration-ms="2" status="PASS">
          <reporter-output>
          </reporter-output>
        </test-method> <!-- seperateCase -->
        <test-method signature="editCompany()[pri:2, instance:testPackage.FieldAssetsTest@368247b9]" started-at="2024-02-19T17:49:10 IST" name="editCompany" description="Test edit Field assets." finished-at="2024-02-19T17:49:18 IST" duration-ms="8136" status="FAIL">
          <exception class="java.lang.AssertionError">
            <message>
              <![CDATA[expected [We have successfully updated the Company.] but found [We have successfully updated the Field.]]]>
            </message>
            <full-stacktrace>
              <![CDATA[java.lang.AssertionError: expected [We have successfully updated the Company.] but found [We have successfully updated the Field.]
at org.testng.Assert.fail(Assert.java:99)
at org.testng.Assert.failNotEquals(Assert.java:1037)
at org.testng.Assert.assertEqualsImpl(Assert.java:140)
at org.testng.Assert.assertEquals(Assert.java:122)
at org.testng.Assert.assertEquals(Assert.java:629)
at org.testng.Assert.assertEquals(Assert.java:639)
at pageClass.FiledAssetsOperations.clickOnsubmitAndVerifyThatTheFieldIsUpdateOrNot(FiledAssetsOperations.java:192)
at testPackage.FieldAssetsTest.editCompany(FieldAssetsTest.java:48)
at java.base/jdk.internal.reflect.NativeMethodAccessorImpl.invoke0(Native Method)
at java.base/jdk.internal.reflect.NativeMethodAccessorImpl.invoke(NativeMethodAccessorImpl.java:77)
at java.base/jdk.internal.reflect.DelegatingMethodAccessorImpl.invoke(DelegatingMethodAccessorImpl.java:43)
at java.base/java.lang.reflect.Method.invoke(Method.java:568)
at org.testng.internal.MethodInvocationHelper.invokeMethod(MethodInvocationHelper.java:133)
at org.testng.internal.TestInvoker.invokeMethod(TestInvoker.java:598)
at org.testng.internal.TestInvoker.invokeTestMethod(TestInvoker.java:173)
at org.testng.internal.MethodRunner.runInSequence(MethodRunner.java:46)
at org.testng.internal.TestInvoker$MethodInvocationAgent.invoke(TestInvoker.java:824)
at org.testng.internal.TestInvoker.invokeTestMethods(TestInvoker.java:146)
at org.testng.internal.TestMethodWorker.invokeTestMethods(TestMethodWorker.java:146)
at org.testng.internal.TestMethodWorker.run(TestMethodWorker.java:128)
at java.base/java.util.ArrayList.forEach(ArrayList.java:1511)
at org.testng.TestRunner.privateRun(TestRunner.java:794)
at org.testng.TestRunner.run(TestRunner.java:596)
at org.testng.SuiteRunner.runTest(SuiteRunner.java:377)
at org.testng.SuiteRunner.runSequentially(SuiteRunner.java:371)
at org.testng.SuiteRunner.privateRun(SuiteRunner.java:332)
at org.testng.SuiteRunner.run(SuiteRunner.java:276)
at org.testng.SuiteRunnerWorker.runSuite(SuiteRunnerWorker.java:53)
at org.testng.SuiteRunnerWorker.run(SuiteRunnerWorker.java:96)
at org.testng.TestNG.runSuitesSequentially(TestNG.java:1212)
at org.testng.TestNG.runSuitesLocally(TestNG.java:1134)
at org.testng.TestNG.runSuites(TestNG.java:1063)
at org.testng.TestNG.run(TestNG.java:1031)
at org.testng.remote.AbstractRemoteTestNG.run(AbstractRemoteTestNG.java:115)
at org.testng.remote.RemoteTestNG.initAndRun(RemoteTestNG.java:251)
at org.testng.remote.RemoteTestNG.main(RemoteTestNG.java:77)
]]>
            </full-stacktrace>
          </exception> <!-- java.lang.AssertionError -->
          <reporter-output>
          </reporter-output>
        </test-method> <!-- editCompany -->
        <test-method is-config="true" signature="seperateCase()[pri:0, instance:testPackage.FieldAssetsTest@368247b9]" started-at="2024-02-19T17:49:20 IST" name="seperateCase" finished-at="2024-02-19T17:49:20 IST" duration-ms="1" status="PASS">
          <reporter-output>
          </reporter-output>
        </test-method> <!-- seperateCase -->
        <test-method signature="deleteCompany()[pri:3, instance:testPackage.FieldAssetsTest@368247b9]" started-at="2024-02-19T17:49:20 IST" name="deleteCompany" description="Test Delete Field assets." finished-at="2024-02-19T17:49:43 IST" duration-ms="23383" status="PASS">
          <reporter-output>
          </reporter-output>
        </test-method> <!-- deleteCompany -->
      </class> <!-- testPackage.FieldAssetsTest -->
      <class name="testPackage.CompanyAssetsTest">
        <test-method is-config="true" signature="assignObjectForClass()[pri:0, instance:testPackage.CompanyAssetsTest@60099951]" started-at="2024-02-19T17:47:57 IST" name="assignObjectForClass" finished-at="2024-02-19T17:47:57 IST" duration-ms="14" status="PASS">
          <reporter-output>
          </reporter-output>
        </test-method> <!-- assignObjectForClass -->
        <test-method is-config="true" signature="seperateCase()[pri:0, instance:testPackage.CompanyAssetsTest@60099951]" started-at="2024-02-19T17:47:57 IST" name="seperateCase" finished-at="2024-02-19T17:47:57 IST" duration-ms="1" status="PASS">
          <reporter-output>
          </reporter-output>
        </test-method> <!-- seperateCase -->
        <test-method signature="createCompany()[pri:0, instance:testPackage.CompanyAssetsTest@60099951]" started-at="2024-02-19T17:47:57 IST" name="createCompany" description="Test create Company assets." finished-at="2024-02-19T17:48:05 IST" duration-ms="7948" status="PASS">
          <reporter-output>
          </reporter-output>
        </test-method> <!-- createCompany -->
        <test-method is-config="true" signature="seperateCase()[pri:0, instance:testPackage.CompanyAssetsTest@60099951]" started-at="2024-02-19T17:48:05 IST" name="seperateCase" finished-at="2024-02-19T17:48:05 IST" duration-ms="1" status="PASS">
          <reporter-output>
          </reporter-output>
        </test-method> <!-- seperateCase -->
        <test-method signature="searchCompany()[pri:1, instance:testPackage.CompanyAssetsTest@60099951]" started-at="2024-02-19T17:48:05 IST" name="searchCompany" description="Test Search company." finished-at="2024-02-19T17:48:08 IST" duration-ms="3256" status="PASS">
          <reporter-output>
          </reporter-output>
        </test-method> <!-- searchCompany -->
        <test-method is-config="true" signature="seperateCase()[pri:0, instance:testPackage.CompanyAssetsTest@60099951]" started-at="2024-02-19T17:48:08 IST" name="seperateCase" finished-at="2024-02-19T17:48:08 IST" duration-ms="1" status="PASS">
          <reporter-output>
          </reporter-output>
        </test-method> <!-- seperateCase -->
        <test-method signature="editCompany()[pri:2, instance:testPackage.CompanyAssetsTest@60099951]" started-at="2024-02-19T17:48:08 IST" name="editCompany" description="Test Edit Company assets." finished-at="2024-02-19T17:48:18 IST" duration-ms="9398" status="PASS">
          <reporter-output>
          </reporter-output>
        </test-method> <!-- editCompany -->
        <test-method is-config="true" signature="seperateCase()[pri:0, instance:testPackage.CompanyAssetsTest@60099951]" started-at="2024-02-19T17:48:18 IST" name="seperateCase" finished-at="2024-02-19T17:48:18 IST" duration-ms="1" status="PASS">
          <reporter-output>
          </reporter-output>
        </test-method> <!-- seperateCase -->
        <test-method signature="deleteCompany()[pri:3, instance:testPackage.CompanyAssetsTest@60099951]" started-at="2024-02-19T17:48:18 IST" name="deleteCompany" description="Test Delete Company assets." finished-at="2024-02-19T17:48:43 IST" duration-ms="25657" status="PASS">
          <reporter-output>
          </reporter-output>
        </test-method> <!-- deleteCompany -->
      </class> <!-- testPackage.CompanyAssetsTest -->
      <class name="testPackage.LoginTest">
        <test-method is-config="true" signature="prerequisite()[pri:0, instance:testPackage.LoginTest@e350b40]" started-at="2024-02-19T17:46:59 IST" name="prerequisite" finished-at="2024-02-19T17:47:23 IST" duration-ms="24266" status="PASS">
          <reporter-output>
          </reporter-output>
        </test-method> <!-- prerequisite -->
        <test-method is-config="true" signature="initializeExtentReport()[pri:0, instance:testPackage.LoginTest@e350b40]" started-at="2024-02-19T17:47:23 IST" name="initializeExtentReport" finished-at="2024-02-19T17:47:25 IST" duration-ms="1869" status="PASS">
          <reporter-output>
          </reporter-output>
        </test-method> <!-- initializeExtentReport -->
        <test-method is-config="true" signature="assignObjectForClass()[pri:0, instance:testPackage.LoginTest@e350b40]" started-at="2024-02-19T17:47:25 IST" name="assignObjectForClass" finished-at="2024-02-19T17:47:25 IST" duration-ms="72" status="PASS">
          <reporter-output>
          </reporter-output>
        </test-method> <!-- assignObjectForClass -->
        <test-method is-config="true" signature="seperateCase()[pri:0, instance:testPackage.LoginTest@e350b40]" started-at="2024-02-19T17:47:25 IST" name="seperateCase" finished-at="2024-02-19T17:47:25 IST" duration-ms="2" status="PASS">
          <reporter-output>
          </reporter-output>
        </test-method> <!-- seperateCase -->
        <test-method signature="validLoginTest(java.lang.String,java.lang.String)[pri:0, instance:testPackage.LoginTest@e350b40]" started-at="2024-02-19T17:47:25 IST" name="validLoginTest" description="Test Valid Login" data-provider="LoginTestData" finished-at="2024-02-19T17:47:57 IST" duration-ms="31676" status="PASS">
          <params>
            <param index="0">
              <value>
                <![CDATA[jay.soni+manager@openxcell.com]]>
              </value>
            </param>
            <param index="1">
              <value>
                <![CDATA[QA@12345]]>
              </value>
            </param>
          </params>
          <reporter-output>
          </reporter-output>
        </test-method> <!-- validLoginTest -->
        <test-method is-config="true" signature="flush()[pri:0, instance:testPackage.LoginTest@e350b40]" started-at="2024-02-19T17:49:43 IST" name="flush" finished-at="2024-02-19T17:49:43 IST" duration-ms="524" status="PASS">
          <reporter-output>
          </reporter-output>
        </test-method> <!-- flush -->
      </class> <!-- testPackage.LoginTest -->
    </test> <!-- Oilman -->
  </suite> <!-- Suite -->
</testng-results>
