<?xml version="1.0" encoding="UTF-8"?>
<testng-results ignored="4" total="9" passed="5" failed="0" skipped="0">
  <reporter-output>
  </reporter-output>
  <suite started-at="2024-04-10T18:11:41 IST" name="Suite" finished-at="2024-04-10T18:13:20 IST" duration-ms="99432">
    <groups>
    </groups>
    <test started-at="2024-04-10T18:11:41 IST" name="OilPilot" finished-at="2024-04-10T18:13:20 IST" duration-ms="99432">
      <class name="testPackage.OperatorAssetsTest">
        <test-method is-config="true" signature="assignObjectForClass()[pri:0, instance:testPackage.OperatorAssetsTest@2a7f1f10]" started-at="2024-04-10T18:12:04 IST" name="assignObjectForClass" finished-at="2024-04-10T18:12:04 IST" duration-ms="27" status="PASS">
          <reporter-output>
          </reporter-output>
        </test-method> <!-- assignObjectForClass -->
        <test-method is-config="true" signature="seperateCase()[pri:0, instance:testPackage.OperatorAssetsTest@2a7f1f10]" started-at="2024-04-10T18:12:04 IST" name="seperateCase" finished-at="2024-04-10T18:12:04 IST" duration-ms="1" status="PASS">
          <reporter-output>
          </reporter-output>
        </test-method> <!-- seperateCase -->
        <test-method signature="createOperator()[pri:0, instance:testPackage.OperatorAssetsTest@2a7f1f10]" started-at="2024-04-10T18:12:04 IST" name="createOperator" description="Test create Operator assets." finished-at="2024-04-10T18:12:23 IST" duration-ms="19157" status="PASS">
          <reporter-output>
          </reporter-output>
        </test-method> <!-- createOperator -->
        <test-method is-config="true" signature="seperateCase()[pri:0, instance:testPackage.OperatorAssetsTest@2a7f1f10]" started-at="2024-04-10T18:12:23 IST" name="seperateCase" finished-at="2024-04-10T18:12:23 IST" duration-ms="2" status="PASS">
          <reporter-output>
          </reporter-output>
        </test-method> <!-- seperateCase -->
        <test-method signature="searchOperator()[pri:1, instance:testPackage.OperatorAssetsTest@2a7f1f10]" started-at="2024-04-10T18:12:23 IST" name="searchOperator" description="Test search operator." finished-at="2024-04-10T18:12:35 IST" duration-ms="12059" status="PASS">
          <reporter-output>
          </reporter-output>
        </test-method> <!-- searchOperator -->
        <test-method is-config="true" signature="seperateCase()[pri:0, instance:testPackage.OperatorAssetsTest@2a7f1f10]" started-at="2024-04-10T18:12:35 IST" name="seperateCase" finished-at="2024-04-10T18:12:35 IST" duration-ms="2" status="PASS">
          <reporter-output>
          </reporter-output>
        </test-method> <!-- seperateCase -->
        <test-method signature="EditOperator()[pri:2, instance:testPackage.OperatorAssetsTest@2a7f1f10]" started-at="2024-04-10T18:12:35 IST" name="EditOperator" description="Test edit operator assets." finished-at="2024-04-10T18:12:55 IST" duration-ms="20439" status="PASS">
          <reporter-output>
          </reporter-output>
        </test-method> <!-- EditOperator -->
        <test-method is-config="true" signature="seperateCase()[pri:0, instance:testPackage.OperatorAssetsTest@2a7f1f10]" started-at="2024-04-10T18:12:55 IST" name="seperateCase" finished-at="2024-04-10T18:12:55 IST" duration-ms="1" status="PASS">
          <reporter-output>
          </reporter-output>
        </test-method> <!-- seperateCase -->
        <test-method signature="deleteOperator()[pri:3, instance:testPackage.OperatorAssetsTest@2a7f1f10]" started-at="2024-04-10T18:12:55 IST" name="deleteOperator" description="Test delete operator assets." finished-at="2024-04-10T18:13:20 IST" duration-ms="24331" status="PASS">
          <reporter-output>
          </reporter-output>
        </test-method> <!-- deleteOperator -->
      </class> <!-- testPackage.OperatorAssetsTest -->
      <class name="testPackage.LoginTest">
        <test-method is-config="true" signature="prerequisite()[pri:0, instance:testPackage.LoginTest@4145bad8]" started-at="2024-04-10T18:11:28 IST" name="prerequisite" finished-at="2024-04-10T18:11:41 IST" duration-ms="12412" status="PASS">
          <reporter-output>
          </reporter-output>
        </test-method> <!-- prerequisite -->
        <test-method is-config="true" signature="initializeExtentReport()[pri:0, instance:testPackage.LoginTest@4145bad8]" started-at="2024-04-10T18:11:41 IST" name="initializeExtentReport" finished-at="2024-04-10T18:11:41 IST" duration-ms="369" status="PASS">
          <reporter-output>
          </reporter-output>
        </test-method> <!-- initializeExtentReport -->
        <test-method is-config="true" signature="assignObjectForClass()[pri:0, instance:testPackage.LoginTest@4145bad8]" started-at="2024-04-10T18:11:41 IST" name="assignObjectForClass" finished-at="2024-04-10T18:11:42 IST" duration-ms="407" status="PASS">
          <reporter-output>
          </reporter-output>
        </test-method> <!-- assignObjectForClass -->
        <test-method is-config="true" signature="seperateCase()[pri:0, instance:testPackage.LoginTest@4145bad8]" started-at="2024-04-10T18:11:42 IST" name="seperateCase" finished-at="2024-04-10T18:11:42 IST" duration-ms="2" status="PASS">
          <reporter-output>
          </reporter-output>
        </test-method> <!-- seperateCase -->
        <test-method signature="validLoginTest(java.util.Map)[pri:0, instance:testPackage.LoginTest@4145bad8]" started-at="2024-04-10T18:11:42 IST" name="validLoginTest" description="Test Valid Login" data-provider="LoginTestData" finished-at="2024-04-10T18:12:04 IST" duration-ms="21848" status="PASS">
          <params>
            <param index="0">
              <value>
                <![CDATA[{username=jay.soni+manager@openxcell.com, password=QA@12345}]]>
              </value>
            </param>
          </params>
          <reporter-output>
          </reporter-output>
        </test-method> <!-- validLoginTest -->
        <test-method is-config="true" signature="flush()[pri:0, instance:testPackage.LoginTest@4145bad8]" started-at="2024-04-10T18:13:20 IST" name="flush" finished-at="2024-04-10T18:13:20 IST" duration-ms="439" status="PASS">
          <reporter-output>
          </reporter-output>
        </test-method> <!-- flush -->
        <test-method is-config="true" signature="closeBrowser()[pri:0, instance:testPackage.LoginTest@4145bad8]" started-at="2024-04-10T18:13:20 IST" name="closeBrowser" finished-at="2024-04-10T18:13:21 IST" duration-ms="291" status="PASS">
          <reporter-output>
          </reporter-output>
        </test-method> <!-- closeBrowser -->
      </class> <!-- testPackage.LoginTest -->
    </test> <!-- OilPilot -->
  </suite> <!-- Suite -->
</testng-results>
