<?xml version="1.0" encoding="UTF-8"?>
<testng-results ignored="4" total="9" passed="5" failed="0" skipped="0">
  <reporter-output>
  </reporter-output>
  <suite started-at="2024-02-12T12:25:20 IST" name="Suite" finished-at="2024-02-12T12:26:34 IST" duration-ms="74465">
    <groups>
    </groups>
    <test started-at="2024-02-12T12:25:20 IST" name="Oilman" finished-at="2024-02-12T12:26:34 IST" duration-ms="74465">
      <class name="testPackage.CompanyAssetsTest">
        <test-method is-config="true" signature="assignObjectForClass()[pri:0, instance:testPackage.CompanyAssetsTest@109f5dd8]" started-at="2024-02-12T12:25:48 IST" name="assignObjectForClass" finished-at="2024-02-12T12:25:48 IST" duration-ms="47" status="PASS">
          <reporter-output>
          </reporter-output>
        </test-method> <!-- assignObjectForClass -->
        <test-method is-config="true" signature="seperateCase()[pri:0, instance:testPackage.CompanyAssetsTest@109f5dd8]" started-at="2024-02-12T12:25:48 IST" name="seperateCase" finished-at="2024-02-12T12:25:48 IST" duration-ms="2" status="PASS">
          <reporter-output>
          </reporter-output>
        </test-method> <!-- seperateCase -->
        <test-method signature="createCompany()[pri:0, instance:testPackage.CompanyAssetsTest@109f5dd8]" started-at="2024-02-12T12:25:48 IST" name="createCompany" description="Test Company assets." finished-at="2024-02-12T12:26:08 IST" duration-ms="19778" status="PASS">
          <reporter-output>
          </reporter-output>
        </test-method> <!-- createCompany -->
        <test-method is-config="true" signature="seperateCase()[pri:0, instance:testPackage.CompanyAssetsTest@109f5dd8]" started-at="2024-02-12T12:26:08 IST" name="seperateCase" finished-at="2024-02-12T12:26:08 IST" duration-ms="3" status="PASS">
          <reporter-output>
          </reporter-output>
        </test-method> <!-- seperateCase -->
        <test-method signature="searchCompany()[pri:1, instance:testPackage.CompanyAssetsTest@109f5dd8]" started-at="2024-02-12T12:26:08 IST" name="searchCompany" description="Test Search company." finished-at="2024-02-12T12:26:13 IST" duration-ms="5342" status="PASS">
          <reporter-output>
          </reporter-output>
        </test-method> <!-- searchCompany -->
        <test-method is-config="true" signature="seperateCase()[pri:0, instance:testPackage.CompanyAssetsTest@109f5dd8]" started-at="2024-02-12T12:26:13 IST" name="seperateCase" finished-at="2024-02-12T12:26:13 IST" duration-ms="7" status="PASS">
          <reporter-output>
          </reporter-output>
        </test-method> <!-- seperateCase -->
        <test-method signature="editCompany()[pri:2, instance:testPackage.CompanyAssetsTest@109f5dd8]" started-at="2024-02-12T12:26:13 IST" name="editCompany" description="Test Edit Company assets." finished-at="2024-02-12T12:26:25 IST" duration-ms="11674" status="PASS">
          <reporter-output>
          </reporter-output>
        </test-method> <!-- editCompany -->
        <test-method is-config="true" signature="seperateCase()[pri:0, instance:testPackage.CompanyAssetsTest@109f5dd8]" started-at="2024-02-12T12:26:25 IST" name="seperateCase" finished-at="2024-02-12T12:26:25 IST" duration-ms="2" status="PASS">
          <reporter-output>
          </reporter-output>
        </test-method> <!-- seperateCase -->
        <test-method signature="deleteCompany()[pri:3, instance:testPackage.CompanyAssetsTest@109f5dd8]" started-at="2024-02-12T12:26:25 IST" name="deleteCompany" description="Test Delete Company assets." finished-at="2024-02-12T12:26:32 IST" duration-ms="7550" status="PASS">
          <reporter-output>
          </reporter-output>
        </test-method> <!-- deleteCompany -->
      </class> <!-- testPackage.CompanyAssetsTest -->
      <class name="testPackage.LoginTest">
        <test-method is-config="true" signature="prerequisite()[pri:0, instance:testPackage.LoginTest@7f34a967]" started-at="2024-02-12T12:25:03 IST" name="prerequisite" finished-at="2024-02-12T12:25:20 IST" duration-ms="16748" status="PASS">
          <reporter-output>
          </reporter-output>
        </test-method> <!-- prerequisite -->
        <test-method is-config="true" signature="initializeExtentReport()[pri:0, instance:testPackage.LoginTest@7f34a967]" started-at="2024-02-12T12:25:20 IST" name="initializeExtentReport" finished-at="2024-02-12T12:25:24 IST" duration-ms="3659" status="PASS">
          <reporter-output>
          </reporter-output>
        </test-method> <!-- initializeExtentReport -->
        <test-method is-config="true" signature="assignObjectForClass()[pri:0, instance:testPackage.LoginTest@7f34a967]" started-at="2024-02-12T12:25:24 IST" name="assignObjectForClass" finished-at="2024-02-12T12:25:24 IST" duration-ms="429" status="PASS">
          <reporter-output>
          </reporter-output>
        </test-method> <!-- assignObjectForClass -->
        <test-method is-config="true" signature="seperateCase()[pri:0, instance:testPackage.LoginTest@7f34a967]" started-at="2024-02-12T12:25:24 IST" name="seperateCase" finished-at="2024-02-12T12:25:24 IST" duration-ms="3" status="PASS">
          <reporter-output>
          </reporter-output>
        </test-method> <!-- seperateCase -->
        <test-method signature="validLoginTest(java.lang.String,java.lang.String)[pri:0, instance:testPackage.LoginTest@7f34a967]" started-at="2024-02-12T12:25:24 IST" name="validLoginTest" description="Test Valid Login" data-provider="LoginTestData" finished-at="2024-02-12T12:25:48 IST" duration-ms="23447" status="PASS">
          <params>
            <param index="0">
              <value>
                <![CDATA[jay.soni+manager@openxcell.com]]>
              </value>
            </param>
            <param index="1">
              <value>
                <![CDATA[QA@12345]]>
              </value>
            </param>
          </params>
          <reporter-output>
          </reporter-output>
        </test-method> <!-- validLoginTest -->
        <test-method is-config="true" signature="flush()[pri:0, instance:testPackage.LoginTest@7f34a967]" started-at="2024-02-12T12:26:32 IST" name="flush" finished-at="2024-02-12T12:26:34 IST" duration-ms="2030" status="PASS">
          <reporter-output>
          </reporter-output>
        </test-method> <!-- flush -->
        <test-method is-config="true" signature="closeBrowser()[pri:0, instance:testPackage.LoginTest@7f34a967]" started-at="2024-02-12T12:26:34 IST" name="closeBrowser" finished-at="2024-02-12T12:26:35 IST" duration-ms="581" status="PASS">
          <reporter-output>
          </reporter-output>
        </test-method> <!-- closeBrowser -->
      </class> <!-- testPackage.LoginTest -->
    </test> <!-- Oilman -->
  </suite> <!-- Suite -->
</testng-results>
