<?xml version="1.0" encoding="UTF-8"?>
<testng-results ignored="4" total="9" passed="5" failed="0" skipped="0">
  <reporter-output>
  </reporter-output>
  <suite started-at="2024-02-09T17:27:18 IST" name="Suite" finished-at="2024-02-09T17:28:18 IST" duration-ms="59816">
    <groups>
    </groups>
    <test started-at="2024-02-09T17:27:18 IST" name="Oilman" finished-at="2024-02-09T17:28:18 IST" duration-ms="59816">
      <class name="testPackage.CompanyAssetsTest">
        <test-method is-config="true" signature="assignObjectForClass()[pri:0, instance:testPackage.CompanyAssetsTest@130c12b7]" started-at="2024-02-09T17:27:38 IST" name="assignObjectForClass" finished-at="2024-02-09T17:27:38 IST" duration-ms="9" status="PASS">
          <reporter-output>
          </reporter-output>
        </test-method> <!-- assignObjectForClass -->
        <test-method is-config="true" signature="seperateCase()[pri:0, instance:testPackage.CompanyAssetsTest@130c12b7]" started-at="2024-02-09T17:27:38 IST" name="seperateCase" finished-at="2024-02-09T17:27:38 IST" duration-ms="2" status="PASS">
          <reporter-output>
          </reporter-output>
        </test-method> <!-- seperateCase -->
        <test-method signature="createCompany()[pri:0, instance:testPackage.CompanyAssetsTest@130c12b7]" started-at="2024-02-09T17:27:38 IST" name="createCompany" description="Test Company assets." finished-at="2024-02-09T17:27:57 IST" duration-ms="19281" status="PASS">
          <reporter-output>
          </reporter-output>
        </test-method> <!-- createCompany -->
        <test-method is-config="true" signature="seperateCase()[pri:0, instance:testPackage.CompanyAssetsTest@130c12b7]" started-at="2024-02-09T17:27:57 IST" name="seperateCase" finished-at="2024-02-09T17:27:57 IST" duration-ms="1" status="PASS">
          <reporter-output>
          </reporter-output>
        </test-method> <!-- seperateCase -->
        <test-method signature="searchCompany()[pri:1, instance:testPackage.CompanyAssetsTest@130c12b7]" started-at="2024-02-09T17:27:57 IST" name="searchCompany" description="Test Search company." finished-at="2024-02-09T17:28:01 IST" duration-ms="4656" status="PASS">
          <reporter-output>
          </reporter-output>
        </test-method> <!-- searchCompany -->
        <test-method is-config="true" signature="seperateCase()[pri:0, instance:testPackage.CompanyAssetsTest@130c12b7]" started-at="2024-02-09T17:28:01 IST" name="seperateCase" finished-at="2024-02-09T17:28:01 IST" duration-ms="1" status="PASS">
          <reporter-output>
          </reporter-output>
        </test-method> <!-- seperateCase -->
        <test-method signature="editCompany()[pri:2, instance:testPackage.CompanyAssetsTest@130c12b7]" started-at="2024-02-09T17:28:01 IST" name="editCompany" description="Test Edit Company assets." finished-at="2024-02-09T17:28:11 IST" duration-ms="9788" status="PASS">
          <reporter-output>
          </reporter-output>
        </test-method> <!-- editCompany -->
        <test-method is-config="true" signature="seperateCase()[pri:0, instance:testPackage.CompanyAssetsTest@130c12b7]" started-at="2024-02-09T17:28:11 IST" name="seperateCase" finished-at="2024-02-09T17:28:11 IST" duration-ms="1" status="PASS">
          <reporter-output>
          </reporter-output>
        </test-method> <!-- seperateCase -->
        <test-method signature="deleteCompany()[pri:3, instance:testPackage.CompanyAssetsTest@130c12b7]" started-at="2024-02-09T17:28:11 IST" name="deleteCompany" description="Test Delete Company assets." finished-at="2024-02-09T17:28:18 IST" duration-ms="6469" status="PASS">
          <reporter-output>
          </reporter-output>
        </test-method> <!-- deleteCompany -->
      </class> <!-- testPackage.CompanyAssetsTest -->
      <class name="testPackage.LoginTest">
        <test-method is-config="true" signature="prerequisite()[pri:0, instance:testPackage.LoginTest@242b836]" started-at="2024-02-09T17:27:08 IST" name="prerequisite" finished-at="2024-02-09T17:27:18 IST" duration-ms="10079" status="PASS">
          <reporter-output>
          </reporter-output>
        </test-method> <!-- prerequisite -->
        <test-method is-config="true" signature="initializeExtentReport()[pri:0, instance:testPackage.LoginTest@242b836]" started-at="2024-02-09T17:27:18 IST" name="initializeExtentReport" finished-at="2024-02-09T17:27:19 IST" duration-ms="342" status="PASS">
          <reporter-output>
          </reporter-output>
        </test-method> <!-- initializeExtentReport -->
        <test-method is-config="true" signature="assignObjectForClass()[pri:0, instance:testPackage.LoginTest@242b836]" started-at="2024-02-09T17:27:19 IST" name="assignObjectForClass" finished-at="2024-02-09T17:27:19 IST" duration-ms="62" status="PASS">
          <reporter-output>
          </reporter-output>
        </test-method> <!-- assignObjectForClass -->
        <test-method is-config="true" signature="seperateCase()[pri:0, instance:testPackage.LoginTest@242b836]" started-at="2024-02-09T17:27:19 IST" name="seperateCase" finished-at="2024-02-09T17:27:19 IST" duration-ms="1" status="PASS">
          <reporter-output>
          </reporter-output>
        </test-method> <!-- seperateCase -->
        <test-method signature="validLoginTest(java.lang.String,java.lang.String)[pri:0, instance:testPackage.LoginTest@242b836]" started-at="2024-02-09T17:27:19 IST" name="validLoginTest" description="Test Valid Login" data-provider="LoginTestData" finished-at="2024-02-09T17:27:37 IST" duration-ms="18645" status="PASS">
          <params>
            <param index="0">
              <value>
                <![CDATA[jay.soni+manager@openxcell.com]]>
              </value>
            </param>
            <param index="1">
              <value>
                <![CDATA[QA@12345]]>
              </value>
            </param>
          </params>
          <reporter-output>
          </reporter-output>
        </test-method> <!-- validLoginTest -->
        <test-method is-config="true" signature="flush()[pri:0, instance:testPackage.LoginTest@242b836]" started-at="2024-02-09T17:28:18 IST" name="flush" finished-at="2024-02-09T17:28:18 IST" duration-ms="482" status="PASS">
          <reporter-output>
          </reporter-output>
        </test-method> <!-- flush -->
        <test-method is-config="true" signature="closeBrowser()[pri:0, instance:testPackage.LoginTest@242b836]" started-at="2024-02-09T17:28:18 IST" name="closeBrowser" finished-at="2024-02-09T17:28:19 IST" duration-ms="178" status="PASS">
          <reporter-output>
          </reporter-output>
        </test-method> <!-- closeBrowser -->
      </class> <!-- testPackage.LoginTest -->
    </test> <!-- Oilman -->
  </suite> <!-- Suite -->
</testng-results>
