<?xml version="1.0" encoding="UTF-8"?>
<testng-results ignored="0" total="1" passed="1" failed="0" skipped="0">
  <reporter-output>
  </reporter-output>
  <suite started-at="2024-04-08T15:16:03 IST" name="Suite" finished-at="2024-04-08T15:16:27 IST" duration-ms="24286">
    <groups>
    </groups>
    <test started-at="2024-04-08T15:16:03 IST" name="OilPilot" finished-at="2024-04-08T15:16:27 IST" duration-ms="24286">
      <class name="testPackage.LoginTest">
        <test-method is-config="true" signature="prerequisite()[pri:0, instance:testPackage.LoginTest@1ffaf86]" started-at="2024-04-08T15:15:28 IST" name="prerequisite" finished-at="2024-04-08T15:16:03 IST" duration-ms="34989" status="PASS">
          <reporter-output>
          </reporter-output>
        </test-method> <!-- prerequisite -->
        <test-method is-config="true" signature="initializeExtentReport()[pri:0, instance:testPackage.LoginTest@1ffaf86]" started-at="2024-04-08T15:16:03 IST" name="initializeExtentReport" finished-at="2024-04-08T15:16:03 IST" duration-ms="328" status="PASS">
          <reporter-output>
          </reporter-output>
        </test-method> <!-- initializeExtentReport -->
        <test-method is-config="true" signature="assignObjectForClass()[pri:0, instance:testPackage.LoginTest@1ffaf86]" started-at="2024-04-08T15:16:03 IST" name="assignObjectForClass" finished-at="2024-04-08T15:16:03 IST" duration-ms="87" status="PASS">
          <reporter-output>
          </reporter-output>
        </test-method> <!-- assignObjectForClass -->
        <test-method is-config="true" signature="seperateCase()[pri:0, instance:testPackage.LoginTest@1ffaf86]" started-at="2024-04-08T15:16:04 IST" name="seperateCase" finished-at="2024-04-08T15:16:04 IST" duration-ms="1" status="PASS">
          <reporter-output>
          </reporter-output>
        </test-method> <!-- seperateCase -->
        <test-method signature="validLoginTest(java.util.Map)[pri:0, instance:testPackage.LoginTest@1ffaf86]" started-at="2024-04-08T15:16:04 IST" name="validLoginTest" description="Test Valid Login" data-provider="LoginTestData" finished-at="2024-04-08T15:16:26 IST" duration-ms="22937" status="PASS">
          <params>
            <param index="0">
              <value>
                <![CDATA[{username=jay.soni+manager@openxcell.com, password=QA@12345}]]>
              </value>
            </param>
          </params>
          <reporter-output>
          </reporter-output>
        </test-method> <!-- validLoginTest -->
        <test-method is-config="true" signature="flush()[pri:0, instance:testPackage.LoginTest@1ffaf86]" started-at="2024-04-08T15:16:27 IST" name="flush" finished-at="2024-04-08T15:16:27 IST" duration-ms="579" status="PASS">
          <reporter-output>
          </reporter-output>
        </test-method> <!-- flush -->
        <test-method is-config="true" signature="closeBrowser()[pri:0, instance:testPackage.LoginTest@1ffaf86]" started-at="2024-04-08T15:16:27 IST" name="closeBrowser" finished-at="2024-04-08T15:16:28 IST" duration-ms="442" status="PASS">
          <reporter-output>
          </reporter-output>
        </test-method> <!-- closeBrowser -->
      </class> <!-- testPackage.LoginTest -->
    </test> <!-- OilPilot -->
  </suite> <!-- Suite -->
</testng-results>
