<?xml version="1.0" encoding="UTF-8"?>
<testng-results ignored="4" total="9" passed="5" failed="0" skipped="0">
  <reporter-output>
  </reporter-output>
  <suite started-at="2024-02-09T22:31:30 IST" name="Suite" finished-at="2024-02-09T22:32:29 IST" duration-ms="59747">
    <groups>
    </groups>
    <test started-at="2024-02-09T22:31:30 IST" name="Oilman" finished-at="2024-02-09T22:32:29 IST" duration-ms="59747">
      <class name="testPackage.CompanyAssetsTest">
        <test-method is-config="true" signature="assignObjectForClass()[pri:0, instance:testPackage.CompanyAssetsTest@11392934]" started-at="2024-02-09T22:31:52 IST" name="assignObjectForClass" finished-at="2024-02-09T22:31:52 IST" duration-ms="73" status="PASS">
          <reporter-output>
          </reporter-output>
        </test-method> <!-- assignObjectForClass -->
        <test-method is-config="true" signature="seperateCase()[pri:0, instance:testPackage.CompanyAssetsTest@11392934]" started-at="2024-02-09T22:31:52 IST" name="seperateCase" finished-at="2024-02-09T22:31:52 IST" duration-ms="8" status="PASS">
          <reporter-output>
          </reporter-output>
        </test-method> <!-- seperateCase -->
        <test-method signature="createCompany()[pri:0, instance:testPackage.CompanyAssetsTest@11392934]" started-at="2024-02-09T22:31:52 IST" name="createCompany" description="Test Company assets." finished-at="2024-02-09T22:32:04 IST" duration-ms="11488" status="PASS">
          <reporter-output>
          </reporter-output>
        </test-method> <!-- createCompany -->
        <test-method is-config="true" signature="seperateCase()[pri:0, instance:testPackage.CompanyAssetsTest@11392934]" started-at="2024-02-09T22:32:04 IST" name="seperateCase" finished-at="2024-02-09T22:32:04 IST" duration-ms="18" status="PASS">
          <reporter-output>
          </reporter-output>
        </test-method> <!-- seperateCase -->
        <test-method signature="searchCompany()[pri:1, instance:testPackage.CompanyAssetsTest@11392934]" started-at="2024-02-09T22:32:04 IST" name="searchCompany" description="Test Search company." finished-at="2024-02-09T22:32:09 IST" duration-ms="5312" status="PASS">
          <reporter-output>
          </reporter-output>
        </test-method> <!-- searchCompany -->
        <test-method is-config="true" signature="seperateCase()[pri:0, instance:testPackage.CompanyAssetsTest@11392934]" started-at="2024-02-09T22:32:09 IST" name="seperateCase" finished-at="2024-02-09T22:32:09 IST" duration-ms="24" status="PASS">
          <reporter-output>
          </reporter-output>
        </test-method> <!-- seperateCase -->
        <test-method signature="editCompany()[pri:2, instance:testPackage.CompanyAssetsTest@11392934]" started-at="2024-02-09T22:32:09 IST" name="editCompany" description="Test Edit Company assets." finished-at="2024-02-09T22:32:21 IST" duration-ms="11502" status="PASS">
          <reporter-output>
          </reporter-output>
        </test-method> <!-- editCompany -->
        <test-method is-config="true" signature="seperateCase()[pri:0, instance:testPackage.CompanyAssetsTest@11392934]" started-at="2024-02-09T22:32:21 IST" name="seperateCase" finished-at="2024-02-09T22:32:21 IST" duration-ms="3" status="PASS">
          <reporter-output>
          </reporter-output>
        </test-method> <!-- seperateCase -->
        <test-method signature="deleteCompany()[pri:3, instance:testPackage.CompanyAssetsTest@11392934]" started-at="2024-02-09T22:32:21 IST" name="deleteCompany" description="Test Delete Company assets." finished-at="2024-02-09T22:32:28 IST" duration-ms="7287" status="PASS">
          <reporter-output>
          </reporter-output>
        </test-method> <!-- deleteCompany -->
      </class> <!-- testPackage.CompanyAssetsTest -->
      <class name="testPackage.LoginTest">
        <test-method is-config="true" signature="prerequisite()[pri:0, instance:testPackage.LoginTest@f0c8a99]" started-at="2024-02-09T22:31:11 IST" name="prerequisite" finished-at="2024-02-09T22:31:30 IST" duration-ms="18604" status="PASS">
          <reporter-output>
          </reporter-output>
        </test-method> <!-- prerequisite -->
        <test-method is-config="true" signature="initializeExtentReport()[pri:0, instance:testPackage.LoginTest@f0c8a99]" started-at="2024-02-09T22:31:30 IST" name="initializeExtentReport" finished-at="2024-02-09T22:31:30 IST" duration-ms="974" status="PASS">
          <reporter-output>
          </reporter-output>
        </test-method> <!-- initializeExtentReport -->
        <test-method is-config="true" signature="assignObjectForClass()[pri:0, instance:testPackage.LoginTest@f0c8a99]" started-at="2024-02-09T22:31:31 IST" name="assignObjectForClass" finished-at="2024-02-09T22:31:31 IST" duration-ms="104" status="PASS">
          <reporter-output>
          </reporter-output>
        </test-method> <!-- assignObjectForClass -->
        <test-method is-config="true" signature="seperateCase()[pri:0, instance:testPackage.LoginTest@f0c8a99]" started-at="2024-02-09T22:31:31 IST" name="seperateCase" finished-at="2024-02-09T22:31:31 IST" duration-ms="3" status="PASS">
          <reporter-output>
          </reporter-output>
        </test-method> <!-- seperateCase -->
        <test-method signature="validLoginTest(java.lang.String,java.lang.String)[pri:0, instance:testPackage.LoginTest@f0c8a99]" started-at="2024-02-09T22:31:31 IST" name="validLoginTest" description="Test Valid Login" data-provider="LoginTestData" finished-at="2024-02-09T22:31:52 IST" duration-ms="21567" status="PASS">
          <params>
            <param index="0">
              <value>
                <![CDATA[jay.soni+manager@openxcell.com]]>
              </value>
            </param>
            <param index="1">
              <value>
                <![CDATA[QA@12345]]>
              </value>
            </param>
          </params>
          <reporter-output>
          </reporter-output>
        </test-method> <!-- validLoginTest -->
        <test-method is-config="true" signature="flush()[pri:0, instance:testPackage.LoginTest@f0c8a99]" started-at="2024-02-09T22:32:28 IST" name="flush" finished-at="2024-02-09T22:32:29 IST" duration-ms="1185" status="PASS">
          <reporter-output>
          </reporter-output>
        </test-method> <!-- flush -->
        <test-method is-config="true" signature="closeBrowser()[pri:0, instance:testPackage.LoginTest@f0c8a99]" started-at="2024-02-09T22:32:29 IST" name="closeBrowser" finished-at="2024-02-09T22:32:30 IST" duration-ms="398" status="PASS">
          <reporter-output>
          </reporter-output>
        </test-method> <!-- closeBrowser -->
      </class> <!-- testPackage.LoginTest -->
    </test> <!-- Oilman -->
  </suite> <!-- Suite -->
</testng-results>
