<?xml version="1.0" encoding="UTF-8"?>
<testng-results ignored="4" total="6" passed="0" failed="0" skipped="2">
  <reporter-output>
  </reporter-output>
  <suite started-at="2024-03-21T18:04:32 IST" name="Suite" finished-at="2024-03-21T18:04:35 IST" duration-ms="2843">
    <groups>
    </groups>
    <test started-at="2024-03-21T18:04:32 IST" name="OilPilot" finished-at="2024-03-21T18:04:35 IST" duration-ms="2843">
      <class name="testPackage.TankAssetsTest">
        <test-method is-config="true" signature="assignObjectForClass()[pri:0, instance:testPackage.TankAssetsTest@738dc9b]" started-at="2024-03-21T18:04:33 IST" name="assignObjectForClass" finished-at="2024-03-21T18:04:34 IST" duration-ms="575" status="FAIL">
          <exception class="java.lang.StackOverflowError">
            <full-stacktrace>
              <![CDATA[java.lang.StackOverflowError
at java.base/jdk.internal.reflect.Reflection.verifyMemberAccess(Reflection.java:141)
at java.base/java.lang.reflect.AccessibleObject.slowVerifyAccess(AccessibleObject.java:715)
at java.base/java.lang.reflect.AccessibleObject.verifyAccess(AccessibleObject.java:701)
at java.base/java.lang.reflect.AccessibleObject.checkAccess(AccessibleObject.java:673)
at java.base/java.lang.reflect.Constructor.newInstanceWithCaller(Constructor.java:489)
at java.base/java.lang.reflect.Constructor.newInstance(Constructor.java:480)
at org.openqa.selenium.support.pagefactory.Annotations.buildBy(Annotations.java:76)
at org.openqa.selenium.support.pagefactory.DefaultElementLocator.<init>(DefaultElementLocator.java:58)
at org.openqa.selenium.support.pagefactory.DefaultElementLocator.<init>(DefaultElementLocator.java:46)
at org.openqa.selenium.support.pagefactory.DefaultElementLocatorFactory.createLocator(DefaultElementLocatorFactory.java:32)
at org.openqa.selenium.support.pagefactory.DefaultFieldDecorator.decorate(DefaultFieldDecorator.java:55)
at org.openqa.selenium.support.PageFactory.proxyFields(PageFactory.java:109)
at org.openqa.selenium.support.PageFactory.initElements(PageFactory.java:101)
at org.openqa.selenium.support.PageFactory.initElements(PageFactory.java:88)
at org.openqa.selenium.support.PageFactory.initElements(PageFactory.java:76)
at pageClass.DashBoardPage.<init>(DashBoardPage.java:50)
at pageClass.TankAssetsPage.<init>(TankAssetsPage.java:32)
at pageClass.commonLocatorsRepo.<init>(commonLocatorsRepo.java:25)
at pageClass.DashBoardPage.<init>(DashBoardPage.java:52)
at pageClass.TankAssetsPage.<init>(TankAssetsPage.java:32)
at pageClass.commonLocatorsRepo.<init>(commonLocatorsRepo.java:25)
at pageClass.DashBoardPage.<init>(DashBoardPage.java:52)
at pageClass.TankAssetsPage.<init>(TankAssetsPage.java:32)
at pageClass.commonLocatorsRepo.<init>(commonLocatorsRepo.java:25)
at pageClass.DashBoardPage.<init>(DashBoardPage.java:52)
at pageClass.TankAssetsPage.<init>(TankAssetsPage.java:32)
at pageClass.commonLocatorsRepo.<init>(commonLocatorsRepo.java:25)
at pageClass.DashBoardPage.<init>(DashBoardPage.java:52)
at pageClass.TankAssetsPage.<init>(TankAssetsPage.java:32)
at pageClass.commonLocatorsRepo.<init>(commonLocatorsRepo.java:25)
at pageClass.DashBoardPage.<init>(DashBoardPage.java:52)
at pageClass.TankAssetsPage.<init>(TankAssetsPage.java:32)
at pageClass.commonLocatorsRepo.<init>(commonLocatorsRepo.java:25)
at pageClass.DashBoardPage.<init>(DashBoardPage.java:52)
at pageClass.TankAssetsPage.<init>(TankAssetsPage.java:32)
at pageClass.commonLocatorsRepo.<init>(commonLocatorsRepo.java:25)
at pageClass.DashBoardPage.<init>(DashBoardPage.java:52)
at pageClass.TankAssetsPage.<init>(TankAssetsPage.java:32)
at pageClass.commonLocatorsRepo.<init>(commonLocatorsRepo.java:25)
at pageClass.DashBoardPage.<init>(DashBoardPage.java:52)
at pageClass.TankAssetsPage.<init>(TankAssetsPage.java:32)
at pageClass.commonLocatorsRepo.<init>(commonLocatorsRepo.java:25)
at pageClass.DashBoardPage.<init>(DashBoardPage.java:52)
at pageClass.TankAssetsPage.<init>(TankAssetsPage.java:32)
at pageClass.commonLocatorsRepo.<init>(commonLocatorsRepo.java:25)
at pageClass.DashBoardPage.<init>(DashBoardPage.java:52)
at pageClass.TankAssetsPage.<init>(TankAssetsPage.java:32)
at pageClass.commonLocatorsRepo.<init>(commonLocatorsRepo.java:25)
at pageClass.DashBoardPage.<init>(DashBoardPage.java:52)
at pageClass.TankAssetsPage.<init>(TankAssetsPage.java:32)
at pageClass.commonLocatorsRepo.<init>(commonLocatorsRepo.java:25)
at pageClass.DashBoardPage.<init>(DashBoardPage.java:52)
at pageClass.TankAssetsPage.<init>(TankAssetsPage.java:32)
at pageClass.commonLocatorsRepo.<init>(commonLocatorsRepo.java:25)
at pageClass.DashBoardPage.<init>(DashBoardPage.java:52)
at pageClass.TankAssetsPage.<init>(TankAssetsPage.java:32)
at pageClass.commonLocatorsRepo.<init>(commonLocatorsRepo.java:25)
at pageClass.DashBoardPage.<init>(DashBoardPage.java:52)
at pageClass.TankAssetsPage.<init>(TankAssetsPage.java:32)
at pageClass.commonLocatorsRepo.<init>(commonLocatorsRepo.java:25)
at pageClass.DashBoardPage.<init>(DashBoardPage.java:52)
at pageClass.TankAssetsPage.<init>(TankAssetsPage.java:32)
at pageClass.commonLocatorsRepo.<init>(commonLocatorsRepo.java:25)
at pageClass.DashBoardPage.<init>(DashBoardPage.java:52)
at pageClass.TankAssetsPage.<init>(TankAssetsPage.java:32)
at pageClass.commonLocatorsRepo.<init>(commonLocatorsRepo.java:25)
at pageClass.DashBoardPage.<init>(DashBoardPage.java:52)
at pageClass.TankAssetsPage.<init>(TankAssetsPage.java:32)
at pageClass.commonLocatorsRepo.<init>(commonLocatorsRepo.java:25)
at pageClass.DashBoardPage.<init>(DashBoardPage.java:52)
at pageClass.TankAssetsPage.<init>(TankAssetsPage.java:32)
at pageClass.commonLocatorsRepo.<init>(commonLocatorsRepo.java:25)
at pageClass.DashBoardPage.<init>(DashBoardPage.java:52)
at pageClass.TankAssetsPage.<init>(TankAssetsPage.java:32)
at pageClass.commonLocatorsRepo.<init>(commonLocatorsRepo.java:25)
at pageClass.DashBoardPage.<init>(DashBoardPage.java:52)
at pageClass.TankAssetsPage.<init>(TankAssetsPage.java:32)
at pageClass.commonLocatorsRepo.<init>(commonLocatorsRepo.java:25)
at pageClass.DashBoardPage.<init>(DashBoardPage.java:52)
at pageClass.TankAssetsPage.<init>(TankAssetsPage.java:32)
at pageClass.commonLocatorsRepo.<init>(commonLocatorsRepo.java:25)
at pageClass.DashBoardPage.<init>(DashBoardPage.java:52)
at pageClass.TankAssetsPage.<init>(TankAssetsPage.java:32)
at pageClass.commonLocatorsRepo.<init>(commonLocatorsRepo.java:25)
at pageClass.DashBoardPage.<init>(DashBoardPage.java:52)
at pageClass.TankAssetsPage.<init>(TankAssetsPage.java:32)
at pageClass.commonLocatorsRepo.<init>(commonLocatorsRepo.java:25)
at pageClass.DashBoardPage.<init>(DashBoardPage.java:52)
at pageClass.TankAssetsPage.<init>(TankAssetsPage.java:32)
at pageClass.commonLocatorsRepo.<init>(commonLocatorsRepo.java:25)
at pageClass.DashBoardPage.<init>(DashBoardPage.java:52)
at pageClass.TankAssetsPage.<init>(TankAssetsPage.java:32)
at pageClass.commonLocatorsRepo.<init>(commonLocatorsRepo.java:25)
at pageClass.DashBoardPage.<init>(DashBoardPage.java:52)
at pageClass.TankAssetsPage.<init>(TankAssetsPage.java:32)
at pageClass.commonLocatorsRepo.<init>(commonLocatorsRepo.java:25)
at pageClass.DashBoardPage.<init>(DashBoardPage.java:52)
at pageClass.TankAssetsPage.<init>(TankAssetsPage.java:32)
at pageClass.commonLocatorsRepo.<init>(commonLocatorsRepo.java:25)
at pageClass.DashBoardPage.<init>(DashBoardPage.java:52)
at pageClass.TankAssetsPage.<init>(TankAssetsPage.java:32)
at pageClass.commonLocatorsRepo.<init>(commonLocatorsRepo.java:25)
at pageClass.DashBoardPage.<init>(DashBoardPage.java:52)
at pageClass.TankAssetsPage.<init>(TankAssetsPage.java:32)
at pageClass.commonLocatorsRepo.<init>(commonLocatorsRepo.java:25)
at pageClass.DashBoardPage.<init>(DashBoardPage.java:52)
at pageClass.TankAssetsPage.<init>(TankAssetsPage.java:32)
at pageClass.commonLocatorsRepo.<init>(commonLocatorsRepo.java:25)
at pageClass.DashBoardPage.<init>(DashBoardPage.java:52)
at pageClass.TankAssetsPage.<init>(TankAssetsPage.java:32)
at pageClass.commonLocatorsRepo.<init>(commonLocatorsRepo.java:25)
at pageClass.DashBoardPage.<init>(DashBoardPage.java:52)
at pageClass.TankAssetsPage.<init>(TankAssetsPage.java:32)
at pageClass.commonLocatorsRepo.<init>(commonLocatorsRepo.java:25)
at pageClass.DashBoardPage.<init>(DashBoardPage.java:52)
at pageClass.TankAssetsPage.<init>(TankAssetsPage.java:32)
at pageClass.commonLocatorsRepo.<init>(commonLocatorsRepo.java:25)
at pageClass.DashBoardPage.<init>(DashBoardPage.java:52)
at pageClass.TankAssetsPage.<init>(TankAssetsPage.java:32)
at pageClass.commonLocatorsRepo.<init>(commonLocatorsRepo.java:25)
at pageClass.DashBoardPage.<init>(DashBoardPage.java:52)
at pageClass.TankAssetsPage.<init>(TankAssetsPage.java:32)
at pageClass.commonLocatorsRepo.<init>(commonLocatorsRepo.java:25)
at pageClass.DashBoardPage.<init>(DashBoardPage.java:52)
at pageClass.TankAssetsPage.<init>(TankAssetsPage.java:32)
at pageClass.commonLocatorsRepo.<init>(commonLocatorsRepo.java:25)
at pageClass.DashBoardPage.<init>(DashBoardPage.java:52)
at pageClass.TankAssetsPage.<init>(TankAssetsPage.java:32)
at pageClass.commonLocatorsRepo.<init>(commonLocatorsRepo.java:25)
at pageClass.DashBoardPage.<init>(DashBoardPage.java:52)
at pageClass.TankAssetsPage.<init>(TankAssetsPage.java:32)
at pageClass.commonLocatorsRepo.<init>(commonLocatorsRepo.java:25)
at pageClass.DashBoardPage.<init>(DashBoardPage.java:52)
at pageClass.TankAssetsPage.<init>(TankAssetsPage.java:32)
at pageClass.commonLocatorsRepo.<init>(commonLocatorsRepo.java:25)
at pageClass.DashBoardPage.<init>(DashBoardPage.java:52)
at pageClass.TankAssetsPage.<init>(TankAssetsPage.java:32)
at pageClass.commonLocatorsRepo.<init>(commonLocatorsRepo.java:25)
at pageClass.DashBoardPage.<init>(DashBoardPage.java:52)
at pageClass.TankAssetsPage.<init>(TankAssetsPage.java:32)
at pageClass.commonLocatorsRepo.<init>(commonLocatorsRepo.java:25)
at pageClass.DashBoardPage.<init>(DashBoardPage.java:52)
at pageClass.TankAssetsPage.<init>(TankAssetsPage.java:32)
at pageClass.commonLocatorsRepo.<init>(commonLocatorsRepo.java:25)
at pageClass.DashBoardPage.<init>(DashBoardPage.java:52)
at pageClass.TankAssetsPage.<init>(TankAssetsPage.java:32)
at pageClass.commonLocatorsRepo.<init>(commonLocatorsRepo.java:25)
at pageClass.DashBoardPage.<init>(DashBoardPage.java:52)
at pageClass.TankAssetsPage.<init>(TankAssetsPage.java:32)
at pageClass.commonLocatorsRepo.<init>(commonLocatorsRepo.java:25)
at pageClass.DashBoardPage.<init>(DashBoardPage.java:52)
at pageClass.TankAssetsPage.<init>(TankAssetsPage.java:32)
at pageClass.commonLocatorsRepo.<init>(commonLocatorsRepo.java:25)
at pageClass.DashBoardPage.<init>(DashBoardPage.java:52)
at pageClass.TankAssetsPage.<init>(TankAssetsPage.java:32)
at pageClass.commonLocatorsRepo.<init>(commonLocatorsRepo.java:25)
at pageClass.DashBoardPage.<init>(DashBoardPage.java:52)
at pageClass.TankAssetsPage.<init>(TankAssetsPage.java:32)
at pageClass.commonLocatorsRepo.<init>(commonLocatorsRepo.java:25)
at pageClass.DashBoardPage.<init>(DashBoardPage.java:52)
at pageClass.TankAssetsPage.<init>(TankAssetsPage.java:32)
at pageClass.commonLocatorsRepo.<init>(commonLocatorsRepo.java:25)
at pageClass.DashBoardPage.<init>(DashBoardPage.java:52)
at pageClass.TankAssetsPage.<init>(TankAssetsPage.java:32)
at pageClass.commonLocatorsRepo.<init>(commonLocatorsRepo.java:25)
at pageClass.DashBoardPage.<init>(DashBoardPage.java:52)
at pageClass.TankAssetsPage.<init>(TankAssetsPage.java:32)
at pageClass.commonLocatorsRepo.<init>(commonLocatorsRepo.java:25)
at pageClass.DashBoardPage.<init>(DashBoardPage.java:52)
at pageClass.TankAssetsPage.<init>(TankAssetsPage.java:32)
at pageClass.commonLocatorsRepo.<init>(commonLocatorsRepo.java:25)
at pageClass.DashBoardPage.<init>(DashBoardPage.java:52)
at pageClass.TankAssetsPage.<init>(TankAssetsPage.java:32)
at pageClass.commonLocatorsRepo.<init>(commonLocatorsRepo.java:25)
at pageClass.DashBoardPage.<init>(DashBoardPage.java:52)
at pageClass.TankAssetsPage.<init>(TankAssetsPage.java:32)
at pageClass.commonLocatorsRepo.<init>(commonLocatorsRepo.java:25)
at pageClass.DashBoardPage.<init>(DashBoardPage.java:52)
at pageClass.TankAssetsPage.<init>(TankAssetsPage.java:32)
at pageClass.commonLocatorsRepo.<init>(commonLocatorsRepo.java:25)
at pageClass.DashBoardPage.<init>(DashBoardPage.java:52)
at pageClass.TankAssetsPage.<init>(TankAssetsPage.java:32)
at pageClass.commonLocatorsRepo.<init>(commonLocatorsRepo.java:25)
at pageClass.DashBoardPage.<init>(DashBoardPage.java:52)
at pageClass.TankAssetsPage.<init>(TankAssetsPage.java:32)
at pageClass.commonLocatorsRepo.<init>(commonLocatorsRepo.java:25)
at pageClass.DashBoardPage.<init>(DashBoardPage.java:52)
at pageClass.TankAssetsPage.<init>(TankAssetsPage.java:32)
at pageClass.commonLocatorsRepo.<init>(commonLocatorsRepo.java:25)
at pageClass.DashBoardPage.<init>(DashBoardPage.java:52)
at pageClass.TankAssetsPage.<init>(TankAssetsPage.java:32)
at pageClass.commonLocatorsRepo.<init>(commonLocatorsRepo.java:25)
at pageClass.DashBoardPage.<init>(DashBoardPage.java:52)
at pageClass.TankAssetsPage.<init>(TankAssetsPage.java:32)
at pageClass.commonLocatorsRepo.<init>(commonLocatorsRepo.java:25)
at pageClass.DashBoardPage.<init>(DashBoardPage.java:52)
at pageClass.TankAssetsPage.<init>(TankAssetsPage.java:32)
at pageClass.commonLocatorsRepo.<init>(commonLocatorsRepo.java:25)
at pageClass.DashBoardPage.<init>(DashBoardPage.java:52)
at pageClass.TankAssetsPage.<init>(TankAssetsPage.java:32)
at pageClass.commonLocatorsRepo.<init>(commonLocatorsRepo.java:25)
at pageClass.DashBoardPage.<init>(DashBoardPage.java:52)
at pageClass.TankAssetsPage.<init>(TankAssetsPage.java:32)
at pageClass.commonLocatorsRepo.<init>(commonLocatorsRepo.java:25)
at pageClass.DashBoardPage.<init>(DashBoardPage.java:52)
at pageClass.TankAssetsPage.<init>(TankAssetsPage.java:32)
at pageClass.commonLocatorsRepo.<init>(commonLocatorsRepo.java:25)
at pageClass.DashBoardPage.<init>(DashBoardPage.java:52)
at pageClass.TankAssetsPage.<init>(TankAssetsPage.java:32)
at pageClass.commonLocatorsRepo.<init>(commonLocatorsRepo.java:25)
at pageClass.DashBoardPage.<init>(DashBoardPage.java:52)
at pageClass.TankAssetsPage.<init>(TankAssetsPage.java:32)
at pageClass.commonLocatorsRepo.<init>(commonLocatorsRepo.java:25)
at pageClass.DashBoardPage.<init>(DashBoardPage.java:52)
at pageClass.TankAssetsPage.<init>(TankAssetsPage.java:32)
at pageClass.commonLocatorsRepo.<init>(commonLocatorsRepo.java:25)
at pageClass.DashBoardPage.<init>(DashBoardPage.java:52)
at pageClass.TankAssetsPage.<init>(TankAssetsPage.java:32)
at pageClass.commonLocatorsRepo.<init>(commonLocatorsRepo.java:25)
at pageClass.DashBoardPage.<init>(DashBoardPage.java:52)
at pageClass.TankAssetsPage.<init>(TankAssetsPage.java:32)
at pageClass.commonLocatorsRepo.<init>(commonLocatorsRepo.java:25)
at pageClass.DashBoardPage.<init>(DashBoardPage.java:52)
at pageClass.TankAssetsPage.<init>(TankAssetsPage.java:32)
at pageClass.commonLocatorsRepo.<init>(commonLocatorsRepo.java:25)
at pageClass.DashBoardPage.<init>(DashBoardPage.java:52)
at pageClass.TankAssetsPage.<init>(TankAssetsPage.java:32)
at pageClass.commonLocatorsRepo.<init>(commonLocatorsRepo.java:25)
at pageClass.DashBoardPage.<init>(DashBoardPage.java:52)
at pageClass.TankAssetsPage.<init>(TankAssetsPage.java:32)
at pageClass.commonLocatorsRepo.<init>(commonLocatorsRepo.java:25)
at pageClass.DashBoardPage.<init>(DashBoardPage.java:52)
at pageClass.TankAssetsPage.<init>(TankAssetsPage.java:32)
at pageClass.commonLocatorsRepo.<init>(commonLocatorsRepo.java:25)
at pageClass.DashBoardPage.<init>(DashBoardPage.java:52)
at pageClass.TankAssetsPage.<init>(TankAssetsPage.java:32)
at pageClass.commonLocatorsRepo.<init>(commonLocatorsRepo.java:25)
at pageClass.DashBoardPage.<init>(DashBoardPage.java:52)
at pageClass.TankAssetsPage.<init>(TankAssetsPage.java:32)
at pageClass.commonLocatorsRepo.<init>(commonLocatorsRepo.java:25)
at pageClass.DashBoardPage.<init>(DashBoardPage.java:52)
at pageClass.TankAssetsPage.<init>(TankAssetsPage.java:32)
at pageClass.commonLocatorsRepo.<init>(commonLocatorsRepo.java:25)
at pageClass.DashBoardPage.<init>(DashBoardPage.java:52)
at pageClass.TankAssetsPage.<init>(TankAssetsPage.java:32)
at pageClass.commonLocatorsRepo.<init>(commonLocatorsRepo.java:25)
at pageClass.DashBoardPage.<init>(DashBoardPage.java:52)
at pageClass.TankAssetsPage.<init>(TankAssetsPage.java:32)
at pageClass.commonLocatorsRepo.<init>(commonLocatorsRepo.java:25)
at pageClass.DashBoardPage.<init>(DashBoardPage.java:52)
at pageClass.TankAssetsPage.<init>(TankAssetsPage.java:32)
at pageClass.commonLocatorsRepo.<init>(commonLocatorsRepo.java:25)
at pageClass.DashBoardPage.<init>(DashBoardPage.java:52)
at pageClass.TankAssetsPage.<init>(TankAssetsPage.java:32)
at pageClass.commonLocatorsRepo.<init>(commonLocatorsRepo.java:25)
at pageClass.DashBoardPage.<init>(DashBoardPage.java:52)
at pageClass.TankAssetsPage.<init>(TankAssetsPage.java:32)
at pageClass.commonLocatorsRepo.<init>(commonLocatorsRepo.java:25)
at pageClass.DashBoardPage.<init>(DashBoardPage.java:52)
at pageClass.TankAssetsPage.<init>(TankAssetsPage.java:32)
at pageClass.commonLocatorsRepo.<init>(commonLocatorsRepo.java:25)
at pageClass.DashBoardPage.<init>(DashBoardPage.java:52)
at pageClass.TankAssetsPage.<init>(TankAssetsPage.java:32)
at pageClass.commonLocatorsRepo.<init>(commonLocatorsRepo.java:25)
at pageClass.DashBoardPage.<init>(DashBoardPage.java:52)
at pageClass.TankAssetsPage.<init>(TankAssetsPage.java:32)
at pageClass.commonLocatorsRepo.<init>(commonLocatorsRepo.java:25)
at pageClass.DashBoardPage.<init>(DashBoardPage.java:52)
at pageClass.TankAssetsPage.<init>(TankAssetsPage.java:32)
at pageClass.commonLocatorsRepo.<init>(commonLocatorsRepo.java:25)
at pageClass.DashBoardPage.<init>(DashBoardPage.java:52)
at pageClass.TankAssetsPage.<init>(TankAssetsPage.java:32)
at pageClass.commonLocatorsRepo.<init>(commonLocatorsRepo.java:25)
at pageClass.DashBoardPage.<init>(DashBoardPage.java:52)
at pageClass.TankAssetsPage.<init>(TankAssetsPage.java:32)
at pageClass.commonLocatorsRepo.<init>(commonLocatorsRepo.java:25)
at pageClass.DashBoardPage.<init>(DashBoardPage.java:52)
at pageClass.TankAssetsPage.<init>(TankAssetsPage.java:32)
at pageClass.commonLocatorsRepo.<init>(commonLocatorsRepo.java:25)
at pageClass.DashBoardPage.<init>(DashBoardPage.java:52)
at pageClass.TankAssetsPage.<init>(TankAssetsPage.java:32)
at pageClass.commonLocatorsRepo.<init>(commonLocatorsRepo.java:25)
at pageClass.DashBoardPage.<init>(DashBoardPage.java:52)
at pageClass.TankAssetsPage.<init>(TankAssetsPage.java:32)
at pageClass.commonLocatorsRepo.<init>(commonLocatorsRepo.java:25)
at pageClass.DashBoardPage.<init>(DashBoardPage.java:52)
at pageClass.TankAssetsPage.<init>(TankAssetsPage.java:32)
at pageClass.commonLocatorsRepo.<init>(commonLocatorsRepo.java:25)
at pageClass.DashBoardPage.<init>(DashBoardPage.java:52)
at pageClass.TankAssetsPage.<init>(TankAssetsPage.java:32)
at pageClass.commonLocatorsRepo.<init>(commonLocatorsRepo.java:25)
at pageClass.DashBoardPage.<init>(DashBoardPage.java:52)
at pageClass.TankAssetsPage.<init>(TankAssetsPage.java:32)
at pageClass.commonLocatorsRepo.<init>(commonLocatorsRepo.java:25)
at pageClass.DashBoardPage.<init>(DashBoardPage.java:52)
at pageClass.TankAssetsPage.<init>(TankAssetsPage.java:32)
at pageClass.commonLocatorsRepo.<init>(commonLocatorsRepo.java:25)
at pageClass.DashBoardPage.<init>(DashBoardPage.java:52)
at pageClass.TankAssetsPage.<init>(TankAssetsPage.java:32)
at pageClass.commonLocatorsRepo.<init>(commonLocatorsRepo.java:25)
at pageClass.DashBoardPage.<init>(DashBoardPage.java:52)
at pageClass.TankAssetsPage.<init>(TankAssetsPage.java:32)
at pageClass.commonLocatorsRepo.<init>(commonLocatorsRepo.java:25)
at pageClass.DashBoardPage.<init>(DashBoardPage.java:52)
at pageClass.TankAssetsPage.<init>(TankAssetsPage.java:32)
at pageClass.commonLocatorsRepo.<init>(commonLocatorsRepo.java:25)
at pageClass.DashBoardPage.<init>(DashBoardPage.java:52)
at pageClass.TankAssetsPage.<init>(TankAssetsPage.java:32)
at pageClass.commonLocatorsRepo.<init>(commonLocatorsRepo.java:25)
at pageClass.DashBoardPage.<init>(DashBoardPage.java:52)
at pageClass.TankAssetsPage.<init>(TankAssetsPage.java:32)
at pageClass.commonLocatorsRepo.<init>(commonLocatorsRepo.java:25)
at pageClass.DashBoardPage.<init>(DashBoardPage.java:52)
at pageClass.TankAssetsPage.<init>(TankAssetsPage.java:32)
at pageClass.commonLocatorsRepo.<init>(commonLocatorsRepo.java:25)
at pageClass.DashBoardPage.<init>(DashBoardPage.java:52)
at pageClass.TankAssetsPage.<init>(TankAssetsPage.java:32)
at pageClass.commonLocatorsRepo.<init>(commonLocatorsRepo.java:25)
at pageClass.DashBoardPage.<init>(DashBoardPage.java:52)
at pageClass.TankAssetsPage.<init>(TankAssetsPage.java:32)
at pageClass.commonLocatorsRepo.<init>(commonLocatorsRepo.java:25)
at pageClass.DashBoardPage.<init>(DashBoardPage.java:52)
at pageClass.TankAssetsPage.<init>(TankAssetsPage.java:32)
at pageClass.commonLocatorsRepo.<init>(commonLocatorsRepo.java:25)
at pageClass.DashBoardPage.<init>(DashBoardPage.java:52)
at pageClass.TankAssetsPage.<init>(TankAssetsPage.java:32)
at pageClass.commonLocatorsRepo.<init>(commonLocatorsRepo.java:25)
at pageClass.DashBoardPage.<init>(DashBoardPage.java:52)
at pageClass.TankAssetsPage.<init>(TankAssetsPage.java:32)
at pageClass.commonLocatorsRepo.<init>(commonLocatorsRepo.java:25)
at pageClass.DashBoardPage.<init>(DashBoardPage.java:52)
at pageClass.TankAssetsPage.<init>(TankAssetsPage.java:32)
at pageClass.commonLocatorsRepo.<init>(commonLocatorsRepo.java:25)
at pageClass.DashBoardPage.<init>(DashBoardPage.java:52)
at pageClass.TankAssetsPage.<init>(TankAssetsPage.java:32)
at pageClass.commonLocatorsRepo.<init>(commonLocatorsRepo.java:25)
at pageClass.DashBoardPage.<init>(DashBoardPage.java:52)
at pageClass.TankAssetsPage.<init>(TankAssetsPage.java:32)
at pageClass.commonLocatorsRepo.<init>(commonLocatorsRepo.java:25)
at pageClass.DashBoardPage.<init>(DashBoardPage.java:52)
at pageClass.TankAssetsPage.<init>(TankAssetsPage.java:32)
at pageClass.commonLocatorsRepo.<init>(commonLocatorsRepo.java:25)
at pageClass.DashBoardPage.<init>(DashBoardPage.java:52)
at pageClass.TankAssetsPage.<init>(TankAssetsPage.java:32)
at pageClass.commonLocatorsRepo.<init>(commonLocatorsRepo.java:25)
at pageClass.DashBoardPage.<init>(DashBoardPage.java:52)
at pageClass.TankAssetsPage.<init>(TankAssetsPage.java:32)
at pageClass.commonLocatorsRepo.<init>(commonLocatorsRepo.java:25)
at pageClass.DashBoardPage.<init>(DashBoardPage.java:52)
at pageClass.TankAssetsPage.<init>(TankAssetsPage.java:32)
at pageClass.commonLocatorsRepo.<init>(commonLocatorsRepo.java:25)
at pageClass.DashBoardPage.<init>(DashBoardPage.java:52)
at pageClass.TankAssetsPage.<init>(TankAssetsPage.java:32)
at pageClass.commonLocatorsRepo.<init>(commonLocatorsRepo.java:25)
at pageClass.DashBoardPage.<init>(DashBoardPage.java:52)
at pageClass.TankAssetsPage.<init>(TankAssetsPage.java:32)
at pageClass.commonLocatorsRepo.<init>(commonLocatorsRepo.java:25)
at pageClass.DashBoardPage.<init>(DashBoardPage.java:52)
at pageClass.TankAssetsPage.<init>(TankAssetsPage.java:32)
at pageClass.commonLocatorsRepo.<init>(commonLocatorsRepo.java:25)
at pageClass.DashBoardPage.<init>(DashBoardPage.java:52)
at pageClass.TankAssetsPage.<init>(TankAssetsPage.java:32)
at pageClass.commonLocatorsRepo.<init>(commonLocatorsRepo.java:25)
at pageClass.DashBoardPage.<init>(DashBoardPage.java:52)
at pageClass.TankAssetsPage.<init>(TankAssetsPage.java:32)
at pageClass.commonLocatorsRepo.<init>(commonLocatorsRepo.java:25)
at pageClass.DashBoardPage.<init>(DashBoardPage.java:52)
at pageClass.TankAssetsPage.<init>(TankAssetsPage.java:32)
at pageClass.commonLocatorsRepo.<init>(commonLocatorsRepo.java:25)
at pageClass.DashBoardPage.<init>(DashBoardPage.java:52)
at pageClass.TankAssetsPage.<init>(TankAssetsPage.java:32)
at pageClass.commonLocatorsRepo.<init>(commonLocatorsRepo.java:25)
at pageClass.DashBoardPage.<init>(DashBoardPage.java:52)
at pageClass.TankAssetsPage.<init>(TankAssetsPage.java:32)
at pageClass.commonLocatorsRepo.<init>(commonLocatorsRepo.java:25)
at pageClass.DashBoardPage.<init>(DashBoardPage.java:52)
at pageClass.TankAssetsPage.<init>(TankAssetsPage.java:32)
at pageClass.commonLocatorsRepo.<init>(commonLocatorsRepo.java:25)
at pageClass.DashBoardPage.<init>(DashBoardPage.java:52)
at pageClass.TankAssetsPage.<init>(TankAssetsPage.java:32)
at pageClass.commonLocatorsRepo.<init>(commonLocatorsRepo.java:25)
at pageClass.DashBoardPage.<init>(DashBoardPage.java:52)
at pageClass.TankAssetsPage.<init>(TankAssetsPage.java:32)
at pageClass.commonLocatorsRepo.<init>(commonLocatorsRepo.java:25)
at pageClass.DashBoardPage.<init>(DashBoardPage.java:52)
at pageClass.TankAssetsPage.<init>(TankAssetsPage.java:32)
at pageClass.commonLocatorsRepo.<init>(commonLocatorsRepo.java:25)
at pageClass.DashBoardPage.<init>(DashBoardPage.java:52)
at pageClass.TankAssetsPage.<init>(TankAssetsPage.java:32)
at pageClass.commonLocatorsRepo.<init>(commonLocatorsRepo.java:25)
at pageClass.DashBoardPage.<init>(DashBoardPage.java:52)
at pageClass.TankAssetsPage.<init>(TankAssetsPage.java:32)
at pageClass.commonLocatorsRepo.<init>(commonLocatorsRepo.java:25)
at pageClass.DashBoardPage.<init>(DashBoardPage.java:52)
at pageClass.TankAssetsPage.<init>(TankAssetsPage.java:32)
at pageClass.commonLocatorsRepo.<init>(commonLocatorsRepo.java:25)
at pageClass.DashBoardPage.<init>(DashBoardPage.java:52)
at pageClass.TankAssetsPage.<init>(TankAssetsPage.java:32)
at pageClass.commonLocatorsRepo.<init>(commonLocatorsRepo.java:25)
at pageClass.DashBoardPage.<init>(DashBoardPage.java:52)
at pageClass.TankAssetsPage.<init>(TankAssetsPage.java:32)
at pageClass.commonLocatorsRepo.<init>(commonLocatorsRepo.java:25)
at pageClass.DashBoardPage.<init>(DashBoardPage.java:52)
at pageClass.TankAssetsPage.<init>(TankAssetsPage.java:32)
at pageClass.commonLocatorsRepo.<init>(commonLocatorsRepo.java:25)
at pageClass.DashBoardPage.<init>(DashBoardPage.java:52)
at pageClass.TankAssetsPage.<init>(TankAssetsPage.java:32)
at pageClass.commonLocatorsRepo.<init>(commonLocatorsRepo.java:25)
at pageClass.DashBoardPage.<init>(DashBoardPage.java:52)
at pageClass.TankAssetsPage.<init>(TankAssetsPage.java:32)
at pageClass.commonLocatorsRepo.<init>(commonLocatorsRepo.java:25)
at pageClass.DashBoardPage.<init>(DashBoardPage.java:52)
at pageClass.TankAssetsPage.<init>(TankAssetsPage.java:32)
at pageClass.commonLocatorsRepo.<init>(commonLocatorsRepo.java:25)
at pageClass.DashBoardPage.<init>(DashBoardPage.java:52)
at pageClass.TankAssetsPage.<init>(TankAssetsPage.java:32)
at pageClass.commonLocatorsRepo.<init>(commonLocatorsRepo.java:25)
at pageClass.DashBoardPage.<init>(DashBoardPage.java:52)
at pageClass.TankAssetsPage.<init>(TankAssetsPage.java:32)
at pageClass.commonLocatorsRepo.<init>(commonLocatorsRepo.java:25)
at pageClass.DashBoardPage.<init>(DashBoardPage.java:52)
at pageClass.TankAssetsPage.<init>(TankAssetsPage.java:32)
at pageClass.commonLocatorsRepo.<init>(commonLocatorsRepo.java:25)
at pageClass.DashBoardPage.<init>(DashBoardPage.java:52)
at pageClass.TankAssetsPage.<init>(TankAssetsPage.java:32)
at pageClass.commonLocatorsRepo.<init>(commonLocatorsRepo.java:25)
at pageClass.DashBoardPage.<init>(DashBoardPage.java:52)
at pageClass.TankAssetsPage.<init>(TankAssetsPage.java:32)
at pageClass.commonLocatorsRepo.<init>(commonLocatorsRepo.java:25)
at pageClass.DashBoardPage.<init>(DashBoardPage.java:52)
at pageClass.TankAssetsPage.<init>(TankAssetsPage.java:32)
at pageClass.commonLocatorsRepo.<init>(commonLocatorsRepo.java:25)
at pageClass.DashBoardPage.<init>(DashBoardPage.java:52)
at pageClass.TankAssetsPage.<init>(TankAssetsPage.java:32)
at pageClass.commonLocatorsRepo.<init>(commonLocatorsRepo.java:25)
at pageClass.DashBoardPage.<init>(DashBoardPage.java:52)
at pageClass.TankAssetsPage.<init>(TankAssetsPage.java:32)
at pageClass.commonLocatorsRepo.<init>(commonLocatorsRepo.java:25)
at pageClass.DashBoardPage.<init>(DashBoardPage.java:52)
at pageClass.TankAssetsPage.<init>(TankAssetsPage.java:32)
at pageClass.commonLocatorsRepo.<init>(commonLocatorsRepo.java:25)
at pageClass.DashBoardPage.<init>(DashBoardPage.java:52)
at pageClass.TankAssetsPage.<init>(TankAssetsPage.java:32)
at pageClass.commonLocatorsRepo.<init>(commonLocatorsRepo.java:25)
at pageClass.DashBoardPage.<init>(DashBoardPage.java:52)
at pageClass.TankAssetsPage.<init>(TankAssetsPage.java:32)
at pageClass.commonLocatorsRepo.<init>(commonLocatorsRepo.java:25)
at pageClass.DashBoardPage.<init>(DashBoardPage.java:52)
at pageClass.TankAssetsPage.<init>(TankAssetsPage.java:32)
at pageClass.commonLocatorsRepo.<init>(commonLocatorsRepo.java:25)
at pageClass.DashBoardPage.<init>(DashBoardPage.java:52)
at pageClass.TankAssetsPage.<init>(TankAssetsPage.java:32)
at pageClass.commonLocatorsRepo.<init>(commonLocatorsRepo.java:25)
at pageClass.DashBoardPage.<init>(DashBoardPage.java:52)
at pageClass.TankAssetsPage.<init>(TankAssetsPage.java:32)
at pageClass.commonLocatorsRepo.<init>(commonLocatorsRepo.java:25)
at pageClass.DashBoardPage.<init>(DashBoardPage.java:52)
at pageClass.TankAssetsPage.<init>(TankAssetsPage.java:32)
at pageClass.commonLocatorsRepo.<init>(commonLocatorsRepo.java:25)
at pageClass.DashBoardPage.<init>(DashBoardPage.java:52)
at pageClass.TankAssetsPage.<init>(TankAssetsPage.java:32)
at pageClass.commonLocatorsRepo.<init>(commonLocatorsRepo.java:25)
at pageClass.DashBoardPage.<init>(DashBoardPage.java:52)
at pageClass.TankAssetsPage.<init>(TankAssetsPage.java:32)
at pageClass.commonLocatorsRepo.<init>(commonLocatorsRepo.java:25)
at pageClass.DashBoardPage.<init>(DashBoardPage.java:52)
at pageClass.TankAssetsPage.<init>(TankAssetsPage.java:32)
at pageClass.commonLocatorsRepo.<init>(commonLocatorsRepo.java:25)
at pageClass.DashBoardPage.<init>(DashBoardPage.java:52)
at pageClass.TankAssetsPage.<init>(TankAssetsPage.java:32)
at pageClass.commonLocatorsRepo.<init>(commonLocatorsRepo.java:25)
at pageClass.DashBoardPage.<init>(DashBoardPage.java:52)
at pageClass.TankAssetsPage.<init>(TankAssetsPage.java:32)
at pageClass.commonLocatorsRepo.<init>(commonLocatorsRepo.java:25)
at pageClass.DashBoardPage.<init>(DashBoardPage.java:52)
at pageClass.TankAssetsPage.<init>(TankAssetsPage.java:32)
at pageClass.commonLocatorsRepo.<init>(commonLocatorsRepo.java:25)
at pageClass.DashBoardPage.<init>(DashBoardPage.java:52)
at pageClass.TankAssetsPage.<init>(TankAssetsPage.java:32)
at pageClass.commonLocatorsRepo.<init>(commonLocatorsRepo.java:25)
at pageClass.DashBoardPage.<init>(DashBoardPage.java:52)
at pageClass.TankAssetsPage.<init>(TankAssetsPage.java:32)
at pageClass.commonLocatorsRepo.<init>(commonLocatorsRepo.java:25)
at pageClass.DashBoardPage.<init>(DashBoardPage.java:52)
at pageClass.TankAssetsPage.<init>(TankAssetsPage.java:32)
at pageClass.commonLocatorsRepo.<init>(commonLocatorsRepo.java:25)
at pageClass.DashBoardPage.<init>(DashBoardPage.java:52)
at pageClass.TankAssetsPage.<init>(TankAssetsPage.java:32)
at pageClass.commonLocatorsRepo.<init>(commonLocatorsRepo.java:25)
at pageClass.DashBoardPage.<init>(DashBoardPage.java:52)
at pageClass.TankAssetsPage.<init>(TankAssetsPage.java:32)
at pageClass.commonLocatorsRepo.<init>(commonLocatorsRepo.java:25)
at pageClass.DashBoardPage.<init>(DashBoardPage.java:52)
at pageClass.TankAssetsPage.<init>(TankAssetsPage.java:32)
at pageClass.commonLocatorsRepo.<init>(commonLocatorsRepo.java:25)
at pageClass.DashBoardPage.<init>(DashBoardPage.java:52)
at pageClass.TankAssetsPage.<init>(TankAssetsPage.java:32)
at pageClass.commonLocatorsRepo.<init>(commonLocatorsRepo.java:25)
at pageClass.DashBoardPage.<init>(DashBoardPage.java:52)
at pageClass.TankAssetsPage.<init>(TankAssetsPage.java:32)
at pageClass.commonLocatorsRepo.<init>(commonLocatorsRepo.java:25)
at pageClass.DashBoardPage.<init>(DashBoardPage.java:52)
at pageClass.TankAssetsPage.<init>(TankAssetsPage.java:32)
at pageClass.commonLocatorsRepo.<init>(commonLocatorsRepo.java:25)
at pageClass.DashBoardPage.<init>(DashBoardPage.java:52)
at pageClass.TankAssetsPage.<init>(TankAssetsPage.java:32)
at pageClass.commonLocatorsRepo.<init>(commonLocatorsRepo.java:25)
at pageClass.DashBoardPage.<init>(DashBoardPage.java:52)
at pageClass.TankAssetsPage.<init>(TankAssetsPage.java:32)
at pageClass.commonLocatorsRepo.<init>(commonLocatorsRepo.java:25)
at pageClass.DashBoardPage.<init>(DashBoardPage.java:52)
at pageClass.TankAssetsPage.<init>(TankAssetsPage.java:32)
at pageClass.commonLocatorsRepo.<init>(commonLocatorsRepo.java:25)
at pageClass.DashBoardPage.<init>(DashBoardPage.java:52)
at pageClass.TankAssetsPage.<init>(TankAssetsPage.java:32)
at pageClass.commonLocatorsRepo.<init>(commonLocatorsRepo.java:25)
at pageClass.DashBoardPage.<init>(DashBoardPage.java:52)
at pageClass.TankAssetsPage.<init>(TankAssetsPage.java:32)
at pageClass.commonLocatorsRepo.<init>(commonLocatorsRepo.java:25)
at pageClass.DashBoardPage.<init>(DashBoardPage.java:52)
at pageClass.TankAssetsPage.<init>(TankAssetsPage.java:32)
at pageClass.commonLocatorsRepo.<init>(commonLocatorsRepo.java:25)
at pageClass.DashBoardPage.<init>(DashBoardPage.java:52)
at pageClass.TankAssetsPage.<init>(TankAssetsPage.java:32)
at pageClass.commonLocatorsRepo.<init>(commonLocatorsRepo.java:25)
at pageClass.DashBoardPage.<init>(DashBoardPage.java:52)
at pageClass.TankAssetsPage.<init>(TankAssetsPage.java:32)
at pageClass.commonLocatorsRepo.<init>(commonLocatorsRepo.java:25)
at pageClass.DashBoardPage.<init>(DashBoardPage.java:52)
at pageClass.TankAssetsPage.<init>(TankAssetsPage.java:32)
at pageClass.commonLocatorsRepo.<init>(commonLocatorsRepo.java:25)
at pageClass.DashBoardPage.<init>(DashBoardPage.java:52)
at pageClass.TankAssetsPage.<init>(TankAssetsPage.java:32)
at pageClass.commonLocatorsRepo.<init>(commonLocatorsRepo.java:25)
at pageClass.DashBoardPage.<init>(DashBoardPage.java:52)
at pageClass.TankAssetsPage.<init>(TankAssetsPage.java:32)
at pageClass.commonLocatorsRepo.<init>(commonLocatorsRepo.java:25)
at pageClass.DashBoardPage.<init>(DashBoardPage.java:52)
at pageClass.TankAssetsPage.<init>(TankAssetsPage.java:32)
at pageClass.commonLocatorsRepo.<init>(commonLocatorsRepo.java:25)
at pageClass.DashBoardPage.<init>(DashBoardPage.java:52)
at pageClass.TankAssetsPage.<init>(TankAssetsPage.java:32)
at pageClass.commonLocatorsRepo.<init>(commonLocatorsRepo.java:25)
at pageClass.DashBoardPage.<init>(DashBoardPage.java:52)
at pageClass.TankAssetsPage.<init>(TankAssetsPage.java:32)
at pageClass.commonLocatorsRepo.<init>(commonLocatorsRepo.java:25)
at pageClass.DashBoardPage.<init>(DashBoardPage.java:52)
at pageClass.TankAssetsPage.<init>(TankAssetsPage.java:32)
at pageClass.commonLocatorsRepo.<init>(commonLocatorsRepo.java:25)
at pageClass.DashBoardPage.<init>(DashBoardPage.java:52)
at pageClass.TankAssetsPage.<init>(TankAssetsPage.java:32)
at pageClass.commonLocatorsRepo.<init>(commonLocatorsRepo.java:25)
at pageClass.DashBoardPage.<init>(DashBoardPage.java:52)
at pageClass.TankAssetsPage.<init>(TankAssetsPage.java:32)
at pageClass.commonLocatorsRepo.<init>(commonLocatorsRepo.java:25)
at pageClass.DashBoardPage.<init>(DashBoardPage.java:52)
at pageClass.TankAssetsPage.<init>(TankAssetsPage.java:32)
at pageClass.commonLocatorsRepo.<init>(commonLocatorsRepo.java:25)
at pageClass.DashBoardPage.<init>(DashBoardPage.java:52)
at pageClass.TankAssetsPage.<init>(TankAssetsPage.java:32)
at pageClass.commonLocatorsRepo.<init>(commonLocatorsRepo.java:25)
at pageClass.DashBoardPage.<init>(DashBoardPage.java:52)
at pageClass.TankAssetsPage.<init>(TankAssetsPage.java:32)
at pageClass.commonLocatorsRepo.<init>(commonLocatorsRepo.java:25)
at pageClass.DashBoardPage.<init>(DashBoardPage.java:52)
at pageClass.TankAssetsPage.<init>(TankAssetsPage.java:32)
at pageClass.commonLocatorsRepo.<init>(commonLocatorsRepo.java:25)
at pageClass.DashBoardPage.<init>(DashBoardPage.java:52)
at pageClass.TankAssetsPage.<init>(TankAssetsPage.java:32)
at pageClass.commonLocatorsRepo.<init>(commonLocatorsRepo.java:25)
at pageClass.DashBoardPage.<init>(DashBoardPage.java:52)
at pageClass.TankAssetsPage.<init>(TankAssetsPage.java:32)
at pageClass.commonLocatorsRepo.<init>(commonLocatorsRepo.java:25)
at pageClass.DashBoardPage.<init>(DashBoardPage.java:52)
at pageClass.TankAssetsPage.<init>(TankAssetsPage.java:32)
at pageClass.commonLocatorsRepo.<init>(commonLocatorsRepo.java:25)
at pageClass.DashBoardPage.<init>(DashBoardPage.java:52)
at pageClass.TankAssetsPage.<init>(TankAssetsPage.java:32)
at pageClass.commonLocatorsRepo.<init>(commonLocatorsRepo.java:25)
at pageClass.DashBoardPage.<init>(DashBoardPage.java:52)
at pageClass.TankAssetsPage.<init>(TankAssetsPage.java:32)
at pageClass.commonLocatorsRepo.<init>(commonLocatorsRepo.java:25)
at pageClass.DashBoardPage.<init>(DashBoardPage.java:52)
at pageClass.TankAssetsPage.<init>(TankAssetsPage.java:32)
at pageClass.commonLocatorsRepo.<init>(commonLocatorsRepo.java:25)
at pageClass.DashBoardPage.<init>(DashBoardPage.java:52)
at pageClass.TankAssetsPage.<init>(TankAssetsPage.java:32)
at pageClass.commonLocatorsRepo.<init>(commonLocatorsRepo.java:25)
at pageClass.DashBoardPage.<init>(DashBoardPage.java:52)
at pageClass.TankAssetsPage.<init>(TankAssetsPage.java:32)
at pageClass.commonLocatorsRepo.<init>(commonLocatorsRepo.java:25)
at pageClass.DashBoardPage.<init>(DashBoardPage.java:52)
at pageClass.TankAssetsPage.<init>(TankAssetsPage.java:32)
at pageClass.commonLocatorsRepo.<init>(commonLocatorsRepo.java:25)
at pageClass.DashBoardPage.<init>(DashBoardPage.java:52)
at pageClass.TankAssetsPage.<init>(TankAssetsPage.java:32)
at pageClass.commonLocatorsRepo.<init>(commonLocatorsRepo.java:25)
at pageClass.DashBoardPage.<init>(DashBoardPage.java:52)
at pageClass.TankAssetsPage.<init>(TankAssetsPage.java:32)
at pageClass.commonLocatorsRepo.<init>(commonLocatorsRepo.java:25)
at pageClass.DashBoardPage.<init>(DashBoardPage.java:52)
at pageClass.TankAssetsPage.<init>(TankAssetsPage.java:32)
at pageClass.commonLocatorsRepo.<init>(commonLocatorsRepo.java:25)
at pageClass.DashBoardPage.<init>(DashBoardPage.java:52)
at pageClass.TankAssetsPage.<init>(TankAssetsPage.java:32)
at pageClass.commonLocatorsRepo.<init>(commonLocatorsRepo.java:25)
at pageClass.DashBoardPage.<init>(DashBoardPage.java:52)
at pageClass.TankAssetsPage.<init>(TankAssetsPage.java:32)
at pageClass.commonLocatorsRepo.<init>(commonLocatorsRepo.java:25)
at pageClass.DashBoardPage.<init>(DashBoardPage.java:52)
at pageClass.TankAssetsPage.<init>(TankAssetsPage.java:32)
at pageClass.commonLocatorsRepo.<init>(commonLocatorsRepo.java:25)
at pageClass.DashBoardPage.<init>(DashBoardPage.java:52)
at pageClass.TankAssetsPage.<init>(TankAssetsPage.java:32)
at pageClass.commonLocatorsRepo.<init>(commonLocatorsRepo.java:25)
at pageClass.DashBoardPage.<init>(DashBoardPage.java:52)
at pageClass.TankAssetsPage.<init>(TankAssetsPage.java:32)
at pageClass.commonLocatorsRepo.<init>(commonLocatorsRepo.java:25)
at pageClass.DashBoardPage.<init>(DashBoardPage.java:52)
at pageClass.TankAssetsPage.<init>(TankAssetsPage.java:32)
at pageClass.commonLocatorsRepo.<init>(commonLocatorsRepo.java:25)
at pageClass.DashBoardPage.<init>(DashBoardPage.java:52)
at pageClass.TankAssetsPage.<init>(TankAssetsPage.java:32)
at pageClass.commonLocatorsRepo.<init>(commonLocatorsRepo.java:25)
at pageClass.DashBoardPage.<init>(DashBoardPage.java:52)
at pageClass.TankAssetsPage.<init>(TankAssetsPage.java:32)
at pageClass.commonLocatorsRepo.<init>(commonLocatorsRepo.java:25)
at pageClass.DashBoardPage.<init>(DashBoardPage.java:52)
at pageClass.TankAssetsPage.<init>(TankAssetsPage.java:32)
at pageClass.commonLocatorsRepo.<init>(commonLocatorsRepo.java:25)
at pageClass.DashBoardPage.<init>(DashBoardPage.java:52)
at pageClass.TankAssetsPage.<init>(TankAssetsPage.java:32)
at pageClass.commonLocatorsRepo.<init>(commonLocatorsRepo.java:25)
at pageClass.DashBoardPage.<init>(DashBoardPage.java:52)
at pageClass.TankAssetsPage.<init>(TankAssetsPage.java:32)
at pageClass.commonLocatorsRepo.<init>(commonLocatorsRepo.java:25)
at pageClass.DashBoardPage.<init>(DashBoardPage.java:52)
at pageClass.TankAssetsPage.<init>(TankAssetsPage.java:32)
at pageClass.commonLocatorsRepo.<init>(commonLocatorsRepo.java:25)
at pageClass.DashBoardPage.<init>(DashBoardPage.java:52)
at pageClass.TankAssetsPage.<init>(TankAssetsPage.java:32)
at pageClass.commonLocatorsRepo.<init>(commonLocatorsRepo.java:25)
at pageClass.DashBoardPage.<init>(DashBoardPage.java:52)
at pageClass.TankAssetsPage.<init>(TankAssetsPage.java:32)
at pageClass.commonLocatorsRepo.<init>(commonLocatorsRepo.java:25)
at pageClass.DashBoardPage.<init>(DashBoardPage.java:52)
at pageClass.TankAssetsPage.<init>(TankAssetsPage.java:32)
at pageClass.commonLocatorsRepo.<init>(commonLocatorsRepo.java:25)
at pageClass.DashBoardPage.<init>(DashBoardPage.java:52)
at pageClass.TankAssetsPage.<init>(TankAssetsPage.java:32)
at pageClass.commonLocatorsRepo.<init>(commonLocatorsRepo.java:25)
at pageClass.DashBoardPage.<init>(DashBoardPage.java:52)
at pageClass.TankAssetsPage.<init>(TankAssetsPage.java:32)
at pageClass.commonLocatorsRepo.<init>(commonLocatorsRepo.java:25)
at pageClass.DashBoardPage.<init>(DashBoardPage.java:52)
at pageClass.TankAssetsPage.<init>(TankAssetsPage.java:32)
at pageClass.commonLocatorsRepo.<init>(commonLocatorsRepo.java:25)
at pageClass.DashBoardPage.<init>(DashBoardPage.java:52)
at pageClass.TankAssetsPage.<init>(TankAssetsPage.java:32)
at pageClass.commonLocatorsRepo.<init>(commonLocatorsRepo.java:25)
at pageClass.DashBoardPage.<init>(DashBoardPage.java:52)
at pageClass.TankAssetsPage.<init>(TankAssetsPage.java:32)
at pageClass.commonLocatorsRepo.<init>(commonLocatorsRepo.java:25)
at pageClass.DashBoardPage.<init>(DashBoardPage.java:52)
at pageClass.TankAssetsPage.<init>(TankAssetsPage.java:32)
at pageClass.commonLocatorsRepo.<init>(commonLocatorsRepo.java:25)
at pageClass.DashBoardPage.<init>(DashBoardPage.java:52)
at pageClass.TankAssetsPage.<init>(TankAssetsPage.java:32)
at pageClass.commonLocatorsRepo.<init>(commonLocatorsRepo.java:25)
at pageClass.DashBoardPage.<init>(DashBoardPage.java:52)
at pageClass.TankAssetsPage.<init>(TankAssetsPage.java:32)
at pageClass.commonLocatorsRepo.<init>(commonLocatorsRepo.java:25)
at pageClass.DashBoardPage.<init>(DashBoardPage.java:52)
at pageClass.TankAssetsPage.<init>(TankAssetsPage.java:32)
at pageClass.commonLocatorsRepo.<init>(commonLocatorsRepo.java:25)
at pageClass.DashBoardPage.<init>(DashBoardPage.java:52)
at pageClass.TankAssetsPage.<init>(TankAssetsPage.java:32)
at pageClass.commonLocatorsRepo.<init>(commonLocatorsRepo.java:25)
at pageClass.DashBoardPage.<init>(DashBoardPage.java:52)
at pageClass.TankAssetsPage.<init>(TankAssetsPage.java:32)
at pageClass.commonLocatorsRepo.<init>(commonLocatorsRepo.java:25)
at pageClass.DashBoardPage.<init>(DashBoardPage.java:52)
at pageClass.TankAssetsPage.<init>(TankAssetsPage.java:32)
at pageClass.commonLocatorsRepo.<init>(commonLocatorsRepo.java:25)
at pageClass.DashBoardPage.<init>(DashBoardPage.java:52)
at pageClass.TankAssetsPage.<init>(TankAssetsPage.java:32)
at pageClass.commonLocatorsRepo.<init>(commonLocatorsRepo.java:25)
at pageClass.DashBoardPage.<init>(DashBoardPage.java:52)
at pageClass.TankAssetsPage.<init>(TankAssetsPage.java:32)
at pageClass.commonLocatorsRepo.<init>(commonLocatorsRepo.java:25)
at pageClass.DashBoardPage.<init>(DashBoardPage.java:52)
at pageClass.TankAssetsPage.<init>(TankAssetsPage.java:32)
at pageClass.commonLocatorsRepo.<init>(commonLocatorsRepo.java:25)
at pageClass.DashBoardPage.<init>(DashBoardPage.java:52)
at pageClass.TankAssetsPage.<init>(TankAssetsPage.java:32)
at pageClass.commonLocatorsRepo.<init>(commonLocatorsRepo.java:25)
at pageClass.DashBoardPage.<init>(DashBoardPage.java:52)
at pageClass.TankAssetsPage.<init>(TankAssetsPage.java:32)
at pageClass.commonLocatorsRepo.<init>(commonLocatorsRepo.java:25)
at pageClass.DashBoardPage.<init>(DashBoardPage.java:52)
at pageClass.TankAssetsPage.<init>(TankAssetsPage.java:32)
at pageClass.commonLocatorsRepo.<init>(commonLocatorsRepo.java:25)
at pageClass.DashBoardPage.<init>(DashBoardPage.java:52)
at pageClass.TankAssetsPage.<init>(TankAssetsPage.java:32)
at pageClass.commonLocatorsRepo.<init>(commonLocatorsRepo.java:25)
at pageClass.DashBoardPage.<init>(DashBoardPage.java:52)
at pageClass.TankAssetsPage.<init>(TankAssetsPage.java:32)
at pageClass.commonLocatorsRepo.<init>(commonLocatorsRepo.java:25)
at pageClass.DashBoardPage.<init>(DashBoardPage.java:52)
at pageClass.TankAssetsPage.<init>(TankAssetsPage.java:32)
at pageClass.commonLocatorsRepo.<init>(commonLocatorsRepo.java:25)
at pageClass.DashBoardPage.<init>(DashBoardPage.java:52)
at pageClass.TankAssetsPage.<init>(TankAssetsPage.java:32)
at pageClass.commonLocatorsRepo.<init>(commonLocatorsRepo.java:25)
at pageClass.DashBoardPage.<init>(DashBoardPage.java:52)
at pageClass.TankAssetsPage.<init>(TankAssetsPage.java:32)
at pageClass.commonLocatorsRepo.<init>(commonLocatorsRepo.java:25)
at pageClass.DashBoardPage.<init>(DashBoardPage.java:52)
at pageClass.TankAssetsPage.<init>(TankAssetsPage.java:32)
at pageClass.commonLocatorsRepo.<init>(commonLocatorsRepo.java:25)
at pageClass.DashBoardPage.<init>(DashBoardPage.java:52)
at pageClass.TankAssetsPage.<init>(TankAssetsPage.java:32)
at pageClass.commonLocatorsRepo.<init>(commonLocatorsRepo.java:25)
at pageClass.DashBoardPage.<init>(DashBoardPage.java:52)
at pageClass.TankAssetsPage.<init>(TankAssetsPage.java:32)
at pageClass.commonLocatorsRepo.<init>(commonLocatorsRepo.java:25)
at pageClass.DashBoardPage.<init>(DashBoardPage.java:52)
at pageClass.TankAssetsPage.<init>(TankAssetsPage.java:32)
at pageClass.commonLocatorsRepo.<init>(commonLocatorsRepo.java:25)
at pageClass.DashBoardPage.<init>(DashBoardPage.java:52)
at pageClass.TankAssetsPage.<init>(TankAssetsPage.java:32)
at pageClass.commonLocatorsRepo.<init>(commonLocatorsRepo.java:25)
at pageClass.DashBoardPage.<init>(DashBoardPage.java:52)
at pageClass.TankAssetsPage.<init>(TankAssetsPage.java:32)
at pageClass.commonLocatorsRepo.<init>(commonLocatorsRepo.java:25)
at pageClass.DashBoardPage.<init>(DashBoardPage.java:52)
at pageClass.TankAssetsPage.<init>(TankAssetsPage.java:32)
at pageClass.commonLocatorsRepo.<init>(commonLocatorsRepo.java:25)
at pageClass.DashBoardPage.<init>(DashBoardPage.java:52)
at pageClass.TankAssetsPage.<init>(TankAssetsPage.java:32)
at pageClass.commonLocatorsRepo.<init>(commonLocatorsRepo.java:25)
at pageClass.DashBoardPage.<init>(DashBoardPage.java:52)
at pageClass.TankAssetsPage.<init>(TankAssetsPage.java:32)
at pageClass.commonLocatorsRepo.<init>(commonLocatorsRepo.java:25)
at pageClass.DashBoardPage.<init>(DashBoardPage.java:52)
at pageClass.TankAssetsPage.<init>(TankAssetsPage.java:32)
at pageClass.commonLocatorsRepo.<init>(commonLocatorsRepo.java:25)
at pageClass.DashBoardPage.<init>(DashBoardPage.java:52)
at pageClass.TankAssetsPage.<init>(TankAssetsPage.java:32)
at pageClass.commonLocatorsRepo.<init>(commonLocatorsRepo.java:25)
at pageClass.DashBoardPage.<init>(DashBoardPage.java:52)
at pageClass.TankAssetsPage.<init>(TankAssetsPage.java:32)
at pageClass.commonLocatorsRepo.<init>(commonLocatorsRepo.java:25)
at pageClass.DashBoardPage.<init>(DashBoardPage.java:52)
at pageClass.TankAssetsPage.<init>(TankAssetsPage.java:32)
at pageClass.commonLocatorsRepo.<init>(commonLocatorsRepo.java:25)
at pageClass.DashBoardPage.<init>(DashBoardPage.java:52)
at pageClass.TankAssetsPage.<init>(TankAssetsPage.java:32)
at pageClass.commonLocatorsRepo.<init>(commonLocatorsRepo.java:25)
at pageClass.DashBoardPage.<init>(DashBoardPage.java:52)
at pageClass.TankAssetsPage.<init>(TankAssetsPage.java:32)
at pageClass.commonLocatorsRepo.<init>(commonLocatorsRepo.java:25)
at pageClass.DashBoardPage.<init>(DashBoardPage.java:52)
at pageClass.TankAssetsPage.<init>(TankAssetsPage.java:32)
at pageClass.commonLocatorsRepo.<init>(commonLocatorsRepo.java:25)
at pageClass.DashBoardPage.<init>(DashBoardPage.java:52)
at pageClass.TankAssetsPage.<init>(TankAssetsPage.java:32)
at pageClass.commonLocatorsRepo.<init>(commonLocatorsRepo.java:25)
at pageClass.DashBoardPage.<init>(DashBoardPage.java:52)
at pageClass.TankAssetsPage.<init>(TankAssetsPage.java:32)
at pageClass.commonLocatorsRepo.<init>(commonLocatorsRepo.java:25)
at pageClass.DashBoardPage.<init>(DashBoardPage.java:52)
at pageClass.TankAssetsPage.<init>(TankAssetsPage.java:32)
at pageClass.commonLocatorsRepo.<init>(commonLocatorsRepo.java:25)
at pageClass.DashBoardPage.<init>(DashBoardPage.java:52)
at pageClass.TankAssetsPage.<init>(TankAssetsPage.java:32)
at pageClass.commonLocatorsRepo.<init>(commonLocatorsRepo.java:25)
at pageClass.DashBoardPage.<init>(DashBoardPage.java:52)
at pageClass.TankAssetsPage.<init>(TankAssetsPage.java:32)
at pageClass.commonLocatorsRepo.<init>(commonLocatorsRepo.java:25)
at pageClass.DashBoardPage.<init>(DashBoardPage.java:52)
at pageClass.TankAssetsPage.<init>(TankAssetsPage.java:32)
at pageClass.commonLocatorsRepo.<init>(commonLocatorsRepo.java:25)
at pageClass.DashBoardPage.<init>(DashBoardPage.java:52)
at pageClass.TankAssetsPage.<init>(TankAssetsPage.java:32)
at pageClass.commonLocatorsRepo.<init>(commonLocatorsRepo.java:25)
at pageClass.DashBoardPage.<init>(DashBoardPage.java:52)
at pageClass.TankAssetsPage.<init>(TankAssetsPage.java:32)
at pageClass.commonLocatorsRepo.<init>(commonLocatorsRepo.java:25)
at pageClass.DashBoardPage.<init>(DashBoardPage.java:52)
at pageClass.TankAssetsPage.<init>(TankAssetsPage.java:32)
at pageClass.commonLocatorsRepo.<init>(commonLocatorsRepo.java:25)
at pageClass.DashBoardPage.<init>(DashBoardPage.java:52)
at pageClass.TankAssetsPage.<init>(TankAssetsPage.java:32)
at pageClass.commonLocatorsRepo.<init>(commonLocatorsRepo.java:25)
at pageClass.DashBoardPage.<init>(DashBoardPage.java:52)
at pageClass.TankAssetsPage.<init>(TankAssetsPage.java:32)
at pageClass.commonLocatorsRepo.<init>(commonLocatorsRepo.java:25)
at pageClass.DashBoardPage.<init>(DashBoardPage.java:52)
at pageClass.TankAssetsPage.<init>(TankAssetsPage.java:32)
at pageClass.commonLocatorsRepo.<init>(commonLocatorsRepo.java:25)
at pageClass.DashBoardPage.<init>(DashBoardPage.java:52)
at pageClass.TankAssetsPage.<init>(TankAssetsPage.java:32)
at pageClass.commonLocatorsRepo.<init>(commonLocatorsRepo.java:25)
at pageClass.DashBoardPage.<init>(DashBoardPage.java:52)
at pageClass.TankAssetsPage.<init>(TankAssetsPage.java:32)
at pageClass.commonLocatorsRepo.<init>(commonLocatorsRepo.java:25)
at pageClass.DashBoardPage.<init>(DashBoardPage.java:52)
at pageClass.TankAssetsPage.<init>(TankAssetsPage.java:32)
at pageClass.commonLocatorsRepo.<init>(commonLocatorsRepo.java:25)
at pageClass.DashBoardPage.<init>(DashBoardPage.java:52)
at pageClass.TankAssetsPage.<init>(TankAssetsPage.java:32)
at pageClass.commonLocatorsRepo.<init>(commonLocatorsRepo.java:25)
at pageClass.DashBoardPage.<init>(DashBoardPage.java:52)
at pageClass.TankAssetsPage.<init>(TankAssetsPage.java:32)
at pageClass.commonLocatorsRepo.<init>(commonLocatorsRepo.java:25)
at pageClass.DashBoardPage.<init>(DashBoardPage.java:52)
at pageClass.TankAssetsPage.<init>(TankAssetsPage.java:32)
at pageClass.commonLocatorsRepo.<init>(commonLocatorsRepo.java:25)
at pageClass.DashBoardPage.<init>(DashBoardPage.java:52)
at pageClass.TankAssetsPage.<init>(TankAssetsPage.java:32)
at pageClass.commonLocatorsRepo.<init>(commonLocatorsRepo.java:25)
at pageClass.DashBoardPage.<init>(DashBoardPage.java:52)
at pageClass.TankAssetsPage.<init>(TankAssetsPage.java:32)
at pageClass.commonLocatorsRepo.<init>(commonLocatorsRepo.java:25)
at pageClass.DashBoardPage.<init>(DashBoardPage.java:52)
at pageClass.TankAssetsPage.<init>(TankAssetsPage.java:32)
at pageClass.commonLocatorsRepo.<init>(commonLocatorsRepo.java:25)
at pageClass.DashBoardPage.<init>(DashBoardPage.java:52)
at pageClass.TankAssetsPage.<init>(TankAssetsPage.java:32)
at pageClass.commonLocatorsRepo.<init>(commonLocatorsRepo.java:25)
at pageClass.DashBoardPage.<init>(DashBoardPage.java:52)
at pageClass.TankAssetsPage.<init>(TankAssetsPage.java:32)
at pageClass.commonLocatorsRepo.<init>(commonLocatorsRepo.java:25)
at pageClass.DashBoardPage.<init>(DashBoardPage.java:52)
at pageClass.TankAssetsPage.<init>(TankAssetsPage.java:32)
at pageClass.commonLocatorsRepo.<init>(commonLocatorsRepo.java:25)
at pageClass.DashBoardPage.<init>(DashBoardPage.java:52)
at pageClass.TankAssetsPage.<init>(TankAssetsPage.java:32)
at pageClass.commonLocatorsRepo.<init>(commonLocatorsRepo.java:25)
at pageClass.DashBoardPage.<init>(DashBoardPage.java:52)
at pageClass.TankAssetsPage.<init>(TankAssetsPage.java:32)
at pageClass.commonLocatorsRepo.<init>(commonLocatorsRepo.java:25)
at pageClass.DashBoardPage.<init>(DashBoardPage.java:52)
at pageClass.TankAssetsPage.<init>(TankAssetsPage.java:32)
at pageClass.commonLocatorsRepo.<init>(commonLocatorsRepo.java:25)
at pageClass.DashBoardPage.<init>(DashBoardPage.java:52)
at pageClass.TankAssetsPage.<init>(TankAssetsPage.java:32)
at pageClass.commonLocatorsRepo.<init>(commonLocatorsRepo.java:25)
at pageClass.DashBoardPage.<init>(DashBoardPage.java:52)
at pageClass.TankAssetsPage.<init>(TankAssetsPage.java:32)
at pageClass.commonLocatorsRepo.<init>(commonLocatorsRepo.java:25)
at pageClass.DashBoardPage.<init>(DashBoardPage.java:52)
at pageClass.TankAssetsPage.<init>(TankAssetsPage.java:32)
at pageClass.commonLocatorsRepo.<init>(commonLocatorsRepo.java:25)
at pageClass.DashBoardPage.<init>(DashBoardPage.java:52)
at pageClass.TankAssetsPage.<init>(TankAssetsPage.java:32)
at pageClass.commonLocatorsRepo.<init>(commonLocatorsRepo.java:25)
at pageClass.DashBoardPage.<init>(DashBoardPage.java:52)
at pageClass.TankAssetsPage.<init>(TankAssetsPage.java:32)
at pageClass.commonLocatorsRepo.<init>(commonLocatorsRepo.java:25)
at pageClass.DashBoardPage.<init>(DashBoardPage.java:52)
at pageClass.TankAssetsPage.<init>(TankAssetsPage.java:32)
at pageClass.commonLocatorsRepo.<init>(commonLocatorsRepo.java:25)
at pageClass.DashBoardPage.<init>(DashBoardPage.java:52)
at pageClass.TankAssetsPage.<init>(TankAssetsPage.java:32)
at pageClass.commonLocatorsRepo.<init>(commonLocatorsRepo.java:25)
at pageClass.DashBoardPage.<init>(DashBoardPage.java:52)
at pageClass.TankAssetsPage.<init>(TankAssetsPage.java:32)
at pageClass.commonLocatorsRepo.<init>(commonLocatorsRepo.java:25)
at pageClass.DashBoardPage.<init>(DashBoardPage.java:52)
at pageClass.TankAssetsPage.<init>(TankAssetsPage.java:32)
at pageClass.commonLocatorsRepo.<init>(commonLocatorsRepo.java:25)
at pageClass.DashBoardPage.<init>(DashBoardPage.java:52)
at pageClass.TankAssetsPage.<init>(TankAssetsPage.java:32)
at pageClass.commonLocatorsRepo.<init>(commonLocatorsRepo.java:25)
at pageClass.DashBoardPage.<init>(DashBoardPage.java:52)
at pageClass.TankAssetsPage.<init>(TankAssetsPage.java:32)
at pageClass.commonLocatorsRepo.<init>(commonLocatorsRepo.java:25)
at pageClass.DashBoardPage.<init>(DashBoardPage.java:52)
at pageClass.TankAssetsPage.<init>(TankAssetsPage.java:32)
at pageClass.commonLocatorsRepo.<init>(commonLocatorsRepo.java:25)
at pageClass.DashBoardPage.<init>(DashBoardPage.java:52)
at pageClass.TankAssetsPage.<init>(TankAssetsPage.java:32)
at pageClass.commonLocatorsRepo.<init>(commonLocatorsRepo.java:25)
at pageClass.DashBoardPage.<init>(DashBoardPage.java:52)
at pageClass.TankAssetsPage.<init>(TankAssetsPage.java:32)
at pageClass.commonLocatorsRepo.<init>(commonLocatorsRepo.java:25)
at pageClass.DashBoardPage.<init>(DashBoardPage.java:52)
at pageClass.TankAssetsPage.<init>(TankAssetsPage.java:32)
at pageClass.commonLocatorsRepo.<init>(commonLocatorsRepo.java:25)
at pageClass.DashBoardPage.<init>(DashBoardPage.java:52)
at pageClass.TankAssetsPage.<init>(TankAssetsPage.java:32)
at pageClass.commonLocatorsRepo.<init>(commonLocatorsRepo.java:25)
at pageClass.DashBoardPage.<init>(DashBoardPage.java:52)
at pageClass.TankAssetsPage.<init>(TankAssetsPage.java:32)
at pageClass.commonLocatorsRepo.<init>(commonLocatorsRepo.java:25)
at pageClass.DashBoardPage.<init>(DashBoardPage.java:52)
at pageClass.TankAssetsPage.<init>(TankAssetsPage.java:32)
at pageClass.commonLocatorsRepo.<init>(commonLocatorsRepo.java:25)
at pageClass.DashBoardPage.<init>(DashBoardPage.java:52)
at pageClass.TankAssetsPage.<init>(TankAssetsPage.java:32)
at pageClass.commonLocatorsRepo.<init>(commonLocatorsRepo.java:25)
at pageClass.DashBoardPage.<init>(DashBoardPage.java:52)
at pageClass.TankAssetsPage.<init>(TankAssetsPage.java:32)
at pageClass.commonLocatorsRepo.<init>(commonLocatorsRepo.java:25)
at pageClass.DashBoardPage.<init>(DashBoardPage.java:52)
at pageClass.TankAssetsPage.<init>(TankAssetsPage.java:32)
at pageClass.commonLocatorsRepo.<init>(commonLocatorsRepo.java:25)
at pageClass.DashBoardPage.<init>(DashBoardPage.java:52)
at pageClass.TankAssetsPage.<init>(TankAssetsPage.java:32)
at pageClass.commonLocatorsRepo.<init>(commonLocatorsRepo.java:25)
at pageClass.DashBoardPage.<init>(DashBoardPage.java:52)
at pageClass.TankAssetsPage.<init>(TankAssetsPage.java:32)
at pageClass.commonLocatorsRepo.<init>(commonLocatorsRepo.java:25)
at pageClass.DashBoardPage.<init>(DashBoardPage.java:52)
at pageClass.TankAssetsPage.<init>(TankAssetsPage.java:32)
at pageClass.commonLocatorsRepo.<init>(commonLocatorsRepo.java:25)
at pageClass.DashBoardPage.<init>(DashBoardPage.java:52)
at pageClass.TankAssetsPage.<init>(TankAssetsPage.java:32)
at pageClass.commonLocatorsRepo.<init>(commonLocatorsRepo.java:25)
at pageClass.DashBoardPage.<init>(DashBoardPage.java:52)
at pageClass.TankAssetsPage.<init>(TankAssetsPage.java:32)
at pageClass.commonLocatorsRepo.<init>(commonLocatorsRepo.java:25)
at pageClass.DashBoardPage.<init>(DashBoardPage.java:52)
at pageClass.TankAssetsPage.<init>(TankAssetsPage.java:32)
at pageClass.commonLocatorsRepo.<init>(commonLocatorsRepo.java:25)
at pageClass.DashBoardPage.<init>(DashBoardPage.java:52)
at pageClass.TankAssetsPage.<init>(TankAssetsPage.java:32)
at pageClass.commonLocatorsRepo.<init>(commonLocatorsRepo.java:25)
at pageClass.DashBoardPage.<init>(DashBoardPage.java:52)
at pageClass.TankAssetsPage.<init>(TankAssetsPage.java:32)
at pageClass.commonLocatorsRepo.<init>(commonLocatorsRepo.java:25)
at pageClass.DashBoardPage.<init>(DashBoardPage.java:52)
at pageClass.TankAssetsPage.<init>(TankAssetsPage.java:32)
at pageClass.commonLocatorsRepo.<init>(commonLocatorsRepo.java:25)
at pageClass.DashBoardPage.<init>(DashBoardPage.java:52)
at pageClass.TankAssetsPage.<init>(TankAssetsPage.java:32)
at pageClass.commonLocatorsRepo.<init>(commonLocatorsRepo.java:25)
at pageClass.DashBoardPage.<init>(DashBoardPage.java:52)
at pageClass.TankAssetsPage.<init>(TankAssetsPage.java:32)
at pageClass.commonLocatorsRepo.<init>(commonLocatorsRepo.java:25)
at pageClass.DashBoardPage.<init>(DashBoardPage.java:52)
at pageClass.TankAssetsPage.<init>(TankAssetsPage.java:32)
at pageClass.commonLocatorsRepo.<init>(commonLocatorsRepo.java:25)
at pageClass.DashBoardPage.<init>(DashBoardPage.java:52)
at pageClass.TankAssetsPage.<init>(TankAssetsPage.java:32)
at pageClass.commonLocatorsRepo.<init>(commonLocatorsRepo.java:25)
at pageClass.DashBoardPage.<init>(DashBoardPage.java:52)
at pageClass.TankAssetsPage.<init>(TankAssetsPage.java:32)
at pageClass.commonLocatorsRepo.<init>(commonLocatorsRepo.java:25)
at pageClass.DashBoardPage.<init>(DashBoardPage.java:52)
at pageClass.TankAssetsPage.<init>(TankAssetsPage.java:32)
at pageClass.commonLocatorsRepo.<init>(commonLocatorsRepo.java:25)
at pageClass.DashBoardPage.<init>(DashBoardPage.java:52)
at pageClass.TankAssetsPage.<init>(TankAssetsPage.java:32)
at pageClass.commonLocatorsRepo.<init>(commonLocatorsRepo.java:25)
at pageClass.DashBoardPage.<init>(DashBoardPage.java:52)
at pageClass.TankAssetsPage.<init>(TankAssetsPage.java:32)
at pageClass.commonLocatorsRepo.<init>(commonLocatorsRepo.java:25)
at pageClass.DashBoardPage.<init>(DashBoardPage.java:52)
at pageClass.TankAssetsPage.<init>(TankAssetsPage.java:32)
at pageClass.commonLocatorsRepo.<init>(commonLocatorsRepo.java:25)
at pageClass.DashBoardPage.<init>(DashBoardPage.java:52)
at pageClass.TankAssetsPage.<init>(TankAssetsPage.java:32)
at pageClass.commonLocatorsRepo.<init>(commonLocatorsRepo.java:25)
at pageClass.DashBoardPage.<init>(DashBoardPage.java:52)
at pageClass.TankAssetsPage.<init>(TankAssetsPage.java:32)
at pageClass.commonLocatorsRepo.<init>(commonLocatorsRepo.java:25)
at pageClass.DashBoardPage.<init>(DashBoardPage.java:52)
at pageClass.TankAssetsPage.<init>(TankAssetsPage.java:32)
at pageClass.commonLocatorsRepo.<init>(commonLocatorsRepo.java:25)
at pageClass.DashBoardPage.<init>(DashBoardPage.java:52)
at pageClass.TankAssetsPage.<init>(TankAssetsPage.java:32)
at pageClass.commonLocatorsRepo.<init>(commonLocatorsRepo.java:25)
at pageClass.DashBoardPage.<init>(DashBoardPage.java:52)
at pageClass.TankAssetsPage.<init>(TankAssetsPage.java:32)
at pageClass.commonLocatorsRepo.<init>(commonLocatorsRepo.java:25)
at pageClass.DashBoardPage.<init>(DashBoardPage.java:52)
at pageClass.TankAssetsPage.<init>(TankAssetsPage.java:32)
at pageClass.commonLocatorsRepo.<init>(commonLocatorsRepo.java:25)
at pageClass.DashBoardPage.<init>(DashBoardPage.java:52)
at pageClass.TankAssetsPage.<init>(TankAssetsPage.java:32)
at pageClass.commonLocatorsRepo.<init>(commonLocatorsRepo.java:25)
at pageClass.DashBoardPage.<init>(DashBoardPage.java:52)
at pageClass.TankAssetsPage.<init>(TankAssetsPage.java:32)
at pageClass.commonLocatorsRepo.<init>(commonLocatorsRepo.java:25)
at pageClass.DashBoardPage.<init>(DashBoardPage.java:52)
at pageClass.TankAssetsPage.<init>(TankAssetsPage.java:32)
at pageClass.commonLocatorsRepo.<init>(commonLocatorsRepo.java:25)
at pageClass.DashBoardPage.<init>(DashBoardPage.java:52)
at pageClass.TankAssetsPage.<init>(TankAssetsPage.java:32)
at pageClass.commonLocatorsRepo.<init>(commonLocatorsRepo.java:25)
at pageClass.DashBoardPage.<init>(DashBoardPage.java:52)
at pageClass.TankAssetsPage.<init>(TankAssetsPage.java:32)
at pageClass.commonLocatorsRepo.<init>(commonLocatorsRepo.java:25)
at pageClass.DashBoardPage.<init>(DashBoardPage.java:52)
at pageClass.TankAssetsPage.<init>(TankAssetsPage.java:32)
at pageClass.commonLocatorsRepo.<init>(commonLocatorsRepo.java:25)
at pageClass.DashBoardPage.<init>(DashBoardPage.java:52)
at pageClass.TankAssetsPage.<init>(TankAssetsPage.java:32)
at pageClass.commonLocatorsRepo.<init>(commonLocatorsRepo.java:25)
at pageClass.DashBoardPage.<init>(DashBoardPage.java:52)
at pageClass.TankAssetsPage.<init>(TankAssetsPage.java:32)
at pageClass.commonLocatorsRepo.<init>(commonLocatorsRepo.java:25)
at pageClass.DashBoardPage.<init>(DashBoardPage.java:52)
at pageClass.TankAssetsPage.<init>(TankAssetsPage.java:32)
at pageClass.commonLocatorsRepo.<init>(commonLocatorsRepo.java:25)
at pageClass.DashBoardPage.<init>(DashBoardPage.java:52)
at pageClass.TankAssetsPage.<init>(TankAssetsPage.java:32)
at pageClass.commonLocatorsRepo.<init>(commonLocatorsRepo.java:25)
at pageClass.DashBoardPage.<init>(DashBoardPage.java:52)
at pageClass.TankAssetsPage.<init>(TankAssetsPage.java:32)
at pageClass.commonLocatorsRepo.<init>(commonLocatorsRepo.java:25)
at pageClass.DashBoardPage.<init>(DashBoardPage.java:52)
at pageClass.TankAssetsPage.<init>(TankAssetsPage.java:32)
at pageClass.commonLocatorsRepo.<init>(commonLocatorsRepo.java:25)
at pageClass.DashBoardPage.<init>(DashBoardPage.java:52)
at pageClass.TankAssetsPage.<init>(TankAssetsPage.java:32)
at pageClass.commonLocatorsRepo.<init>(commonLocatorsRepo.java:25)
at pageClass.DashBoardPage.<init>(DashBoardPage.java:52)
at pageClass.TankAssetsPage.<init>(TankAssetsPage.java:32)
at pageClass.commonLocatorsRepo.<init>(commonLocatorsRepo.java:25)
at pageClass.DashBoardPage.<init>(DashBoardPage.java:52)
]]>
            </full-stacktrace>
          </exception> <!-- java.lang.StackOverflowError -->
          <reporter-output>
          </reporter-output>
        </test-method> <!-- assignObjectForClass -->
        <test-method is-config="true" signature="seperateCase()[pri:0, instance:testPackage.TankAssetsTest@738dc9b]" started-at="2024-03-21T18:04:34 IST" name="seperateCase" finished-at="1970-01-01T05:30:00 IST" duration-ms="-1711024474555" status="SKIP">
          <reporter-output>
          </reporter-output>
        </test-method> <!-- seperateCase -->
        <test-method signature="createTank()[pri:0, instance:testPackage.TankAssetsTest@738dc9b]" started-at="2024-03-21T18:04:34 IST" name="createTank" description="Test create Tank assets." finished-at="2024-03-21T18:04:34 IST" duration-ms="0" status="SKIP">
          <exception class="java.lang.StackOverflowError">
            <full-stacktrace>
              <![CDATA[java.lang.StackOverflowError
at java.base/jdk.internal.reflect.Reflection.verifyMemberAccess(Reflection.java:141)
at java.base/java.lang.reflect.AccessibleObject.slowVerifyAccess(AccessibleObject.java:715)
at java.base/java.lang.reflect.AccessibleObject.verifyAccess(AccessibleObject.java:701)
at java.base/java.lang.reflect.AccessibleObject.checkAccess(AccessibleObject.java:673)
at java.base/java.lang.reflect.Constructor.newInstanceWithCaller(Constructor.java:489)
at java.base/java.lang.reflect.Constructor.newInstance(Constructor.java:480)
at org.openqa.selenium.support.pagefactory.Annotations.buildBy(Annotations.java:76)
at org.openqa.selenium.support.pagefactory.DefaultElementLocator.<init>(DefaultElementLocator.java:58)
at org.openqa.selenium.support.pagefactory.DefaultElementLocator.<init>(DefaultElementLocator.java:46)
at org.openqa.selenium.support.pagefactory.DefaultElementLocatorFactory.createLocator(DefaultElementLocatorFactory.java:32)
at org.openqa.selenium.support.pagefactory.DefaultFieldDecorator.decorate(DefaultFieldDecorator.java:55)
at org.openqa.selenium.support.PageFactory.proxyFields(PageFactory.java:109)
at org.openqa.selenium.support.PageFactory.initElements(PageFactory.java:101)
at org.openqa.selenium.support.PageFactory.initElements(PageFactory.java:88)
at org.openqa.selenium.support.PageFactory.initElements(PageFactory.java:76)
at pageClass.DashBoardPage.<init>(DashBoardPage.java:50)
at pageClass.TankAssetsPage.<init>(TankAssetsPage.java:32)
at pageClass.commonLocatorsRepo.<init>(commonLocatorsRepo.java:25)
at pageClass.DashBoardPage.<init>(DashBoardPage.java:52)
at pageClass.TankAssetsPage.<init>(TankAssetsPage.java:32)
at pageClass.commonLocatorsRepo.<init>(commonLocatorsRepo.java:25)
at pageClass.DashBoardPage.<init>(DashBoardPage.java:52)
at pageClass.TankAssetsPage.<init>(TankAssetsPage.java:32)
at pageClass.commonLocatorsRepo.<init>(commonLocatorsRepo.java:25)
at pageClass.DashBoardPage.<init>(DashBoardPage.java:52)
at pageClass.TankAssetsPage.<init>(TankAssetsPage.java:32)
at pageClass.commonLocatorsRepo.<init>(commonLocatorsRepo.java:25)
at pageClass.DashBoardPage.<init>(DashBoardPage.java:52)
at pageClass.TankAssetsPage.<init>(TankAssetsPage.java:32)
at pageClass.commonLocatorsRepo.<init>(commonLocatorsRepo.java:25)
at pageClass.DashBoardPage.<init>(DashBoardPage.java:52)
at pageClass.TankAssetsPage.<init>(TankAssetsPage.java:32)
at pageClass.commonLocatorsRepo.<init>(commonLocatorsRepo.java:25)
at pageClass.DashBoardPage.<init>(DashBoardPage.java:52)
at pageClass.TankAssetsPage.<init>(TankAssetsPage.java:32)
at pageClass.commonLocatorsRepo.<init>(commonLocatorsRepo.java:25)
at pageClass.DashBoardPage.<init>(DashBoardPage.java:52)
at pageClass.TankAssetsPage.<init>(TankAssetsPage.java:32)
at pageClass.commonLocatorsRepo.<init>(commonLocatorsRepo.java:25)
at pageClass.DashBoardPage.<init>(DashBoardPage.java:52)
at pageClass.TankAssetsPage.<init>(TankAssetsPage.java:32)
at pageClass.commonLocatorsRepo.<init>(commonLocatorsRepo.java:25)
at pageClass.DashBoardPage.<init>(DashBoardPage.java:52)
at pageClass.TankAssetsPage.<init>(TankAssetsPage.java:32)
at pageClass.commonLocatorsRepo.<init>(commonLocatorsRepo.java:25)
at pageClass.DashBoardPage.<init>(DashBoardPage.java:52)
at pageClass.TankAssetsPage.<init>(TankAssetsPage.java:32)
at pageClass.commonLocatorsRepo.<init>(commonLocatorsRepo.java:25)
at pageClass.DashBoardPage.<init>(DashBoardPage.java:52)
at pageClass.TankAssetsPage.<init>(TankAssetsPage.java:32)
at pageClass.commonLocatorsRepo.<init>(commonLocatorsRepo.java:25)
at pageClass.DashBoardPage.<init>(DashBoardPage.java:52)
at pageClass.TankAssetsPage.<init>(TankAssetsPage.java:32)
at pageClass.commonLocatorsRepo.<init>(commonLocatorsRepo.java:25)
at pageClass.DashBoardPage.<init>(DashBoardPage.java:52)
at pageClass.TankAssetsPage.<init>(TankAssetsPage.java:32)
at pageClass.commonLocatorsRepo.<init>(commonLocatorsRepo.java:25)
at pageClass.DashBoardPage.<init>(DashBoardPage.java:52)
at pageClass.TankAssetsPage.<init>(TankAssetsPage.java:32)
at pageClass.commonLocatorsRepo.<init>(commonLocatorsRepo.java:25)
at pageClass.DashBoardPage.<init>(DashBoardPage.java:52)
at pageClass.TankAssetsPage.<init>(TankAssetsPage.java:32)
at pageClass.commonLocatorsRepo.<init>(commonLocatorsRepo.java:25)
at pageClass.DashBoardPage.<init>(DashBoardPage.java:52)
at pageClass.TankAssetsPage.<init>(TankAssetsPage.java:32)
at pageClass.commonLocatorsRepo.<init>(commonLocatorsRepo.java:25)
at pageClass.DashBoardPage.<init>(DashBoardPage.java:52)
at pageClass.TankAssetsPage.<init>(TankAssetsPage.java:32)
at pageClass.commonLocatorsRepo.<init>(commonLocatorsRepo.java:25)
at pageClass.DashBoardPage.<init>(DashBoardPage.java:52)
at pageClass.TankAssetsPage.<init>(TankAssetsPage.java:32)
at pageClass.commonLocatorsRepo.<init>(commonLocatorsRepo.java:25)
at pageClass.DashBoardPage.<init>(DashBoardPage.java:52)
at pageClass.TankAssetsPage.<init>(TankAssetsPage.java:32)
at pageClass.commonLocatorsRepo.<init>(commonLocatorsRepo.java:25)
at pageClass.DashBoardPage.<init>(DashBoardPage.java:52)
at pageClass.TankAssetsPage.<init>(TankAssetsPage.java:32)
at pageClass.commonLocatorsRepo.<init>(commonLocatorsRepo.java:25)
at pageClass.DashBoardPage.<init>(DashBoardPage.java:52)
at pageClass.TankAssetsPage.<init>(TankAssetsPage.java:32)
at pageClass.commonLocatorsRepo.<init>(commonLocatorsRepo.java:25)
at pageClass.DashBoardPage.<init>(DashBoardPage.java:52)
at pageClass.TankAssetsPage.<init>(TankAssetsPage.java:32)
at pageClass.commonLocatorsRepo.<init>(commonLocatorsRepo.java:25)
at pageClass.DashBoardPage.<init>(DashBoardPage.java:52)
at pageClass.TankAssetsPage.<init>(TankAssetsPage.java:32)
at pageClass.commonLocatorsRepo.<init>(commonLocatorsRepo.java:25)
at pageClass.DashBoardPage.<init>(DashBoardPage.java:52)
at pageClass.TankAssetsPage.<init>(TankAssetsPage.java:32)
at pageClass.commonLocatorsRepo.<init>(commonLocatorsRepo.java:25)
at pageClass.DashBoardPage.<init>(DashBoardPage.java:52)
at pageClass.TankAssetsPage.<init>(TankAssetsPage.java:32)
at pageClass.commonLocatorsRepo.<init>(commonLocatorsRepo.java:25)
at pageClass.DashBoardPage.<init>(DashBoardPage.java:52)
at pageClass.TankAssetsPage.<init>(TankAssetsPage.java:32)
at pageClass.commonLocatorsRepo.<init>(commonLocatorsRepo.java:25)
at pageClass.DashBoardPage.<init>(DashBoardPage.java:52)
at pageClass.TankAssetsPage.<init>(TankAssetsPage.java:32)
at pageClass.commonLocatorsRepo.<init>(commonLocatorsRepo.java:25)
at pageClass.DashBoardPage.<init>(DashBoardPage.java:52)
at pageClass.TankAssetsPage.<init>(TankAssetsPage.java:32)
at pageClass.commonLocatorsRepo.<init>(commonLocatorsRepo.java:25)
at pageClass.DashBoardPage.<init>(DashBoardPage.java:52)
at pageClass.TankAssetsPage.<init>(TankAssetsPage.java:32)
at pageClass.commonLocatorsRepo.<init>(commonLocatorsRepo.java:25)
at pageClass.DashBoardPage.<init>(DashBoardPage.java:52)
at pageClass.TankAssetsPage.<init>(TankAssetsPage.java:32)
at pageClass.commonLocatorsRepo.<init>(commonLocatorsRepo.java:25)
at pageClass.DashBoardPage.<init>(DashBoardPage.java:52)
at pageClass.TankAssetsPage.<init>(TankAssetsPage.java:32)
at pageClass.commonLocatorsRepo.<init>(commonLocatorsRepo.java:25)
at pageClass.DashBoardPage.<init>(DashBoardPage.java:52)
at pageClass.TankAssetsPage.<init>(TankAssetsPage.java:32)
at pageClass.commonLocatorsRepo.<init>(commonLocatorsRepo.java:25)
at pageClass.DashBoardPage.<init>(DashBoardPage.java:52)
at pageClass.TankAssetsPage.<init>(TankAssetsPage.java:32)
at pageClass.commonLocatorsRepo.<init>(commonLocatorsRepo.java:25)
at pageClass.DashBoardPage.<init>(DashBoardPage.java:52)
at pageClass.TankAssetsPage.<init>(TankAssetsPage.java:32)
at pageClass.commonLocatorsRepo.<init>(commonLocatorsRepo.java:25)
at pageClass.DashBoardPage.<init>(DashBoardPage.java:52)
at pageClass.TankAssetsPage.<init>(TankAssetsPage.java:32)
at pageClass.commonLocatorsRepo.<init>(commonLocatorsRepo.java:25)
at pageClass.DashBoardPage.<init>(DashBoardPage.java:52)
at pageClass.TankAssetsPage.<init>(TankAssetsPage.java:32)
at pageClass.commonLocatorsRepo.<init>(commonLocatorsRepo.java:25)
at pageClass.DashBoardPage.<init>(DashBoardPage.java:52)
at pageClass.TankAssetsPage.<init>(TankAssetsPage.java:32)
at pageClass.commonLocatorsRepo.<init>(commonLocatorsRepo.java:25)
at pageClass.DashBoardPage.<init>(DashBoardPage.java:52)
at pageClass.TankAssetsPage.<init>(TankAssetsPage.java:32)
at pageClass.commonLocatorsRepo.<init>(commonLocatorsRepo.java:25)
at pageClass.DashBoardPage.<init>(DashBoardPage.java:52)
at pageClass.TankAssetsPage.<init>(TankAssetsPage.java:32)
at pageClass.commonLocatorsRepo.<init>(commonLocatorsRepo.java:25)
at pageClass.DashBoardPage.<init>(DashBoardPage.java:52)
at pageClass.TankAssetsPage.<init>(TankAssetsPage.java:32)
at pageClass.commonLocatorsRepo.<init>(commonLocatorsRepo.java:25)
at pageClass.DashBoardPage.<init>(DashBoardPage.java:52)
at pageClass.TankAssetsPage.<init>(TankAssetsPage.java:32)
at pageClass.commonLocatorsRepo.<init>(commonLocatorsRepo.java:25)
at pageClass.DashBoardPage.<init>(DashBoardPage.java:52)
at pageClass.TankAssetsPage.<init>(TankAssetsPage.java:32)
at pageClass.commonLocatorsRepo.<init>(commonLocatorsRepo.java:25)
at pageClass.DashBoardPage.<init>(DashBoardPage.java:52)
at pageClass.TankAssetsPage.<init>(TankAssetsPage.java:32)
at pageClass.commonLocatorsRepo.<init>(commonLocatorsRepo.java:25)
at pageClass.DashBoardPage.<init>(DashBoardPage.java:52)
at pageClass.TankAssetsPage.<init>(TankAssetsPage.java:32)
at pageClass.commonLocatorsRepo.<init>(commonLocatorsRepo.java:25)
at pageClass.DashBoardPage.<init>(DashBoardPage.java:52)
at pageClass.TankAssetsPage.<init>(TankAssetsPage.java:32)
at pageClass.commonLocatorsRepo.<init>(commonLocatorsRepo.java:25)
at pageClass.DashBoardPage.<init>(DashBoardPage.java:52)
at pageClass.TankAssetsPage.<init>(TankAssetsPage.java:32)
at pageClass.commonLocatorsRepo.<init>(commonLocatorsRepo.java:25)
at pageClass.DashBoardPage.<init>(DashBoardPage.java:52)
at pageClass.TankAssetsPage.<init>(TankAssetsPage.java:32)
at pageClass.commonLocatorsRepo.<init>(commonLocatorsRepo.java:25)
at pageClass.DashBoardPage.<init>(DashBoardPage.java:52)
at pageClass.TankAssetsPage.<init>(TankAssetsPage.java:32)
at pageClass.commonLocatorsRepo.<init>(commonLocatorsRepo.java:25)
at pageClass.DashBoardPage.<init>(DashBoardPage.java:52)
at pageClass.TankAssetsPage.<init>(TankAssetsPage.java:32)
at pageClass.commonLocatorsRepo.<init>(commonLocatorsRepo.java:25)
at pageClass.DashBoardPage.<init>(DashBoardPage.java:52)
at pageClass.TankAssetsPage.<init>(TankAssetsPage.java:32)
at pageClass.commonLocatorsRepo.<init>(commonLocatorsRepo.java:25)
at pageClass.DashBoardPage.<init>(DashBoardPage.java:52)
at pageClass.TankAssetsPage.<init>(TankAssetsPage.java:32)
at pageClass.commonLocatorsRepo.<init>(commonLocatorsRepo.java:25)
at pageClass.DashBoardPage.<init>(DashBoardPage.java:52)
at pageClass.TankAssetsPage.<init>(TankAssetsPage.java:32)
at pageClass.commonLocatorsRepo.<init>(commonLocatorsRepo.java:25)
at pageClass.DashBoardPage.<init>(DashBoardPage.java:52)
at pageClass.TankAssetsPage.<init>(TankAssetsPage.java:32)
at pageClass.commonLocatorsRepo.<init>(commonLocatorsRepo.java:25)
at pageClass.DashBoardPage.<init>(DashBoardPage.java:52)
at pageClass.TankAssetsPage.<init>(TankAssetsPage.java:32)
at pageClass.commonLocatorsRepo.<init>(commonLocatorsRepo.java:25)
at pageClass.DashBoardPage.<init>(DashBoardPage.java:52)
at pageClass.TankAssetsPage.<init>(TankAssetsPage.java:32)
at pageClass.commonLocatorsRepo.<init>(commonLocatorsRepo.java:25)
at pageClass.DashBoardPage.<init>(DashBoardPage.java:52)
at pageClass.TankAssetsPage.<init>(TankAssetsPage.java:32)
at pageClass.commonLocatorsRepo.<init>(commonLocatorsRepo.java:25)
at pageClass.DashBoardPage.<init>(DashBoardPage.java:52)
at pageClass.TankAssetsPage.<init>(TankAssetsPage.java:32)
at pageClass.commonLocatorsRepo.<init>(commonLocatorsRepo.java:25)
at pageClass.DashBoardPage.<init>(DashBoardPage.java:52)
at pageClass.TankAssetsPage.<init>(TankAssetsPage.java:32)
at pageClass.commonLocatorsRepo.<init>(commonLocatorsRepo.java:25)
at pageClass.DashBoardPage.<init>(DashBoardPage.java:52)
at pageClass.TankAssetsPage.<init>(TankAssetsPage.java:32)
at pageClass.commonLocatorsRepo.<init>(commonLocatorsRepo.java:25)
at pageClass.DashBoardPage.<init>(DashBoardPage.java:52)
at pageClass.TankAssetsPage.<init>(TankAssetsPage.java:32)
at pageClass.commonLocatorsRepo.<init>(commonLocatorsRepo.java:25)
at pageClass.DashBoardPage.<init>(DashBoardPage.java:52)
at pageClass.TankAssetsPage.<init>(TankAssetsPage.java:32)
at pageClass.commonLocatorsRepo.<init>(commonLocatorsRepo.java:25)
at pageClass.DashBoardPage.<init>(DashBoardPage.java:52)
at pageClass.TankAssetsPage.<init>(TankAssetsPage.java:32)
at pageClass.commonLocatorsRepo.<init>(commonLocatorsRepo.java:25)
at pageClass.DashBoardPage.<init>(DashBoardPage.java:52)
at pageClass.TankAssetsPage.<init>(TankAssetsPage.java:32)
at pageClass.commonLocatorsRepo.<init>(commonLocatorsRepo.java:25)
at pageClass.DashBoardPage.<init>(DashBoardPage.java:52)
at pageClass.TankAssetsPage.<init>(TankAssetsPage.java:32)
at pageClass.commonLocatorsRepo.<init>(commonLocatorsRepo.java:25)
at pageClass.DashBoardPage.<init>(DashBoardPage.java:52)
at pageClass.TankAssetsPage.<init>(TankAssetsPage.java:32)
at pageClass.commonLocatorsRepo.<init>(commonLocatorsRepo.java:25)
at pageClass.DashBoardPage.<init>(DashBoardPage.java:52)
at pageClass.TankAssetsPage.<init>(TankAssetsPage.java:32)
at pageClass.commonLocatorsRepo.<init>(commonLocatorsRepo.java:25)
at pageClass.DashBoardPage.<init>(DashBoardPage.java:52)
at pageClass.TankAssetsPage.<init>(TankAssetsPage.java:32)
at pageClass.commonLocatorsRepo.<init>(commonLocatorsRepo.java:25)
at pageClass.DashBoardPage.<init>(DashBoardPage.java:52)
at pageClass.TankAssetsPage.<init>(TankAssetsPage.java:32)
at pageClass.commonLocatorsRepo.<init>(commonLocatorsRepo.java:25)
at pageClass.DashBoardPage.<init>(DashBoardPage.java:52)
at pageClass.TankAssetsPage.<init>(TankAssetsPage.java:32)
at pageClass.commonLocatorsRepo.<init>(commonLocatorsRepo.java:25)
at pageClass.DashBoardPage.<init>(DashBoardPage.java:52)
at pageClass.TankAssetsPage.<init>(TankAssetsPage.java:32)
at pageClass.commonLocatorsRepo.<init>(commonLocatorsRepo.java:25)
at pageClass.DashBoardPage.<init>(DashBoardPage.java:52)
at pageClass.TankAssetsPage.<init>(TankAssetsPage.java:32)
at pageClass.commonLocatorsRepo.<init>(commonLocatorsRepo.java:25)
at pageClass.DashBoardPage.<init>(DashBoardPage.java:52)
at pageClass.TankAssetsPage.<init>(TankAssetsPage.java:32)
at pageClass.commonLocatorsRepo.<init>(commonLocatorsRepo.java:25)
at pageClass.DashBoardPage.<init>(DashBoardPage.java:52)
at pageClass.TankAssetsPage.<init>(TankAssetsPage.java:32)
at pageClass.commonLocatorsRepo.<init>(commonLocatorsRepo.java:25)
at pageClass.DashBoardPage.<init>(DashBoardPage.java:52)
at pageClass.TankAssetsPage.<init>(TankAssetsPage.java:32)
at pageClass.commonLocatorsRepo.<init>(commonLocatorsRepo.java:25)
at pageClass.DashBoardPage.<init>(DashBoardPage.java:52)
at pageClass.TankAssetsPage.<init>(TankAssetsPage.java:32)
at pageClass.commonLocatorsRepo.<init>(commonLocatorsRepo.java:25)
[...]
at pageClass.DashBoardPage.<init>(DashBoardPage.java:52)
at pageClass.TankAssetsPage.<init>(TankAssetsPage.java:32)
at pageClass.commonLocatorsRepo.<init>(commonLocatorsRepo.java:25)
at pageClass.DashBoardPage.<init>(DashBoardPage.java:52)
at pageClass.TankAssetsPage.<init>(TankAssetsPage.java:32)
at pageClass.commonLocatorsRepo.<init>(commonLocatorsRepo.java:25)
at pageClass.DashBoardPage.<init>(DashBoardPage.java:52)
at pageClass.TankAssetsPage.<init>(TankAssetsPage.java:32)
at pageClass.commonLocatorsRepo.<init>(commonLocatorsRepo.java:25)
at pageClass.DashBoardPage.<init>(DashBoardPage.java:52)
at pageClass.TankAssetsPage.<init>(TankAssetsPage.java:32)
at pageClass.commonLocatorsRepo.<init>(commonLocatorsRepo.java:25)
at pageClass.DashBoardPage.<init>(DashBoardPage.java:52)
at pageClass.TankAssetsPage.<init>(TankAssetsPage.java:32)
at pageClass.commonLocatorsRepo.<init>(commonLocatorsRepo.java:25)
at pageClass.DashBoardPage.<init>(DashBoardPage.java:52)
at pageClass.TankAssetsPage.<init>(TankAssetsPage.java:32)
at pageClass.commonLocatorsRepo.<init>(commonLocatorsRepo.java:25)
at pageClass.DashBoardPage.<init>(DashBoardPage.java:52)
at pageClass.TankAssetsPage.<init>(TankAssetsPage.java:32)
at pageClass.commonLocatorsRepo.<init>(commonLocatorsRepo.java:25)
at pageClass.DashBoardPage.<init>(DashBoardPage.java:52)
at pageClass.TankAssetsPage.<init>(TankAssetsPage.java:32)
at pageClass.commonLocatorsRepo.<init>(commonLocatorsRepo.java:25)
at pageClass.DashBoardPage.<init>(DashBoardPage.java:52)
at pageClass.TankAssetsPage.<init>(TankAssetsPage.java:32)
at pageClass.commonLocatorsRepo.<init>(commonLocatorsRepo.java:25)
at pageClass.DashBoardPage.<init>(DashBoardPage.java:52)
at pageClass.TankAssetsPage.<init>(TankAssetsPage.java:32)
at pageClass.commonLocatorsRepo.<init>(commonLocatorsRepo.java:25)
at pageClass.DashBoardPage.<init>(DashBoardPage.java:52)
at pageClass.TankAssetsPage.<init>(TankAssetsPage.java:32)
at pageClass.commonLocatorsRepo.<init>(commonLocatorsRepo.java:25)
at pageClass.DashBoardPage.<init>(DashBoardPage.java:52)
at pageClass.TankAssetsPage.<init>(TankAssetsPage.java:32)
at pageClass.commonLocatorsRepo.<init>(commonLocatorsRepo.java:25)
at pageClass.DashBoardPage.<init>(DashBoardPage.java:52)
at pageClass.TankAssetsPage.<init>(TankAssetsPage.java:32)
at pageClass.commonLocatorsRepo.<init>(commonLocatorsRepo.java:25)
at pageClass.DashBoardPage.<init>(DashBoardPage.java:52)
at pageClass.TankAssetsPage.<init>(TankAssetsPage.java:32)
at pageClass.commonLocatorsRepo.<init>(commonLocatorsRepo.java:25)
at pageClass.DashBoardPage.<init>(DashBoardPage.java:52)
at pageClass.TankAssetsPage.<init>(TankAssetsPage.java:32)
at pageClass.commonLocatorsRepo.<init>(commonLocatorsRepo.java:25)
at pageClass.DashBoardPage.<init>(DashBoardPage.java:52)
at pageClass.TankAssetsPage.<init>(TankAssetsPage.java:32)
at pageClass.commonLocatorsRepo.<init>(commonLocatorsRepo.java:25)
at pageClass.DashBoardPage.<init>(DashBoardPage.java:52)
at pageClass.TankAssetsPage.<init>(TankAssetsPage.java:32)
at pageClass.commonLocatorsRepo.<init>(commonLocatorsRepo.java:25)
at pageClass.DashBoardPage.<init>(DashBoardPage.java:52)
at pageClass.TankAssetsPage.<init>(TankAssetsPage.java:32)
at pageClass.commonLocatorsRepo.<init>(commonLocatorsRepo.java:25)
at pageClass.DashBoardPage.<init>(DashBoardPage.java:52)
at pageClass.TankAssetsPage.<init>(TankAssetsPage.java:32)
at pageClass.commonLocatorsRepo.<init>(commonLocatorsRepo.java:25)
at pageClass.DashBoardPage.<init>(DashBoardPage.java:52)
at pageClass.TankAssetsPage.<init>(TankAssetsPage.java:32)
at pageClass.commonLocatorsRepo.<init>(commonLocatorsRepo.java:25)
at pageClass.DashBoardPage.<init>(DashBoardPage.java:52)
at pageClass.TankAssetsPage.<init>(TankAssetsPage.java:32)
at pageClass.commonLocatorsRepo.<init>(commonLocatorsRepo.java:25)
at pageClass.DashBoardPage.<init>(DashBoardPage.java:52)
at pageClass.TankAssetsPage.<init>(TankAssetsPage.java:32)
at pageClass.commonLocatorsRepo.<init>(commonLocatorsRepo.java:25)
at pageClass.DashBoardPage.<init>(DashBoardPage.java:52)
at pageClass.TankAssetsPage.<init>(TankAssetsPage.java:32)
at pageClass.commonLocatorsRepo.<init>(commonLocatorsRepo.java:25)
at pageClass.DashBoardPage.<init>(DashBoardPage.java:52)
at pageClass.TankAssetsPage.<init>(TankAssetsPage.java:32)
at pageClass.commonLocatorsRepo.<init>(commonLocatorsRepo.java:25)
at pageClass.DashBoardPage.<init>(DashBoardPage.java:52)
at pageClass.TankAssetsPage.<init>(TankAssetsPage.java:32)
at pageClass.commonLocatorsRepo.<init>(commonLocatorsRepo.java:25)
at pageClass.DashBoardPage.<init>(DashBoardPage.java:52)
at pageClass.TankAssetsPage.<init>(TankAssetsPage.java:32)
at pageClass.commonLocatorsRepo.<init>(commonLocatorsRepo.java:25)
at pageClass.DashBoardPage.<init>(DashBoardPage.java:52)
at pageClass.TankAssetsPage.<init>(TankAssetsPage.java:32)
at pageClass.commonLocatorsRepo.<init>(commonLocatorsRepo.java:25)
at pageClass.DashBoardPage.<init>(DashBoardPage.java:52)
at pageClass.TankAssetsPage.<init>(TankAssetsPage.java:32)
at pageClass.commonLocatorsRepo.<init>(commonLocatorsRepo.java:25)
at pageClass.DashBoardPage.<init>(DashBoardPage.java:52)
at pageClass.TankAssetsPage.<init>(TankAssetsPage.java:32)
at pageClass.commonLocatorsRepo.<init>(commonLocatorsRepo.java:25)
at pageClass.DashBoardPage.<init>(DashBoardPage.java:52)
at pageClass.TankAssetsPage.<init>(TankAssetsPage.java:32)
at pageClass.commonLocatorsRepo.<init>(commonLocatorsRepo.java:25)
at pageClass.DashBoardPage.<init>(DashBoardPage.java:52)
at pageClass.TankAssetsPage.<init>(TankAssetsPage.java:32)
at pageClass.commonLocatorsRepo.<init>(commonLocatorsRepo.java:25)
at pageClass.DashBoardPage.<init>(DashBoardPage.java:52)
at pageClass.TankAssetsPage.<init>(TankAssetsPage.java:32)
at pageClass.commonLocatorsRepo.<init>(commonLocatorsRepo.java:25)
at pageClass.DashBoardPage.<init>(DashBoardPage.java:52)
at pageClass.TankAssetsPage.<init>(TankAssetsPage.java:32)
at pageClass.commonLocatorsRepo.<init>(commonLocatorsRepo.java:25)
at pageClass.DashBoardPage.<init>(DashBoardPage.java:52)
at pageClass.TankAssetsPage.<init>(TankAssetsPage.java:32)
at pageClass.commonLocatorsRepo.<init>(commonLocatorsRepo.java:25)
at pageClass.DashBoardPage.<init>(DashBoardPage.java:52)
at pageClass.TankAssetsPage.<init>(TankAssetsPage.java:32)
at pageClass.commonLocatorsRepo.<init>(commonLocatorsRepo.java:25)
at pageClass.DashBoardPage.<init>(DashBoardPage.java:52)
at pageClass.TankAssetsPage.<init>(TankAssetsPage.java:32)
at pageClass.commonLocatorsRepo.<init>(commonLocatorsRepo.java:25)
at pageClass.DashBoardPage.<init>(DashBoardPage.java:52)
at pageClass.TankAssetsPage.<init>(TankAssetsPage.java:32)
at pageClass.commonLocatorsRepo.<init>(commonLocatorsRepo.java:25)
at pageClass.DashBoardPage.<init>(DashBoardPage.java:52)
at pageClass.TankAssetsPage.<init>(TankAssetsPage.java:32)
at pageClass.commonLocatorsRepo.<init>(commonLocatorsRepo.java:25)
at pageClass.DashBoardPage.<init>(DashBoardPage.java:52)
at pageClass.TankAssetsPage.<init>(TankAssetsPage.java:32)
at pageClass.commonLocatorsRepo.<init>(commonLocatorsRepo.java:25)
at pageClass.DashBoardPage.<init>(DashBoardPage.java:52)
at pageClass.TankAssetsPage.<init>(TankAssetsPage.java:32)
at pageClass.commonLocatorsRepo.<init>(commonLocatorsRepo.java:25)
at pageClass.DashBoardPage.<init>(DashBoardPage.java:52)
at pageClass.TankAssetsPage.<init>(TankAssetsPage.java:32)
at pageClass.commonLocatorsRepo.<init>(commonLocatorsRepo.java:25)
at pageClass.DashBoardPage.<init>(DashBoardPage.java:52)
at pageClass.TankAssetsPage.<init>(TankAssetsPage.java:32)
at pageClass.commonLocatorsRepo.<init>(commonLocatorsRepo.java:25)
at pageClass.DashBoardPage.<init>(DashBoardPage.java:52)
at pageClass.TankAssetsPage.<init>(TankAssetsPage.java:32)
at pageClass.commonLocatorsRepo.<init>(commonLocatorsRepo.java:25)
at pageClass.DashBoardPage.<init>(DashBoardPage.java:52)
at pageClass.TankAssetsPage.<init>(TankAssetsPage.java:32)
at pageClass.commonLocatorsRepo.<init>(commonLocatorsRepo.java:25)
at pageClass.DashBoardPage.<init>(DashBoardPage.java:52)
at pageClass.TankAssetsPage.<init>(TankAssetsPage.java:32)
at pageClass.commonLocatorsRepo.<init>(commonLocatorsRepo.java:25)
at pageClass.DashBoardPage.<init>(DashBoardPage.java:52)
at pageClass.TankAssetsPage.<init>(TankAssetsPage.java:32)
at pageClass.commonLocatorsRepo.<init>(commonLocatorsRepo.java:25)
at pageClass.DashBoardPage.<init>(DashBoardPage.java:52)
at pageClass.TankAssetsPage.<init>(TankAssetsPage.java:32)
at pageClass.commonLocatorsRepo.<init>(commonLocatorsRepo.java:25)
at pageClass.DashBoardPage.<init>(DashBoardPage.java:52)
at pageClass.TankAssetsPage.<init>(TankAssetsPage.java:32)
at pageClass.commonLocatorsRepo.<init>(commonLocatorsRepo.java:25)
at pageClass.DashBoardPage.<init>(DashBoardPage.java:52)
at pageClass.TankAssetsPage.<init>(TankAssetsPage.java:32)
at pageClass.commonLocatorsRepo.<init>(commonLocatorsRepo.java:25)
at pageClass.DashBoardPage.<init>(DashBoardPage.java:52)
at pageClass.TankAssetsPage.<init>(TankAssetsPage.java:32)
at pageClass.commonLocatorsRepo.<init>(commonLocatorsRepo.java:25)
at pageClass.DashBoardPage.<init>(DashBoardPage.java:52)
at pageClass.TankAssetsPage.<init>(TankAssetsPage.java:32)
at pageClass.commonLocatorsRepo.<init>(commonLocatorsRepo.java:25)
at pageClass.DashBoardPage.<init>(DashBoardPage.java:52)
at pageClass.TankAssetsPage.<init>(TankAssetsPage.java:32)
at pageClass.commonLocatorsRepo.<init>(commonLocatorsRepo.java:25)
at pageClass.DashBoardPage.<init>(DashBoardPage.java:52)
at pageClass.TankAssetsPage.<init>(TankAssetsPage.java:32)
at pageClass.commonLocatorsRepo.<init>(commonLocatorsRepo.java:25)
at pageClass.DashBoardPage.<init>(DashBoardPage.java:52)
at pageClass.TankAssetsPage.<init>(TankAssetsPage.java:32)
at pageClass.commonLocatorsRepo.<init>(commonLocatorsRepo.java:25)
at pageClass.DashBoardPage.<init>(DashBoardPage.java:52)
at pageClass.TankAssetsPage.<init>(TankAssetsPage.java:32)
at pageClass.commonLocatorsRepo.<init>(commonLocatorsRepo.java:25)
at pageClass.DashBoardPage.<init>(DashBoardPage.java:52)
at pageClass.TankAssetsPage.<init>(TankAssetsPage.java:32)
at pageClass.commonLocatorsRepo.<init>(commonLocatorsRepo.java:25)
at pageClass.DashBoardPage.<init>(DashBoardPage.java:52)
at pageClass.TankAssetsPage.<init>(TankAssetsPage.java:32)
at pageClass.commonLocatorsRepo.<init>(commonLocatorsRepo.java:25)
at pageClass.DashBoardPage.<init>(DashBoardPage.java:52)
at pageClass.TankAssetsPage.<init>(TankAssetsPage.java:32)
at pageClass.commonLocatorsRepo.<init>(commonLocatorsRepo.java:25)
at pageClass.DashBoardPage.<init>(DashBoardPage.java:52)
at pageClass.TankAssetsPage.<init>(TankAssetsPage.java:32)
at pageClass.commonLocatorsRepo.<init>(commonLocatorsRepo.java:25)
at pageClass.DashBoardPage.<init>(DashBoardPage.java:52)
at pageClass.TankAssetsPage.<init>(TankAssetsPage.java:32)
at pageClass.commonLocatorsRepo.<init>(commonLocatorsRepo.java:25)
at pageClass.DashBoardPage.<init>(DashBoardPage.java:52)
at pageClass.TankAssetsPage.<init>(TankAssetsPage.java:32)
at pageClass.commonLocatorsRepo.<init>(commonLocatorsRepo.java:25)
at pageClass.DashBoardPage.<init>(DashBoardPage.java:52)
at pageClass.TankAssetsPage.<init>(TankAssetsPage.java:32)
at pageClass.commonLocatorsRepo.<init>(commonLocatorsRepo.java:25)
at pageClass.DashBoardPage.<init>(DashBoardPage.java:52)
at pageClass.TankAssetsPage.<init>(TankAssetsPage.java:32)
at pageClass.commonLocatorsRepo.<init>(commonLocatorsRepo.java:25)
at pageClass.DashBoardPage.<init>(DashBoardPage.java:52)
at pageClass.TankAssetsPage.<init>(TankAssetsPage.java:32)
at pageClass.commonLocatorsRepo.<init>(commonLocatorsRepo.java:25)
at pageClass.DashBoardPage.<init>(DashBoardPage.java:52)
at pageClass.TankAssetsPage.<init>(TankAssetsPage.java:32)
at pageClass.commonLocatorsRepo.<init>(commonLocatorsRepo.java:25)
at pageClass.DashBoardPage.<init>(DashBoardPage.java:52)
at pageClass.TankAssetsPage.<init>(TankAssetsPage.java:32)
at pageClass.commonLocatorsRepo.<init>(commonLocatorsRepo.java:25)
at pageClass.DashBoardPage.<init>(DashBoardPage.java:52)
at pageClass.TankAssetsPage.<init>(TankAssetsPage.java:32)
at pageClass.commonLocatorsRepo.<init>(commonLocatorsRepo.java:25)
at pageClass.DashBoardPage.<init>(DashBoardPage.java:52)
at pageClass.TankAssetsPage.<init>(TankAssetsPage.java:32)
at pageClass.commonLocatorsRepo.<init>(commonLocatorsRepo.java:25)
at pageClass.DashBoardPage.<init>(DashBoardPage.java:52)
at pageClass.TankAssetsPage.<init>(TankAssetsPage.java:32)
at pageClass.commonLocatorsRepo.<init>(commonLocatorsRepo.java:25)
at pageClass.DashBoardPage.<init>(DashBoardPage.java:52)
at pageClass.TankAssetsPage.<init>(TankAssetsPage.java:32)
at pageClass.commonLocatorsRepo.<init>(commonLocatorsRepo.java:25)
at pageClass.DashBoardPage.<init>(DashBoardPage.java:52)
at pageClass.TankAssetsPage.<init>(TankAssetsPage.java:32)
at pageClass.commonLocatorsRepo.<init>(commonLocatorsRepo.java:25)
at pageClass.DashBoardPage.<init>(DashBoardPage.java:52)
at pageClass.TankAssetsPage.<init>(TankAssetsPage.java:32)
at pageClass.commonLocatorsRepo.<init>(commonLocatorsRepo.java:25)
at pageClass.DashBoardPage.<init>(DashBoardPage.java:52)
at pageClass.TankAssetsPage.<init>(TankAssetsPage.java:32)
at pageClass.commonLocatorsRepo.<init>(commonLocatorsRepo.java:25)
at pageClass.DashBoardPage.<init>(DashBoardPage.java:52)
at pageClass.TankAssetsPage.<init>(TankAssetsPage.java:32)
at pageClass.commonLocatorsRepo.<init>(commonLocatorsRepo.java:25)
at pageClass.DashBoardPage.<init>(DashBoardPage.java:52)
at pageClass.TankAssetsPage.<init>(TankAssetsPage.java:32)
at pageClass.commonLocatorsRepo.<init>(commonLocatorsRepo.java:25)
at pageClass.DashBoardPage.<init>(DashBoardPage.java:52)
at pageClass.TankAssetsPage.<init>(TankAssetsPage.java:32)
at pageClass.commonLocatorsRepo.<init>(commonLocatorsRepo.java:25)
at pageClass.DashBoardPage.<init>(DashBoardPage.java:52)
at pageClass.TankAssetsPage.<init>(TankAssetsPage.java:32)
at pageClass.commonLocatorsRepo.<init>(commonLocatorsRepo.java:25)
at pageClass.DashBoardPage.<init>(DashBoardPage.java:52)
at pageClass.TankAssetsPage.<init>(TankAssetsPage.java:32)
at pageClass.commonLocatorsRepo.<init>(commonLocatorsRepo.java:25)
at pageClass.DashBoardPage.<init>(DashBoardPage.java:52)
at pageClass.TankAssetsPage.<init>(TankAssetsPage.java:32)
at pageClass.commonLocatorsRepo.<init>(commonLocatorsRepo.java:25)
at pageClass.DashBoardPage.<init>(DashBoardPage.java:52)
at pageClass.TankAssetsPage.<init>(TankAssetsPage.java:32)
at pageClass.commonLocatorsRepo.<init>(commonLocatorsRepo.java:25)
at pageClass.DashBoardPage.<init>(DashBoardPage.java:52)
at pageClass.TankAssetsPage.<init>(TankAssetsPage.java:32)
at pageClass.commonLocatorsRepo.<init>(commonLocatorsRepo.java:25)
at pageClass.DashBoardPage.<init>(DashBoardPage.java:52)
at pageClass.TankAssetsPage.<init>(TankAssetsPage.java:32)
at pageClass.commonLocatorsRepo.<init>(commonLocatorsRepo.java:25)
at pageClass.DashBoardPage.<init>(DashBoardPage.java:52)
at pageClass.TankAssetsPage.<init>(TankAssetsPage.java:32)
at pageClass.commonLocatorsRepo.<init>(commonLocatorsRepo.java:25)
at pageClass.DashBoardPage.<init>(DashBoardPage.java:52)
at pageClass.TankAssetsPage.<init>(TankAssetsPage.java:32)
at pageClass.commonLocatorsRepo.<init>(commonLocatorsRepo.java:25)
at pageClass.DashBoardPage.<init>(DashBoardPage.java:52)
at pageClass.TankAssetsPage.<init>(TankAssetsPage.java:32)
at pageClass.commonLocatorsRepo.<init>(commonLocatorsRepo.java:25)
at pageClass.DashBoardPage.<init>(DashBoardPage.java:52)
at pageClass.TankAssetsPage.<init>(TankAssetsPage.java:32)
at pageClass.commonLocatorsRepo.<init>(commonLocatorsRepo.java:25)
at pageClass.DashBoardPage.<init>(DashBoardPage.java:52)
at pageClass.TankAssetsPage.<init>(TankAssetsPage.java:32)
at pageClass.commonLocatorsRepo.<init>(commonLocatorsRepo.java:25)
at pageClass.DashBoardPage.<init>(DashBoardPage.java:52)
at pageClass.TankAssetsPage.<init>(TankAssetsPage.java:32)
at pageClass.commonLocatorsRepo.<init>(commonLocatorsRepo.java:25)
at pageClass.DashBoardPage.<init>(DashBoardPage.java:52)
at pageClass.TankAssetsPage.<init>(TankAssetsPage.java:32)
at pageClass.commonLocatorsRepo.<init>(commonLocatorsRepo.java:25)
at pageClass.DashBoardPage.<init>(DashBoardPage.java:52)
at pageClass.TankAssetsPage.<init>(TankAssetsPage.java:32)
at pageClass.commonLocatorsRepo.<init>(commonLocatorsRepo.java:25)
at pageClass.DashBoardPage.<init>(DashBoardPage.java:52)
at pageClass.TankAssetsPage.<init>(TankAssetsPage.java:32)
at pageClass.commonLocatorsRepo.<init>(commonLocatorsRepo.java:25)
at pageClass.DashBoardPage.<init>(DashBoardPage.java:52)
at pageClass.TankAssetsPage.<init>(TankAssetsPage.java:32)
at pageClass.commonLocatorsRepo.<init>(commonLocatorsRepo.java:25)
at pageClass.DashBoardPage.<init>(DashBoardPage.java:52)
at pageClass.TankAssetsPage.<init>(TankAssetsPage.java:32)
at pageClass.commonLocatorsRepo.<init>(commonLocatorsRepo.java:25)
at pageClass.DashBoardPage.<init>(DashBoardPage.java:52)
at pageClass.TankAssetsPage.<init>(TankAssetsPage.java:32)
at pageClass.commonLocatorsRepo.<init>(commonLocatorsRepo.java:25)
at pageClass.DashBoardPage.<init>(DashBoardPage.java:52)
at pageClass.TankAssetsPage.<init>(TankAssetsPage.java:32)
at pageClass.commonLocatorsRepo.<init>(commonLocatorsRepo.java:25)
at pageClass.DashBoardPage.<init>(DashBoardPage.java:52)
at pageClass.TankAssetsPage.<init>(TankAssetsPage.java:32)
at pageClass.commonLocatorsRepo.<init>(commonLocatorsRepo.java:25)
at pageClass.DashBoardPage.<init>(DashBoardPage.java:52)
at pageClass.TankAssetsPage.<init>(TankAssetsPage.java:32)
at pageClass.commonLocatorsRepo.<init>(commonLocatorsRepo.java:25)
at pageClass.DashBoardPage.<init>(DashBoardPage.java:52)
at pageClass.TankAssetsPage.<init>(TankAssetsPage.java:32)
at pageClass.commonLocatorsRepo.<init>(commonLocatorsRepo.java:25)
at pageClass.DashBoardPage.<init>(DashBoardPage.java:52)
at pageClass.TankAssetsPage.<init>(TankAssetsPage.java:32)
at pageClass.commonLocatorsRepo.<init>(commonLocatorsRepo.java:25)
at pageClass.DashBoardPage.<init>(DashBoardPage.java:52)
at pageClass.TankAssetsPage.<init>(TankAssetsPage.java:32)
at pageClass.commonLocatorsRepo.<init>(commonLocatorsRepo.java:25)
at pageClass.DashBoardPage.<init>(DashBoardPage.java:52)
at pageClass.TankAssetsPage.<init>(TankAssetsPage.java:32)
at pageClass.commonLocatorsRepo.<init>(commonLocatorsRepo.java:25)
at pageClass.DashBoardPage.<init>(DashBoardPage.java:52)
at pageClass.TankAssetsPage.<init>(TankAssetsPage.java:32)
at pageClass.commonLocatorsRepo.<init>(commonLocatorsRepo.java:25)
at pageClass.DashBoardPage.<init>(DashBoardPage.java:52)
at pageClass.TankAssetsPage.<init>(TankAssetsPage.java:32)
at pageClass.commonLocatorsRepo.<init>(commonLocatorsRepo.java:25)
at pageClass.DashBoardPage.<init>(DashBoardPage.java:52)
at pageClass.TankAssetsPage.<init>(TankAssetsPage.java:32)
]]>
            </full-stacktrace>
          </exception> <!-- java.lang.StackOverflowError -->
          <reporter-output>
          </reporter-output>
        </test-method> <!-- validLoginTest -->
        <test-method is-config="true" signature="flush()[pri:0, instance:testPackage.LoginTest@6c1a5b54]" started-at="2024-03-21T18:04:34 IST" name="flush" finished-at="2024-03-21T18:04:35 IST" duration-ms="494" status="PASS">
          <reporter-output>
          </reporter-output>
        </test-method> <!-- flush -->
        <test-method is-config="true" signature="closeBrowser()[pri:0, instance:testPackage.LoginTest@6c1a5b54]" started-at="2024-03-21T18:04:35 IST" name="closeBrowser" finished-at="2024-03-21T18:04:35 IST" duration-ms="206" status="PASS">
          <reporter-output>
          </reporter-output>
        </test-method> <!-- closeBrowser -->
      </class> <!-- testPackage.LoginTest -->
    </test> <!-- OilPilot -->
  </suite> <!-- Suite -->
</testng-results>
