<?xml version="1.0" encoding="UTF-8"?>
<testng-results ignored="0" total="1" passed="1" failed="0" skipped="0">
  <reporter-output>
  </reporter-output>
  <suite started-at="2024-02-08T11:22:59 IST" name="Suite" finished-at="2024-02-08T11:23:22 IST" duration-ms="23407">
    <groups>
    </groups>
    <test started-at="2024-02-08T11:22:59 IST" name="Oilman" finished-at="2024-02-08T11:23:22 IST" duration-ms="23407">
      <class name="testPackage.LoginTest">
        <test-method is-config="true" signature="prerequisite()[pri:0, instance:testPackage.LoginTest@59505b48]" started-at="2024-02-08T11:22:29 IST" name="prerequisite" finished-at="2024-02-08T11:22:59 IST" duration-ms="29765" status="PASS">
          <reporter-output>
          </reporter-output>
        </test-method> <!-- prerequisite -->
        <test-method is-config="true" signature="initializeExtentReport()[pri:0, instance:testPackage.LoginTest@59505b48]" started-at="2024-02-08T11:22:59 IST" name="initializeExtentReport" finished-at="2024-02-08T11:22:59 IST" duration-ms="391" status="PASS">
          <reporter-output>
          </reporter-output>
        </test-method> <!-- initializeExtentReport -->
        <test-method is-config="true" signature="assignObjectForClass()[pri:0, instance:testPackage.LoginTest@59505b48]" started-at="2024-02-08T11:22:59 IST" name="assignObjectForClass" finished-at="2024-02-08T11:23:00 IST" duration-ms="47" status="PASS">
          <reporter-output>
          </reporter-output>
        </test-method> <!-- assignObjectForClass -->
        <test-method signature="validLoginTest(java.lang.String,java.lang.String)[pri:0, instance:testPackage.LoginTest@59505b48]" started-at="2024-02-08T11:23:00 IST" name="validLoginTest" description="Test Valid Login" data-provider="LoginTestData" finished-at="2024-02-08T11:23:21 IST" duration-ms="21927" status="PASS">
          <params>
            <param index="0">
              <value>
                <![CDATA[jay.soni+manager@openxcell.com]]>
              </value>
            </param>
            <param index="1">
              <value>
                <![CDATA[QA@12345]]>
              </value>
            </param>
          </params>
          <reporter-output>
          </reporter-output>
        </test-method> <!-- validLoginTest -->
        <test-method is-config="true" signature="flush()[pri:0, instance:testPackage.LoginTest@59505b48]" started-at="2024-02-08T11:23:21 IST" name="flush" finished-at="2024-02-08T11:23:22 IST" duration-ms="992" status="PASS">
          <reporter-output>
          </reporter-output>
        </test-method> <!-- flush -->
        <test-method is-config="true" signature="closeBrowser()[pri:0, instance:testPackage.LoginTest@59505b48]" started-at="2024-02-08T11:23:23 IST" name="closeBrowser" finished-at="2024-02-08T11:23:23 IST" duration-ms="245" status="PASS">
          <reporter-output>
          </reporter-output>
        </test-method> <!-- closeBrowser -->
      </class> <!-- testPackage.LoginTest -->
    </test> <!-- Oilman -->
  </suite> <!-- Suite -->
</testng-results>
