<?xml version="1.0" encoding="UTF-8"?>
<testng-results ignored="3" total="8" passed="5" failed="0" skipped="0">
  <reporter-output>
  </reporter-output>
  <suite started-at="2024-02-21T18:18:23 IST" name="Suite" finished-at="2024-02-21T18:20:40 IST" duration-ms="137054">
    <groups>
    </groups>
    <test started-at="2024-02-21T18:18:23 IST" name="Oilman" finished-at="2024-02-21T18:20:40 IST" duration-ms="137054">
      <class name="testPackage.FieldAssetsTest">
        <test-method is-config="true" signature="assignObjectForClass()[pri:0, instance:testPackage.FieldAssetsTest@1ffaf86]" started-at="2024-02-21T18:18:47 IST" name="assignObjectForClass" finished-at="2024-02-21T18:18:47 IST" duration-ms="11" status="PASS">
          <reporter-output>
          </reporter-output>
        </test-method> <!-- assignObjectForClass -->
        <test-method is-config="true" signature="seperateCase()[pri:0, instance:testPackage.FieldAssetsTest@1ffaf86]" started-at="2024-02-21T18:18:47 IST" name="seperateCase" finished-at="2024-02-21T18:18:47 IST" duration-ms="1" status="PASS">
          <reporter-output>
          </reporter-output>
        </test-method> <!-- seperateCase -->
        <test-method signature="createField()[pri:0, instance:testPackage.FieldAssetsTest@1ffaf86]" started-at="2024-02-21T18:18:47 IST" name="createField" description="Test create Field assets." finished-at="2024-02-21T18:20:01 IST" duration-ms="73114" status="PASS">
          <reporter-output>
          </reporter-output>
        </test-method> <!-- createField -->
        <test-method is-config="true" signature="seperateCase()[pri:0, instance:testPackage.FieldAssetsTest@1ffaf86]" started-at="2024-02-21T18:20:01 IST" name="seperateCase" finished-at="2024-02-21T18:20:01 IST" duration-ms="3" status="PASS">
          <reporter-output>
          </reporter-output>
        </test-method> <!-- seperateCase -->
        <test-method signature="searchFleld()[pri:1, instance:testPackage.FieldAssetsTest@1ffaf86]" started-at="2024-02-21T18:20:01 IST" name="searchFleld" description="Test Search Field." finished-at="2024-02-21T18:20:05 IST" duration-ms="4109" status="PASS">
          <reporter-output>
          </reporter-output>
        </test-method> <!-- searchFleld -->
        <test-method is-config="true" signature="seperateCase()[pri:0, instance:testPackage.FieldAssetsTest@1ffaf86]" started-at="2024-02-21T18:20:05 IST" name="seperateCase" finished-at="2024-02-21T18:20:05 IST" duration-ms="1" status="PASS">
          <reporter-output>
          </reporter-output>
        </test-method> <!-- seperateCase -->
        <test-method signature="editField()[pri:2, instance:testPackage.FieldAssetsTest@1ffaf86]" started-at="2024-02-21T18:20:05 IST" name="editField" description="Test edit Field assets." finished-at="2024-02-21T18:20:15 IST" duration-ms="10069" status="PASS">
          <reporter-output>
          </reporter-output>
        </test-method> <!-- editField -->
        <test-method is-config="true" signature="seperateCase()[pri:0, instance:testPackage.FieldAssetsTest@1ffaf86]" started-at="2024-02-21T18:20:15 IST" name="seperateCase" finished-at="2024-02-21T18:20:15 IST" duration-ms="1" status="PASS">
          <reporter-output>
          </reporter-output>
        </test-method> <!-- seperateCase -->
        <test-method signature="deleteField()[pri:3, instance:testPackage.FieldAssetsTest@1ffaf86]" started-at="2024-02-21T18:20:15 IST" name="deleteField" description="Test Delete Field assets." finished-at="2024-02-21T18:20:39 IST" duration-ms="24198" status="PASS">
          <reporter-output>
          </reporter-output>
        </test-method> <!-- deleteField -->
      </class> <!-- testPackage.FieldAssetsTest -->
      <class name="testPackage.LoginTest">
        <test-method is-config="true" signature="prerequisite()[pri:0, instance:testPackage.LoginTest@791f145a]" started-at="2024-02-21T18:18:12 IST" name="prerequisite" finished-at="2024-02-21T18:18:23 IST" duration-ms="10209" status="PASS">
          <reporter-output>
          </reporter-output>
        </test-method> <!-- prerequisite -->
        <test-method is-config="true" signature="initializeExtentReport()[pri:0, instance:testPackage.LoginTest@791f145a]" started-at="2024-02-21T18:18:23 IST" name="initializeExtentReport" finished-at="2024-02-21T18:18:23 IST" duration-ms="404" status="PASS">
          <reporter-output>
          </reporter-output>
        </test-method> <!-- initializeExtentReport -->
        <test-method is-config="true" signature="assignObjectForClass()[pri:0, instance:testPackage.LoginTest@791f145a]" started-at="2024-02-21T18:18:23 IST" name="assignObjectForClass" finished-at="2024-02-21T18:18:23 IST" duration-ms="196" status="PASS">
          <reporter-output>
          </reporter-output>
        </test-method> <!-- assignObjectForClass -->
        <test-method is-config="true" signature="seperateCase()[pri:0, instance:testPackage.LoginTest@791f145a]" started-at="2024-02-21T18:18:23 IST" name="seperateCase" finished-at="2024-02-21T18:18:23 IST" duration-ms="6" status="PASS">
          <reporter-output>
          </reporter-output>
        </test-method> <!-- seperateCase -->
        <test-method signature="validLoginTest(java.lang.String,java.lang.String)[pri:0, instance:testPackage.LoginTest@791f145a]" started-at="2024-02-21T18:18:23 IST" name="validLoginTest" description="Test Valid Login" data-provider="LoginTestData" finished-at="2024-02-21T18:18:47 IST" duration-ms="24168" status="PASS">
          <params>
            <param index="0">
              <value>
                <![CDATA[jay.soni+manager@openxcell.com]]>
              </value>
            </param>
            <param index="1">
              <value>
                <![CDATA[QA@12345]]>
              </value>
            </param>
          </params>
          <reporter-output>
          </reporter-output>
        </test-method> <!-- validLoginTest -->
        <test-method is-config="true" signature="flush()[pri:0, instance:testPackage.LoginTest@791f145a]" started-at="2024-02-21T18:20:39 IST" name="flush" finished-at="2024-02-21T18:20:40 IST" duration-ms="685" status="PASS">
          <reporter-output>
          </reporter-output>
        </test-method> <!-- flush -->
      </class> <!-- testPackage.LoginTest -->
    </test> <!-- Oilman -->
  </suite> <!-- Suite -->
</testng-results>
