<?xml version="1.0" encoding="UTF-8"?>
<testng-results ignored="2" total="2" passed="0" failed="0" skipped="0">
  <reporter-output>
  </reporter-output>
  <suite started-at="2024-03-18T17:49:25 IST" name="Default suite" finished-at="2024-03-18T17:49:26 IST" duration-ms="919">
    <groups>
    </groups>
    <test started-at="2024-03-18T17:49:25 IST" name="Default test" finished-at="2024-03-18T17:49:26 IST" duration-ms="919">
      <class name="testPackage.SubLeaseAssetsTest">
        <test-method is-config="true" signature="prerequisite()[pri:0, instance:testPackage.SubLeaseAssetsTest@6fdbe764]" started-at="2024-03-18T17:49:12 IST" name="prerequisite" finished-at="2024-03-18T17:49:25 IST" duration-ms="13449" status="PASS">
          <reporter-output>
          </reporter-output>
        </test-method> <!-- prerequisite -->
        <test-method is-config="true" signature="initializeExtentReport()[pri:0, instance:testPackage.SubLeaseAssetsTest@6fdbe764]" started-at="2024-03-18T17:49:25 IST" name="initializeExtentReport" finished-at="2024-03-18T17:49:25 IST" duration-ms="432" status="PASS">
          <reporter-output>
          </reporter-output>
        </test-method> <!-- initializeExtentReport -->
        <test-method is-config="true" signature="flush()[pri:0, instance:testPackage.SubLeaseAssetsTest@6fdbe764]" started-at="2024-03-18T17:49:25 IST" name="flush" finished-at="2024-03-18T17:49:26 IST" duration-ms="476" status="PASS">
          <reporter-output>
          </reporter-output>
        </test-method> <!-- flush -->
      </class> <!-- testPackage.SubLeaseAssetsTest -->
    </test> <!-- Default test -->
  </suite> <!-- Default suite -->
</testng-results>
