<?xml version="1.0" encoding="UTF-8"?>
<testng-results ignored="6" total="12" passed="6" failed="0" skipped="0">
  <reporter-output>
  </reporter-output>
  <suite started-at="2024-02-16T17:42:14 IST" name="Suite" finished-at="2024-02-16T17:43:27 IST" duration-ms="72938">
    <groups>
    </groups>
    <test started-at="2024-02-16T17:42:14 IST" name="Oilman" finished-at="2024-02-16T17:43:27 IST" duration-ms="72938">
      <class name="testPackage.FieldAssetsTest">
        <test-method is-config="true" signature="assignObjectForClass()[pri:0, instance:testPackage.FieldAssetsTest@7d0b7e3c]" started-at="2024-02-16T17:43:18 IST" name="assignObjectForClass" finished-at="2024-02-16T17:43:18 IST" duration-ms="8" status="PASS">
          <reporter-output>
          </reporter-output>
        </test-method> <!-- assignObjectForClass -->
        <test-method is-config="true" signature="seperateCase()[pri:0, instance:testPackage.FieldAssetsTest@7d0b7e3c]" started-at="2024-02-16T17:43:18 IST" name="seperateCase" finished-at="2024-02-16T17:43:18 IST" duration-ms="1" status="PASS">
          <reporter-output>
          </reporter-output>
        </test-method> <!-- seperateCase -->
        <test-method signature="createField()[pri:0, instance:testPackage.FieldAssetsTest@7d0b7e3c]" started-at="2024-02-16T17:43:18 IST" name="createField" finished-at="2024-02-16T17:43:27 IST" duration-ms="8667" status="PASS">
          <reporter-output>
          </reporter-output>
        </test-method> <!-- createField -->
      </class> <!-- testPackage.FieldAssetsTest -->
      <class name="testPackage.CompanyAssetsTest">
        <test-method is-config="true" signature="assignObjectForClass()[pri:0, instance:testPackage.CompanyAssetsTest@6e6f2380]" started-at="2024-02-16T17:42:37 IST" name="assignObjectForClass" finished-at="2024-02-16T17:42:37 IST" duration-ms="8" status="PASS">
          <reporter-output>
          </reporter-output>
        </test-method> <!-- assignObjectForClass -->
        <test-method is-config="true" signature="seperateCase()[pri:0, instance:testPackage.CompanyAssetsTest@6e6f2380]" started-at="2024-02-16T17:42:37 IST" name="seperateCase" finished-at="2024-02-16T17:42:37 IST" duration-ms="2" status="PASS">
          <reporter-output>
          </reporter-output>
        </test-method> <!-- seperateCase -->
        <test-method signature="createCompany()[pri:0, instance:testPackage.CompanyAssetsTest@6e6f2380]" started-at="2024-02-16T17:42:37 IST" name="createCompany" description="Test create Company assets." finished-at="2024-02-16T17:42:45 IST" duration-ms="8260" status="PASS">
          <reporter-output>
          </reporter-output>
        </test-method> <!-- createCompany -->
        <test-method is-config="true" signature="seperateCase()[pri:0, instance:testPackage.CompanyAssetsTest@6e6f2380]" started-at="2024-02-16T17:42:45 IST" name="seperateCase" finished-at="2024-02-16T17:42:45 IST" duration-ms="2" status="PASS">
          <reporter-output>
          </reporter-output>
        </test-method> <!-- seperateCase -->
        <test-method signature="searchCompany()[pri:1, instance:testPackage.CompanyAssetsTest@6e6f2380]" started-at="2024-02-16T17:42:45 IST" name="searchCompany" description="Test Search company." finished-at="2024-02-16T17:42:48 IST" duration-ms="3192" status="PASS">
          <reporter-output>
          </reporter-output>
        </test-method> <!-- searchCompany -->
        <test-method is-config="true" signature="seperateCase()[pri:0, instance:testPackage.CompanyAssetsTest@6e6f2380]" started-at="2024-02-16T17:42:48 IST" name="seperateCase" finished-at="2024-02-16T17:42:48 IST" duration-ms="1" status="PASS">
          <reporter-output>
          </reporter-output>
        </test-method> <!-- seperateCase -->
        <test-method signature="editCompany()[pri:2, instance:testPackage.CompanyAssetsTest@6e6f2380]" started-at="2024-02-16T17:42:48 IST" name="editCompany" description="Test Edit Company assets." finished-at="2024-02-16T17:42:57 IST" duration-ms="8679" status="PASS">
          <reporter-output>
          </reporter-output>
        </test-method> <!-- editCompany -->
        <test-method is-config="true" signature="seperateCase()[pri:0, instance:testPackage.CompanyAssetsTest@6e6f2380]" started-at="2024-02-16T17:42:57 IST" name="seperateCase" finished-at="2024-02-16T17:42:57 IST" duration-ms="1" status="PASS">
          <reporter-output>
          </reporter-output>
        </test-method> <!-- seperateCase -->
        <test-method signature="deleteCompany()[pri:3, instance:testPackage.CompanyAssetsTest@6e6f2380]" started-at="2024-02-16T17:42:57 IST" name="deleteCompany" description="Test Delete Company assets." finished-at="2024-02-16T17:43:18 IST" duration-ms="21156" status="PASS">
          <reporter-output>
          </reporter-output>
        </test-method> <!-- deleteCompany -->
      </class> <!-- testPackage.CompanyAssetsTest -->
      <class name="testPackage.LoginTest">
        <test-method is-config="true" signature="prerequisite()[pri:0, instance:testPackage.LoginTest@26d9b808]" started-at="2024-02-16T17:42:01 IST" name="prerequisite" finished-at="2024-02-16T17:42:14 IST" duration-ms="13150" status="PASS">
          <reporter-output>
          </reporter-output>
        </test-method> <!-- prerequisite -->
        <test-method is-config="true" signature="initializeExtentReport()[pri:0, instance:testPackage.LoginTest@26d9b808]" started-at="2024-02-16T17:42:14 IST" name="initializeExtentReport" finished-at="2024-02-16T17:42:15 IST" duration-ms="430" status="PASS">
          <reporter-output>
          </reporter-output>
        </test-method> <!-- initializeExtentReport -->
        <test-method is-config="true" signature="assignObjectForClass()[pri:0, instance:testPackage.LoginTest@26d9b808]" started-at="2024-02-16T17:42:15 IST" name="assignObjectForClass" finished-at="2024-02-16T17:42:15 IST" duration-ms="81" status="PASS">
          <reporter-output>
          </reporter-output>
        </test-method> <!-- assignObjectForClass -->
        <test-method is-config="true" signature="seperateCase()[pri:0, instance:testPackage.LoginTest@26d9b808]" started-at="2024-02-16T17:42:15 IST" name="seperateCase" finished-at="2024-02-16T17:42:15 IST" duration-ms="1" status="PASS">
          <reporter-output>
          </reporter-output>
        </test-method> <!-- seperateCase -->
        <test-method signature="validLoginTest(java.lang.String,java.lang.String)[pri:0, instance:testPackage.LoginTest@26d9b808]" started-at="2024-02-16T17:42:15 IST" name="validLoginTest" description="Test Valid Login" data-provider="LoginTestData" finished-at="2024-02-16T17:42:37 IST" duration-ms="21854" status="PASS">
          <params>
            <param index="0">
              <value>
                <![CDATA[jay.soni+manager@openxcell.com]]>
              </value>
            </param>
            <param index="1">
              <value>
                <![CDATA[QA@12345]]>
              </value>
            </param>
          </params>
          <reporter-output>
          </reporter-output>
        </test-method> <!-- validLoginTest -->
        <test-method is-config="true" signature="flush()[pri:0, instance:testPackage.LoginTest@26d9b808]" started-at="2024-02-16T17:43:27 IST" name="flush" finished-at="2024-02-16T17:43:27 IST" duration-ms="507" status="PASS">
          <reporter-output>
          </reporter-output>
        </test-method> <!-- flush -->
      </class> <!-- testPackage.LoginTest -->
    </test> <!-- Oilman -->
  </suite> <!-- Suite -->
</testng-results>
